====== DiT-XL/2 + S3A (DINOv2 + EMA-self) ======
Torchrun         : /home/liuchunfa/anaconda3/envs/DiT/bin/torchrun
Python           : /home/liuchunfa/anaconda3/envs/DiT/bin/python
GPUs             : 0,1,2,3  (nproc=4)
Global seed      : 0
Results dir      : /data/liuchunfa/2026qjx/s3a_runs/dit_xl_s3a_dinov2_400k_bz128_20260416
Launch log       : /data/liuchunfa/2026qjx/s3a_runs/dit_xl_s3a_dinov2_400k_bz128_20260416/launch_s3a_20260416_193118.log
Max steps        : 400000
Global batch     : 128
Ckpt every       : 20000 steps
Log every        : 500 steps
Disk budget      : 4000 GiB
Est ckpt size    : 10.06 GiB
Est #checkpoints : 20
Est total ckpt   : 201.20 GiB
S3A lambda       : 0.5
S3A layer indices: auto
Train schedule   : piecewise_cosine (steps=300000)
Diff schedule    : cosine
DINO alpha floor : 0.1 (steps=25000)
DINO alpha min   : 0.05
Router KL lambda : 0.1
Unsafe min alpha0: 0
Unsafe zero warmup: 0
Probe every      : 10
Utility estimator: policy_loo
Reopen probe αfl : 0.05
Gate patience    : off=500, reopen=200
Gate utility     : off=0.002, on=0.005
Gate EMA mom     : 0.9
Collapse         : alpha<0.05, self>0.90, u>0.0, margin=0.01, windows=3
Mitigation       : auto=1, hold=3, cooldown=6
Train EMA adapter: 0
Adapter hidden dim: 2048
DINOv2 repo      : /data/liuchunfa/2026qjx/assets/dinov2
DINOv2 weight    : /data/liuchunfa/2026qjx/assets/dinov2_weights/dinov2_vitb14_pretrain.pth
DINOv2 variant   : vitb14
VAE              : /home/liuchunfa/.cache/modelscope/hub/models/facebook/DiT-XL-2-256/vae
Allow legacy args: 0
==================================================
W0416 19:31:31.848000 702588 site-packages/torch/distributed/run.py:793] 
W0416 19:31:31.848000 702588 site-packages/torch/distributed/run.py:793] *****************************************
W0416 19:31:31.848000 702588 site-packages/torch/distributed/run.py:793] Setting OMP_NUM_THREADS environment variable for each process to be 1 in default, to avoid your system being overloaded, please further tune the variable for optimal performance in your application as needed. 
W0416 19:31:31.848000 702588 site-packages/torch/distributed/run.py:793] *****************************************
Starting rank=0, seed=0, world_size=4.
[[34m2026-04-16 19:31:37[0m] Experiment directory created at /data/liuchunfa/2026qjx/s3a_runs/dit_xl_s3a_dinov2_400k_bz128_20260416/DiT-XL-2-seed0-20260416-193137-945ecf-s3a-dinov2-lam0.5-trainpiecewise_cosine-diffcosine
Starting rank=2, seed=2, world_size=4.
Starting rank=1, seed=1, world_size=4.
Starting rank=3, seed=3, world_size=4.
[[34m2026-04-16 19:31:48[0m] Loading VAE from local directory: /home/liuchunfa/.cache/modelscope/hub/models/facebook/DiT-XL-2-256/vae
An error occurred while trying to fetch /home/liuchunfa/.cache/modelscope/hub/models/facebook/DiT-XL-2-256/vae: Error no file named diffusion_pytorch_model.safetensors found in directory /home/liuchunfa/.cache/modelscope/hub/models/facebook/DiT-XL-2-256/vae.
Defaulting to unsafe serialization. Pass `allow_pickle=False` to raise an error instead.
/data/liuchunfa/2026qjx/assets/dinov2/dinov2/layers/swiglu_ffn.py:51: UserWarning: xFormers is not available (SwiGLU)
  warnings.warn("xFormers is not available (SwiGLU)")
/data/liuchunfa/2026qjx/assets/dinov2/dinov2/layers/attention.py:33: UserWarning: xFormers is not available (Attention)
  warnings.warn("xFormers is not available (Attention)")
/data/liuchunfa/2026qjx/assets/dinov2/dinov2/layers/block.py:40: UserWarning: xFormers is not available (Block)
  warnings.warn("xFormers is not available (Block)")
[[34m2026-04-16 19:31:48[0m] DiT model      : DiT-XL/2
DiT parameters : 675,129,632
Diffusion T    : 1000
[[34m2026-04-16 19:31:48[0m] Training will stop at max_steps = 400000
[[34m2026-04-16 19:31:48[0m] Initializing S3A alignment with DINOv2 vitb14 teacher
  train_schedule      : piecewise_cosine (decay over 300000 steps)
  diff_schedule       : cosine
  s3a_lambda          : 0.5
  use_ema_source      : True
  selective_gate      : True
  DINOv2 variant      : vitb14
  DINOv2 repo         : /data/liuchunfa/2026qjx/assets/dinov2
  DINOv2 weight       : /data/liuchunfa/2026qjx/assets/dinov2_weights/dinov2_vitb14_pretrain.pth
/data/liuchunfa/2026qjx/assets/dinov2/dinov2/layers/swiglu_ffn.py:51: UserWarning: xFormers is not available (SwiGLU)
  warnings.warn("xFormers is not available (SwiGLU)")
/data/liuchunfa/2026qjx/assets/dinov2/dinov2/layers/attention.py:33: UserWarning: xFormers is not available (Attention)
  warnings.warn("xFormers is not available (Attention)")
/data/liuchunfa/2026qjx/assets/dinov2/dinov2/layers/block.py:40: UserWarning: xFormers is not available (Block)
  warnings.warn("xFormers is not available (Block)")
[[34m2026-04-16 19:31:48[0m] using MLP layer as FFN
/data/liuchunfa/2026qjx/assets/dinov2/dinov2/layers/swiglu_ffn.py:51: UserWarning: xFormers is not available (SwiGLU)
  warnings.warn("xFormers is not available (SwiGLU)")
/data/liuchunfa/2026qjx/assets/dinov2/dinov2/layers/attention.py:33: UserWarning: xFormers is not available (Attention)
  warnings.warn("xFormers is not available (Attention)")
/data/liuchunfa/2026qjx/assets/dinov2/dinov2/layers/block.py:40: UserWarning: xFormers is not available (Block)
  warnings.warn("xFormers is not available (Block)")
/home/liuchunfa/2026qjx/2026test/train_s3a_multisource_dinov2.py:562: FutureWarning: You are using `torch.load` with `weights_only=False` (the current default value), which uses the default pickle module implicitly. It is possible to construct malicious pickle data which will execute arbitrary code during unpickling (See https://github.com/pytorch/pytorch/blob/main/SECURITY.md#untrusted-models for more details). In a future release, the default value for `weights_only` will be flipped to `True`. This limits the functions that could be executed during unpickling. Arbitrary objects will no longer be allowed to be loaded via this mode unless they are explicitly allowlisted by the user via `torch.serialization.add_safe_globals`. We recommend you start setting `weights_only=True` for any use case where you don't have full control of the loaded file. Please open an issue on GitHub for any issues related to this experimental feature.
  raw_state = torch.load(weight_path, map_location="cpu")
/home/liuchunfa/2026qjx/2026test/train_s3a_multisource_dinov2.py:562: FutureWarning: You are using `torch.load` with `weights_only=False` (the current default value), which uses the default pickle module implicitly. It is possible to construct malicious pickle data which will execute arbitrary code during unpickling (See https://github.com/pytorch/pytorch/blob/main/SECURITY.md#untrusted-models for more details). In a future release, the default value for `weights_only` will be flipped to `True`. This limits the functions that could be executed during unpickling. Arbitrary objects will no longer be allowed to be loaded via this mode unless they are explicitly allowlisted by the user via `torch.serialization.add_safe_globals`. We recommend you start setting `weights_only=True` for any use case where you don't have full control of the loaded file. Please open an issue on GitHub for any issues related to this experimental feature.
  raw_state = torch.load(weight_path, map_location="cpu")
/home/liuchunfa/2026qjx/2026test/train_s3a_multisource_dinov2.py:562: FutureWarning: You are using `torch.load` with `weights_only=False` (the current default value), which uses the default pickle module implicitly. It is possible to construct malicious pickle data which will execute arbitrary code during unpickling (See https://github.com/pytorch/pytorch/blob/main/SECURITY.md#untrusted-models for more details). In a future release, the default value for `weights_only` will be flipped to `True`. This limits the functions that could be executed during unpickling. Arbitrary objects will no longer be allowed to be loaded via this mode unless they are explicitly allowlisted by the user via `torch.serialization.add_safe_globals`. We recommend you start setting `weights_only=True` for any use case where you don't have full control of the loaded file. Please open an issue on GitHub for any issues related to this experimental feature.
  raw_state = torch.load(weight_path, map_location="cpu")
/data/liuchunfa/2026qjx/assets/dinov2/dinov2/layers/swiglu_ffn.py:51: UserWarning: xFormers is not available (SwiGLU)
  warnings.warn("xFormers is not available (SwiGLU)")
/data/liuchunfa/2026qjx/assets/dinov2/dinov2/layers/attention.py:33: UserWarning: xFormers is not available (Attention)
  warnings.warn("xFormers is not available (Attention)")
/data/liuchunfa/2026qjx/assets/dinov2/dinov2/layers/block.py:40: UserWarning: xFormers is not available (Block)
  warnings.warn("xFormers is not available (Block)")
[[34m2026-04-16 19:31:50[0m] S3A setup:
  DiT hidden_dim      : 1152
  DINO variant        : vitb14
  DINO dim            : 768
  DINO num_tokens     : 256
  adapter hidden_dim  : 2048
  layer indices       : [6, 13, 20, 27]
  layer weights       : [0.9677, 1.4194, 1.0323, 0.5806]
  trainable ema-adpt  : False
  S3A params          : 63,583,746
/home/liuchunfa/2026qjx/2026test/train_s3a_multisource_dinov2.py:562: FutureWarning: You are using `torch.load` with `weights_only=False` (the current default value), which uses the default pickle module implicitly. It is possible to construct malicious pickle data which will execute arbitrary code during unpickling (See https://github.com/pytorch/pytorch/blob/main/SECURITY.md#untrusted-models for more details). In a future release, the default value for `weights_only` will be flipped to `True`. This limits the functions that could be executed during unpickling. Arbitrary objects will no longer be allowed to be loaded via this mode unless they are explicitly allowlisted by the user via `torch.serialization.add_safe_globals`. We recommend you start setting `weights_only=True` for any use case where you don't have full control of the loaded file. Please open an issue on GitHub for any issues related to this experimental feature.
  raw_state = torch.load(weight_path, map_location="cpu")
[[34m2026-04-16 19:31:55[0m] Dataset: 1,281,167 images  |  path: /data/liuchunfa/2026qjx/ILSVRC/Data/CLS-LOC/train
[[34m2026-04-16 19:31:55[0m] Training config:
  epochs             : 1400
  max_steps          : 400000
  global_batch       : 128
  global_seed        : 0
  allow_missing_manifest : False
  lr                 : 0.0001
  weight_decay       : 0.0
  log_every          : 500
  ckpt_every         : 20000
[[34m2026-04-16 19:31:55[0m] S3A trainable params: 32,006,658  |  S3A frozen params: 31,577,088
[[34m2026-04-16 19:31:55[0m] Metrics JSONL      : /data/liuchunfa/2026qjx/s3a_runs/dit_xl_s3a_dinov2_400k_bz128_20260416/DiT-XL-2-seed0-20260416-193137-945ecf-s3a-dinov2-lam0.5-trainpiecewise_cosine-diffcosine/metrics.jsonl
[[34m2026-04-16 19:31:55[0m] S3A config:
  checkpoint format   : 5
  metrics schema      : 5
  phase schedule     : piecewise_cosine over 300000 (warmup=100000)
  diff schedule      : cosine
  layer indices      : [6, 13, 20, 27]
  layer mode         : mid_focus
  self warmup steps  : 25000
  dino alpha floor   : 0.1
  floor steps        : 25000
  gate utility thr   : off=0.002, on=0.005
  gate patience(step): off=500, reopen=200
  gate patience(win) : off=50, reopen=20, ema=0.9
  collapse thresholds: alpha<0.05, self>0.9, u_dino>0.0, margin=0.01, windows=3
  collapse mitigation: enabled=True, hold_windows=3, cooldown_windows=6
  probe every        : 10
  utility estimator  : policy_loo
  off-probe alpha fl : 0.05
  source0 min alpha  : 0.05
  router KL lambda   : 0.1
  unsafe source0 min : False
  loss weights       : feat=1.0, attn=0.5, spatial=0.5
[[34m2026-04-16 19:31:55[0m] --s3a-source-gate-threshold is deprecated and ignored; utility-driven gate uses --s3a-gate-utility-* thresholds.
[[34m2026-04-16 19:31:55[0m] Resolved args saved at /data/liuchunfa/2026qjx/s3a_runs/dit_xl_s3a_dinov2_400k_bz128_20260416/DiT-XL-2-seed0-20260416-193137-945ecf-s3a-dinov2-lam0.5-trainpiecewise_cosine-diffcosine/resolved_args.json
[[34m2026-04-16 19:31:55[0m] Beginning epoch 0 ...
/home/liuchunfa/anaconda3/envs/DiT/lib/python3.12/site-packages/torch/autograd/graph.py:825: UserWarning: Grad strides do not match bucket view strides. This may indicate grad was not created according to the gradient layout contract, or that the param's strides changed since DDP was constructed.  This is not an error, but may impair performance.
grad.sizes() = [2048, 1, 3, 3], strides() = [9, 1, 3, 1]
bucket_view.sizes() = [2048, 1, 3, 3], strides() = [9, 9, 3, 1] (Triggered internally at ../torch/csrc/distributed/c10d/reducer.cpp:327.)
  return Variable._execution_engine.run_backward(  # Calls into the C++ engine to run the backward pass
/home/liuchunfa/anaconda3/envs/DiT/lib/python3.12/site-packages/torch/autograd/graph.py:825: UserWarning: Grad strides do not match bucket view strides. This may indicate grad was not created according to the gradient layout contract, or that the param's strides changed since DDP was constructed.  This is not an error, but may impair performance.
grad.sizes() = [2048, 1, 3, 3], strides() = [9, 1, 3, 1]
bucket_view.sizes() = [2048, 1, 3, 3], strides() = [9, 9, 3, 1] (Triggered internally at ../torch/csrc/distributed/c10d/reducer.cpp:327.)
  return Variable._execution_engine.run_backward(  # Calls into the C++ engine to run the backward pass
/home/liuchunfa/anaconda3/envs/DiT/lib/python3.12/site-packages/torch/autograd/graph.py:825: UserWarning: Grad strides do not match bucket view strides. This may indicate grad was not created according to the gradient layout contract, or that the param's strides changed since DDP was constructed.  This is not an error, but may impair performance.
grad.sizes() = [2048, 1, 3, 3], strides() = [9, 1, 3, 1]
bucket_view.sizes() = [2048, 1, 3, 3], strides() = [9, 9, 3, 1] (Triggered internally at ../torch/csrc/distributed/c10d/reducer.cpp:327.)
  return Variable._execution_engine.run_backward(  # Calls into the C++ engine to run the backward pass
/home/liuchunfa/anaconda3/envs/DiT/lib/python3.12/site-packages/torch/autograd/graph.py:825: UserWarning: Grad strides do not match bucket view strides. This may indicate grad was not created according to the gradient layout contract, or that the param's strides changed since DDP was constructed.  This is not an error, but may impair performance.
grad.sizes() = [2048, 1, 3, 3], strides() = [9, 1, 3, 1]
bucket_view.sizes() = [2048, 1, 3, 3], strides() = [9, 9, 3, 1] (Triggered internally at ../torch/csrc/distributed/c10d/reducer.cpp:327.)
  return Variable._execution_engine.run_backward(  # Calls into the C++ engine to run the backward pass
[[34m2026-04-16 19:31:58[0m]   [step=1] images shape : torch.Size([32, 3, 256, 256])
[[34m2026-04-16 19:31:58[0m]   [step=1] latent shape : torch.Size([32, 4, 32, 32])
[[34m2026-04-16 19:31:58[0m]   [step=1] t (first 8)  : [164, 230, 943, 474, 490, 70, 621, 741]
[[34m2026-04-16 19:31:58[0m]   [step=1] phase_weight : 1.0000
[[34m2026-04-16 19:31:58[0m]   [step=1] student tap layers: ['13', '20', '27', '6']
[[34m2026-04-16 19:31:58[0m]   [step=1] align stats: feat=1.0014, attn=0.1705, spatial=0.0677, alpha_dino=1.0000, alpha_self=0.0000
[[34m2026-04-16 19:42:08[0m] (step=0000500) Loss=0.9831  Loss_diff=0.2191  Loss_align=1.5280  PhaseW=1.0000  DiffW=1.0000  Feat=0.6998  Attn=0.0676  Spatial=0.0667  a_dino=1.000  a_dino_above_floor=0.902  alpha_dino_min_layer_above_floor=0.902  a_dino_min_above_floor=0.902  a_self=0.000  raw_dino=0.540  raw_self=0.460  H=0.994  rKL=7.7801  rGap=0.920  mask_self=0.000  gate_self_state=0.000  Lfused=0.7669  LfusedProbe=0.7721  Ldino=0.7721  Lself=0.5785  U_dino=0.0000  U_self=0.1622  UselfEMA=0.0000  UselfEMA_on=0.0000  UselfEMA_off=0.0000  ProbeN=800  SelfProbeN=800  dino_starved=0  any_layer_dino_starved=0  any_layer_starved=0  dino_starved_alarm=0  dino_starved_windows=0  dual_alive=0  synergy_margin=-0.1937  synergy=0  alarm=0  mitigate=0  mitigateW=0  eff_λ=0.500000  Steps/s=0.82
[[34m2026-04-16 19:52:23[0m] (step=0001000) Loss=0.9213  Loss_diff=0.1818  Loss_align=1.4791  PhaseW=1.0000  DiffW=1.0000  Feat=0.6504  Attn=0.0651  Spatial=0.0662  a_dino=1.000  a_dino_above_floor=0.904  alpha_dino_min_layer_above_floor=0.904  a_dino_min_above_floor=0.904  a_self=0.000  raw_dino=0.538  raw_self=0.462  H=0.994  rKL=7.8215  rGap=0.924  mask_self=0.000  gate_self_state=0.000  Lfused=0.7161  LfusedProbe=0.7170  Ldino=0.7170  Lself=0.2972  U_dino=0.0000  U_self=0.2520  UselfEMA=0.0000  UselfEMA_on=0.0000  UselfEMA_off=0.0000  ProbeN=800  SelfProbeN=800  dino_starved=0  any_layer_dino_starved=0  any_layer_starved=0  dino_starved_alarm=0  dino_starved_windows=0  dual_alive=0  synergy_margin=-0.4198  synergy=0  alarm=0  mitigate=0  mitigateW=0  eff_λ=0.500000  Steps/s=0.81
[[34m2026-04-16 20:02:40[0m] (step=0001500) Loss=0.9023  Loss_diff=0.1782  Loss_align=1.4483  PhaseW=1.0000  DiffW=1.0000  Feat=0.6226  Attn=0.0638  Spatial=0.0657  a_dino=1.000  a_dino_above_floor=0.906  alpha_dino_min_layer_above_floor=0.906  a_dino_min_above_floor=0.906  a_self=0.000  raw_dino=0.538  raw_self=0.462  H=0.994  rKL=7.8165  rGap=0.923  mask_self=0.000  gate_self_state=0.000  Lfused=0.6874  LfusedProbe=0.6869  Ldino=0.6869  Lself=0.2893  U_dino=0.0000  U_self=0.2443  UselfEMA=0.0000  UselfEMA_on=0.0000  UselfEMA_off=0.0000  ProbeN=800  SelfProbeN=800  dino_starved=0  any_layer_dino_starved=0  any_layer_starved=0  dino_starved_alarm=0  dino_starved_windows=0  dual_alive=0  synergy_margin=-0.3975  synergy=0  alarm=0  mitigate=0  mitigateW=0  eff_λ=0.500000  Steps/s=0.81
[[34m2026-04-16 20:12:56[0m] (step=0002000) Loss=0.8900  Loss_diff=0.1767  Loss_align=1.4266  PhaseW=1.0000  DiffW=1.0000  Feat=0.6039  Attn=0.0631  Spatial=0.0653  a_dino=1.000  a_dino_above_floor=0.908  alpha_dino_min_layer_above_floor=0.908  a_dino_min_above_floor=0.908  a_self=0.000  raw_dino=0.539  raw_self=0.461  H=0.994  rKL=7.8035  rGap=0.922  mask_self=0.000  gate_self_state=0.000  Lfused=0.6681  LfusedProbe=0.6693  Ldino=0.6693  Lself=0.3074  U_dino=0.0000  U_self=0.2306  UselfEMA=0.0000  UselfEMA_on=0.0000  UselfEMA_off=0.0000  ProbeN=800  SelfProbeN=800  dino_starved=0  any_layer_dino_starved=0  any_layer_starved=0  dino_starved_alarm=0  dino_starved_windows=0  dual_alive=0  synergy_margin=-0.3618  synergy=0  alarm=0  mitigate=0  mitigateW=0  eff_λ=0.500000  Steps/s=0.81
[[34m2026-04-16 20:23:13[0m] (step=0002500) Loss=0.8757  Loss_diff=0.1715  Loss_align=1.4084  PhaseW=1.0000  DiffW=1.0000  Feat=0.5877  Attn=0.0620  Spatial=0.0649  a_dino=1.000  a_dino_above_floor=0.910  alpha_dino_min_layer_above_floor=0.910  a_dino_min_above_floor=0.910  a_self=0.000  raw_dino=0.539  raw_self=0.461  H=0.994  rKL=7.8049  rGap=0.922  mask_self=0.000  gate_self_state=0.000  Lfused=0.6512  LfusedProbe=0.6514  Ldino=0.6514  Lself=0.3364  U_dino=0.0000  U_self=0.2151  UselfEMA=0.0000  UselfEMA_on=0.0000  UselfEMA_off=0.0000  ProbeN=800  SelfProbeN=800  dino_starved=0  any_layer_dino_starved=0  any_layer_starved=0  dino_starved_alarm=0  dino_starved_windows=0  dual_alive=0  synergy_margin=-0.3149  synergy=0  alarm=0  mitigate=0  mitigateW=0  eff_λ=0.500000  Steps/s=0.81
[[34m2026-04-16 20:33:30[0m] (step=0003000) Loss=0.8679  Loss_diff=0.1715  Loss_align=1.3928  PhaseW=1.0000  DiffW=1.0000  Feat=0.5748  Attn=0.0603  Spatial=0.0646  a_dino=1.000  a_dino_above_floor=0.912  alpha_dino_min_layer_above_floor=0.912  a_dino_min_above_floor=0.912  a_self=0.000  raw_dino=0.539  raw_self=0.461  H=0.994  rKL=7.8021  rGap=0.922  mask_self=0.000  gate_self_state=0.000  Lfused=0.6373  LfusedProbe=0.6375  Ldino=0.6375  Lself=0.3678  U_dino=0.0000  U_self=0.2012  UselfEMA=0.0000  UselfEMA_on=0.0000  UselfEMA_off=0.0000  ProbeN=800  SelfProbeN=800  dino_starved=0  any_layer_dino_starved=0  any_layer_starved=0  dino_starved_alarm=0  dino_starved_windows=0  dual_alive=0  synergy_margin=-0.2698  synergy=0  alarm=0  mitigate=0  mitigateW=0  eff_λ=0.500000  Steps/s=0.81
[[34m2026-04-16 20:43:48[0m] (step=0003500) Loss=0.8614  Loss_diff=0.1711  Loss_align=1.3805  PhaseW=1.0000  DiffW=1.0000  Feat=0.5639  Attn=0.0591  Spatial=0.0643  a_dino=1.000  a_dino_above_floor=0.914  alpha_dino_min_layer_above_floor=0.914  a_dino_min_above_floor=0.914  a_self=0.000  raw_dino=0.539  raw_self=0.461  H=0.993  rKL=7.8010  rGap=0.922  mask_self=0.000  gate_self_state=0.000  Lfused=0.6256  LfusedProbe=0.6257  Ldino=0.6257  Lself=0.3995  U_dino=0.0000  U_self=0.1882  UselfEMA=0.0000  UselfEMA_on=0.0000  UselfEMA_off=0.0000  ProbeN=800  SelfProbeN=800  dino_starved=0  any_layer_dino_starved=0  any_layer_starved=0  dino_starved_alarm=0  dino_starved_windows=0  dual_alive=0  synergy_margin=-0.2262  synergy=0  alarm=0  mitigate=0  mitigateW=0  eff_λ=0.500000  Steps/s=0.81
[[34m2026-04-16 20:54:06[0m] (step=0004000) Loss=0.8568  Loss_diff=0.1716  Loss_align=1.3703  PhaseW=1.0000  DiffW=1.0000  Feat=0.5550  Attn=0.0584  Spatial=0.0641  a_dino=1.000  a_dino_above_floor=0.916  alpha_dino_min_layer_above_floor=0.916  a_dino_min_above_floor=0.916  a_self=0.000  raw_dino=0.539  raw_self=0.461  H=0.993  rKL=7.8030  rGap=0.922  mask_self=0.000  gate_self_state=0.000  Lfused=0.6163  LfusedProbe=0.6174  Ldino=0.6174  Lself=0.4210  U_dino=0.0000  U_self=0.1796  UselfEMA=0.0000  UselfEMA_on=0.0000  UselfEMA_off=0.0000  ProbeN=800  SelfProbeN=800  dino_starved=0  any_layer_dino_starved=0  any_layer_starved=0  dino_starved_alarm=0  dino_starved_windows=0  dual_alive=0  synergy_margin=-0.1964  synergy=0  alarm=0  mitigate=0  mitigateW=0  eff_λ=0.500000  Steps/s=0.81
[[34m2026-04-16 21:04:25[0m] (step=0004500) Loss=0.8516  Loss_diff=0.1706  Loss_align=1.3621  PhaseW=1.0000  DiffW=1.0000  Feat=0.5475  Attn=0.0579  Spatial=0.0640  a_dino=1.000  a_dino_above_floor=0.918  alpha_dino_min_layer_above_floor=0.918  a_dino_min_above_floor=0.918  a_self=0.000  raw_dino=0.539  raw_self=0.461  H=0.993  rKL=7.8033  rGap=0.922  mask_self=0.000  gate_self_state=0.000  Lfused=0.6085  LfusedProbe=0.6084  Ldino=0.6084  Lself=0.4347  U_dino=0.0000  U_self=0.1731  UselfEMA=0.0000  UselfEMA_on=0.0000  UselfEMA_off=0.0000  ProbeN=800  SelfProbeN=800  dino_starved=0  any_layer_dino_starved=0  any_layer_starved=0  dino_starved_alarm=0  dino_starved_windows=0  dual_alive=0  synergy_margin=-0.1737  synergy=0  alarm=0  mitigate=0  mitigateW=0  eff_λ=0.500000  Steps/s=0.81
[[34m2026-04-16 21:14:44[0m] (step=0005000) Loss=0.8487  Loss_diff=0.1706  Loss_align=1.3562  PhaseW=1.0000  DiffW=1.0000  Feat=0.5418  Attn=0.0575  Spatial=0.0638  a_dino=1.000  a_dino_above_floor=0.920  alpha_dino_min_layer_above_floor=0.920  a_dino_min_above_floor=0.920  a_self=0.000  raw_dino=0.539  raw_self=0.461  H=0.993  rKL=7.8104  rGap=0.923  mask_self=0.000  gate_self_state=0.000  Lfused=0.6024  LfusedProbe=0.6027  Ldino=0.6027  Lself=0.4438  U_dino=0.0000  U_self=0.1691  UselfEMA=0.0000  UselfEMA_on=0.0000  UselfEMA_off=0.0000  ProbeN=800  SelfProbeN=800  dino_starved=0  any_layer_dino_starved=0  any_layer_starved=0  dino_starved_alarm=0  dino_starved_windows=0  dual_alive=0  synergy_margin=-0.1589  synergy=0  alarm=0  mitigate=0  mitigateW=0  eff_λ=0.500000  Steps/s=0.81
[[34m2026-04-16 21:25:02[0m] (step=0005500) Loss=0.8432  Loss_diff=0.1679  Loss_align=1.3507  PhaseW=1.0000  DiffW=1.0000  Feat=0.5365  Attn=0.0574  Spatial=0.0638  a_dino=1.000  a_dino_above_floor=0.922  alpha_dino_min_layer_above_floor=0.922  a_dino_min_above_floor=0.922  a_self=0.000  raw_dino=0.538  raw_self=0.462  H=0.994  rKL=7.8140  rGap=0.923  mask_self=0.000  gate_self_state=0.000  Lfused=0.5971  LfusedProbe=0.5958  Ldino=0.5958  Lself=0.4511  U_dino=0.0000  U_self=0.1655  UselfEMA=0.0000  UselfEMA_on=0.0000  UselfEMA_off=0.0000  ProbeN=800  SelfProbeN=800  dino_starved=0  any_layer_dino_starved=0  any_layer_starved=0  dino_starved_alarm=0  dino_starved_windows=0  dual_alive=0  synergy_margin=-0.1446  synergy=0  alarm=0  mitigate=0  mitigateW=0  eff_λ=0.500000  Steps/s=0.81
[[34m2026-04-16 21:35:21[0m] (step=0006000) Loss=0.8405  Loss_diff=0.1675  Loss_align=1.3460  PhaseW=1.0000  DiffW=1.0000  Feat=0.5324  Attn=0.0571  Spatial=0.0635  a_dino=1.000  a_dino_above_floor=0.924  alpha_dino_min_layer_above_floor=0.924  a_dino_min_above_floor=0.924  a_self=0.000  raw_dino=0.538  raw_self=0.462  H=0.994  rKL=7.8221  rGap=0.924  mask_self=0.000  gate_self_state=0.000  Lfused=0.5927  LfusedProbe=0.5936  Ldino=0.5936  Lself=0.4536  U_dino=0.0000  U_self=0.1648  UselfEMA=0.0000  UselfEMA_on=0.0000  UselfEMA_off=0.0000  ProbeN=800  SelfProbeN=800  dino_starved=0  any_layer_dino_starved=0  any_layer_starved=0  dino_starved_alarm=0  dino_starved_windows=0  dual_alive=0  synergy_margin=-0.1400  synergy=0  alarm=0  mitigate=0  mitigateW=0  eff_λ=0.500000  Steps/s=0.81
[[34m2026-04-16 21:45:40[0m] (step=0006500) Loss=0.8365  Loss_diff=0.1652  Loss_align=1.3427  PhaseW=1.0000  DiffW=1.0000  Feat=0.5289  Attn=0.0569  Spatial=0.0635  a_dino=1.000  a_dino_above_floor=0.926  alpha_dino_min_layer_above_floor=0.926  a_dino_min_above_floor=0.926  a_self=0.000  raw_dino=0.538  raw_self=0.462  H=0.994  rKL=7.8268  rGap=0.925  mask_self=0.000  gate_self_state=0.000  Lfused=0.5891  LfusedProbe=0.5882  Ldino=0.5882  Lself=0.4564  U_dino=0.0000  U_self=0.1632  UselfEMA=0.0000  UselfEMA_on=0.0000  UselfEMA_off=0.0000  ProbeN=800  SelfProbeN=800  dino_starved=0  any_layer_dino_starved=0  any_layer_starved=0  dino_starved_alarm=0  dino_starved_windows=0  dual_alive=0  synergy_margin=-0.1319  synergy=0  alarm=0  mitigate=0  mitigateW=0  eff_λ=0.500000  Steps/s=0.81
[[34m2026-04-16 21:56:00[0m] (step=0007000) Loss=0.8369  Loss_diff=0.1676  Loss_align=1.3386  PhaseW=1.0000  DiffW=1.0000  Feat=0.5252  Attn=0.0566  Spatial=0.0634  a_dino=1.000  a_dino_above_floor=0.928  alpha_dino_min_layer_above_floor=0.928  a_dino_min_above_floor=0.928  a_self=0.000  raw_dino=0.537  raw_self=0.463  H=0.994  rKL=7.8350  rGap=0.925  mask_self=0.000  gate_self_state=0.000  Lfused=0.5852  LfusedProbe=0.5838  Ldino=0.5838  Lself=0.4525  U_dino=0.0000  U_self=0.1638  UselfEMA=0.0000  UselfEMA_on=0.0000  UselfEMA_off=0.0000  ProbeN=800  SelfProbeN=800  dino_starved=0  any_layer_dino_starved=0  any_layer_starved=0  dino_starved_alarm=0  dino_starved_windows=0  dual_alive=0  synergy_margin=-0.1313  synergy=0  alarm=0  mitigate=0  mitigateW=0  eff_λ=0.500000  Steps/s=0.81
[[34m2026-04-16 22:06:19[0m] (step=0007500) Loss=0.8350  Loss_diff=0.1668  Loss_align=1.3366  PhaseW=1.0000  DiffW=1.0000  Feat=0.5231  Attn=0.0564  Spatial=0.0634  a_dino=1.000  a_dino_above_floor=0.930  alpha_dino_min_layer_above_floor=0.930  a_dino_min_above_floor=0.930  a_self=0.000  raw_dino=0.537  raw_self=0.463  H=0.994  rKL=7.8383  rGap=0.926  mask_self=0.000  gate_self_state=0.000  Lfused=0.5830  LfusedProbe=0.5832  Ldino=0.5832  Lself=0.4456  U_dino=0.0000  U_self=0.1666  UselfEMA=0.0000  UselfEMA_on=0.0000  UselfEMA_off=0.0000  ProbeN=800  SelfProbeN=800  dino_starved=0  any_layer_dino_starved=0  any_layer_starved=0  dino_starved_alarm=0  dino_starved_windows=0  dual_alive=0  synergy_margin=-0.1376  synergy=0  alarm=0  mitigate=0  mitigateW=0  eff_λ=0.500000  Steps/s=0.81
[[34m2026-04-16 22:16:38[0m] (step=0008000) Loss=0.8319  Loss_diff=0.1653  Loss_align=1.3332  PhaseW=1.0000  DiffW=1.0000  Feat=0.5203  Attn=0.0561  Spatial=0.0634  a_dino=1.000  a_dino_above_floor=0.932  alpha_dino_min_layer_above_floor=0.932  a_dino_min_above_floor=0.932  a_self=0.000  raw_dino=0.537  raw_self=0.463  H=0.994  rKL=7.8409  rGap=0.926  mask_self=0.000  gate_self_state=0.000  Lfused=0.5801  LfusedProbe=0.5800  Ldino=0.5800  Lself=0.4409  U_dino=0.0000  U_self=0.1677  UselfEMA=0.0000  UselfEMA_on=0.0000  UselfEMA_off=0.0000  ProbeN=800  SelfProbeN=800  dino_starved=0  any_layer_dino_starved=0  any_layer_starved=0  dino_starved_alarm=0  dino_starved_windows=0  dual_alive=0  synergy_margin=-0.1391  synergy=0  alarm=0  mitigate=0  mitigateW=0  eff_λ=0.500000  Steps/s=0.81
[[34m2026-04-16 22:26:58[0m] (step=0008500) Loss=0.8320  Loss_diff=0.1662  Loss_align=1.3317  PhaseW=1.0000  DiffW=1.0000  Feat=0.5186  Attn=0.0561  Spatial=0.0633  a_dino=1.000  a_dino_above_floor=0.934  alpha_dino_min_layer_above_floor=0.934  a_dino_min_above_floor=0.934  a_self=0.000  raw_dino=0.537  raw_self=0.463  H=0.994  rKL=7.8478  rGap=0.927  mask_self=0.000  gate_self_state=0.000  Lfused=0.5783  LfusedProbe=0.5782  Ldino=0.5782  Lself=0.4355  U_dino=0.0000  U_self=0.1687  UselfEMA=0.0000  UselfEMA_on=0.0000  UselfEMA_off=0.0000  ProbeN=800  SelfProbeN=800  dino_starved=0  any_layer_dino_starved=0  any_layer_starved=0  dino_starved_alarm=0  dino_starved_windows=0  dual_alive=0  synergy_margin=-0.1427  synergy=0  alarm=0  mitigate=0  mitigateW=0  eff_λ=0.500000  Steps/s=0.81
[[34m2026-04-16 22:37:18[0m] (step=0009000) Loss=0.8290  Loss_diff=0.1645  Loss_align=1.3291  PhaseW=1.0000  DiffW=1.0000  Feat=0.5161  Attn=0.0559  Spatial=0.0633  a_dino=1.000  a_dino_above_floor=0.936  alpha_dino_min_layer_above_floor=0.936  a_dino_min_above_floor=0.936  a_self=0.000  raw_dino=0.536  raw_self=0.464  H=0.994  rKL=7.8525  rGap=0.927  mask_self=0.000  gate_self_state=0.000  Lfused=0.5756  LfusedProbe=0.5729  Ldino=0.5729  Lself=0.4298  U_dino=0.0000  U_self=0.1693  UselfEMA=0.0000  UselfEMA_on=0.0000  UselfEMA_off=0.0000  ProbeN=800  SelfProbeN=800  dino_starved=0  any_layer_dino_starved=0  any_layer_starved=0  dino_starved_alarm=0  dino_starved_windows=0  dual_alive=0  synergy_margin=-0.1431  synergy=0  alarm=0  mitigate=0  mitigateW=0  eff_λ=0.500000  Steps/s=0.81
[[34m2026-04-16 22:47:37[0m] (step=0009500) Loss=0.8270  Loss_diff=0.1629  Loss_align=1.3282  PhaseW=1.0000  DiffW=1.0000  Feat=0.5153  Attn=0.0557  Spatial=0.0632  a_dino=1.000  a_dino_above_floor=0.938  alpha_dino_min_layer_above_floor=0.938  a_dino_min_above_floor=0.938  a_self=0.000  raw_dino=0.536  raw_self=0.464  H=0.994  rKL=7.8564  rGap=0.928  mask_self=0.000  gate_self_state=0.000  Lfused=0.5748  LfusedProbe=0.5727  Ldino=0.5727  Lself=0.4198  U_dino=0.0000  U_self=0.1722  UselfEMA=0.0000  UselfEMA_on=0.0000  UselfEMA_off=0.0000  ProbeN=800  SelfProbeN=800  dino_starved=0  any_layer_dino_starved=0  any_layer_starved=0  dino_starved_alarm=0  dino_starved_windows=0  dual_alive=0  synergy_margin=-0.1528  synergy=0  alarm=0  mitigate=0  mitigateW=0  eff_λ=0.500000  Steps/s=0.81
[[34m2026-04-16 22:57:57[0m] (step=0010000) Loss=0.8265  Loss_diff=0.1636  Loss_align=1.3259  PhaseW=1.0000  DiffW=1.0000  Feat=0.5129  Attn=0.0556  Spatial=0.0631  a_dino=1.000  a_dino_above_floor=0.940  alpha_dino_min_layer_above_floor=0.940  a_dino_min_above_floor=0.940  a_self=0.000  raw_dino=0.536  raw_self=0.464  H=0.994  rKL=7.8654  rGap=0.929  mask_self=0.000  gate_self_state=0.000  Lfused=0.5722  LfusedProbe=0.5708  Ldino=0.5708  Lself=0.4088  U_dino=0.0000  U_self=0.1750  UselfEMA=0.0000  UselfEMA_on=0.0000  UselfEMA_off=0.0000  ProbeN=800  SelfProbeN=800  dino_starved=0  any_layer_dino_starved=0  any_layer_starved=0  dino_starved_alarm=0  dino_starved_windows=0  dual_alive=0  synergy_margin=-0.1620  synergy=0  alarm=0  mitigate=0  mitigateW=0  eff_λ=0.500000  Steps/s=0.81
[[34m2026-04-16 22:58:08[0m] Beginning epoch 1 ...
[[34m2026-04-16 23:08:18[0m] (step=0010500) Loss=0.8260  Loss_diff=0.1644  Loss_align=1.3232  PhaseW=1.0000  DiffW=1.0000  Feat=0.5105  Attn=0.0554  Spatial=0.0630  a_dino=1.000  a_dino_above_floor=0.942  alpha_dino_min_layer_above_floor=0.942  a_dino_min_above_floor=0.942  a_self=0.000  raw_dino=0.535  raw_self=0.465  H=0.994  rKL=7.8707  rGap=0.929  mask_self=0.000  gate_self_state=0.000  Lfused=0.5697  LfusedProbe=0.5686  Ldino=0.5686  Lself=0.4009  U_dino=0.0000  U_self=0.1760  UselfEMA=0.0000  UselfEMA_on=0.0000  UselfEMA_off=0.0000  ProbeN=800  SelfProbeN=800  dino_starved=0  any_layer_dino_starved=0  any_layer_starved=0  dino_starved_alarm=0  dino_starved_windows=0  dual_alive=0  synergy_margin=-0.1677  synergy=0  alarm=0  mitigate=0  mitigateW=0  eff_λ=0.500000  Steps/s=0.80
[[34m2026-04-16 23:18:38[0m] (step=0011000) Loss=0.8246  Loss_diff=0.1633  Loss_align=1.3227  PhaseW=1.0000  DiffW=1.0000  Feat=0.5097  Attn=0.0553  Spatial=0.0630  a_dino=1.000  a_dino_above_floor=0.944  alpha_dino_min_layer_above_floor=0.944  a_dino_min_above_floor=0.944  a_self=0.000  raw_dino=0.535  raw_self=0.465  H=0.994  rKL=7.8742  rGap=0.930  mask_self=0.000  gate_self_state=0.000  Lfused=0.5689  LfusedProbe=0.5702  Ldino=0.5702  Lself=0.3852  U_dino=0.0000  U_self=0.1807  UselfEMA=0.0000  UselfEMA_on=0.0000  UselfEMA_off=0.0000  ProbeN=800  SelfProbeN=800  dino_starved=0  any_layer_dino_starved=0  any_layer_starved=0  dino_starved_alarm=0  dino_starved_windows=0  dual_alive=0  synergy_margin=-0.1850  synergy=0  alarm=0  mitigate=0  mitigateW=0  eff_λ=0.500000  Steps/s=0.81
[[34m2026-04-16 23:28:57[0m] (step=0011500) Loss=0.8221  Loss_diff=0.1606  Loss_align=1.3229  PhaseW=1.0000  DiffW=1.0000  Feat=0.5094  Attn=0.0552  Spatial=0.0631  a_dino=1.000  a_dino_above_floor=0.946  alpha_dino_min_layer_above_floor=0.946  a_dino_min_above_floor=0.946  a_self=0.000  raw_dino=0.534  raw_self=0.466  H=0.994  rKL=7.8860  rGap=0.931  mask_self=0.000  gate_self_state=0.000  Lfused=0.5685  LfusedProbe=0.5691  Ldino=0.5691  Lself=0.3748  U_dino=0.0000  U_self=0.1830  UselfEMA=0.0000  UselfEMA_on=0.0000  UselfEMA_off=0.0000  ProbeN=800  SelfProbeN=800  dino_starved=0  any_layer_dino_starved=0  any_layer_starved=0  dino_starved_alarm=0  dino_starved_windows=0  dual_alive=0  synergy_margin=-0.1943  synergy=0  alarm=0  mitigate=0  mitigateW=0  eff_λ=0.500000  Steps/s=0.81
[[34m2026-04-16 23:39:16[0m] (step=0012000) Loss=0.8219  Loss_diff=0.1616  Loss_align=1.3206  PhaseW=1.0000  DiffW=1.0000  Feat=0.5078  Attn=0.0551  Spatial=0.0630  a_dino=1.000  a_dino_above_floor=0.948  alpha_dino_min_layer_above_floor=0.948  a_dino_min_above_floor=0.948  a_self=0.000  raw_dino=0.535  raw_self=0.465  H=0.994  rKL=7.8831  rGap=0.931  mask_self=0.000  gate_self_state=0.000  Lfused=0.5668  LfusedProbe=0.5660  Ldino=0.5660  Lself=0.3636  U_dino=0.0000  U_self=0.1843  UselfEMA=0.0000  UselfEMA_on=0.0000  UselfEMA_off=0.0000  ProbeN=800  SelfProbeN=800  dino_starved=0  any_layer_dino_starved=0  any_layer_starved=0  dino_starved_alarm=0  dino_starved_windows=0  dual_alive=0  synergy_margin=-0.2024  synergy=0  alarm=0  mitigate=0  mitigateW=0  eff_λ=0.500000  Steps/s=0.81
[[34m2026-04-16 23:49:35[0m] (step=0012500) Loss=0.8226  Loss_diff=0.1625  Loss_align=1.3201  PhaseW=1.0000  DiffW=1.0000  Feat=0.5065  Attn=0.0548  Spatial=0.0629  a_dino=1.000  a_dino_above_floor=0.950  alpha_dino_min_layer_above_floor=0.950  a_dino_min_above_floor=0.950  a_self=0.000  raw_dino=0.534  raw_self=0.466  H=0.994  rKL=7.8917  rGap=0.932  mask_self=0.000  gate_self_state=0.000  Lfused=0.5653  LfusedProbe=0.5685  Ldino=0.5685  Lself=0.3489  U_dino=0.0000  U_self=0.1888  UselfEMA=0.0000  UselfEMA_on=0.0000  UselfEMA_off=0.0000  ProbeN=800  SelfProbeN=800  dino_starved=0  any_layer_dino_starved=0  any_layer_starved=0  dino_starved_alarm=0  dino_starved_windows=0  dual_alive=0  synergy_margin=-0.2196  synergy=0  alarm=0  mitigate=0  mitigateW=0  eff_λ=0.500000  Steps/s=0.81
[[34m2026-04-16 23:59:55[0m] (step=0013000) Loss=0.8208  Loss_diff=0.1612  Loss_align=1.3193  PhaseW=1.0000  DiffW=1.0000  Feat=0.5054  Attn=0.0548  Spatial=0.0628  a_dino=1.000  a_dino_above_floor=0.950  alpha_dino_min_layer_above_floor=0.950  a_dino_min_above_floor=0.950  a_self=0.000  raw_dino=0.534  raw_self=0.466  H=0.994  rKL=7.8999  rGap=0.933  mask_self=0.000  gate_self_state=0.000  Lfused=0.5642  LfusedProbe=0.5630  Ldino=0.5630  Lself=0.3364  U_dino=0.0000  U_self=0.1901  UselfEMA=0.0000  UselfEMA_on=0.0000  UselfEMA_off=0.0000  ProbeN=800  SelfProbeN=800  dino_starved=0  any_layer_dino_starved=0  any_layer_starved=0  dino_starved_alarm=0  dino_starved_windows=0  dual_alive=0  synergy_margin=-0.2265  synergy=0  alarm=0  mitigate=0  mitigateW=0  eff_λ=0.500000  Steps/s=0.81
[[34m2026-04-17 00:10:13[0m] (step=0013500) Loss=0.8221  Loss_diff=0.1623  Loss_align=1.3196  PhaseW=1.0000  DiffW=1.0000  Feat=0.5049  Attn=0.0547  Spatial=0.0628  a_dino=1.000  a_dino_above_floor=0.950  alpha_dino_min_layer_above_floor=0.950  a_dino_min_above_floor=0.950  a_self=0.000  raw_dino=0.533  raw_self=0.467  H=0.994  rKL=7.9093  rGap=0.934  mask_self=0.000  gate_self_state=0.000  Lfused=0.5636  LfusedProbe=0.5624  Ldino=0.5624  Lself=0.3234  U_dino=0.0000  U_self=0.1932  UselfEMA=0.0000  UselfEMA_on=0.0000  UselfEMA_off=0.0000  ProbeN=800  SelfProbeN=800  dino_starved=0  any_layer_dino_starved=0  any_layer_starved=0  dino_starved_alarm=0  dino_starved_windows=0  dual_alive=0  synergy_margin=-0.2390  synergy=0  alarm=0  mitigate=0  mitigateW=0  eff_λ=0.500000  Steps/s=0.81
[[34m2026-04-17 00:20:31[0m] (step=0014000) Loss=0.8204  Loss_diff=0.1617  Loss_align=1.3175  PhaseW=1.0000  DiffW=1.0000  Feat=0.5033  Attn=0.0545  Spatial=0.0629  a_dino=1.000  a_dino_above_floor=0.950  alpha_dino_min_layer_above_floor=0.950  a_dino_min_above_floor=0.950  a_self=0.000  raw_dino=0.533  raw_self=0.467  H=0.994  rKL=7.9107  rGap=0.934  mask_self=0.000  gate_self_state=0.000  Lfused=0.5620  LfusedProbe=0.5611  Ldino=0.5611  Lself=0.3082  U_dino=0.0000  U_self=0.1966  UselfEMA=0.0000  UselfEMA_on=0.0000  UselfEMA_off=0.0000  ProbeN=800  SelfProbeN=800  dino_starved=0  any_layer_dino_starved=0  any_layer_starved=0  dino_starved_alarm=0  dino_starved_windows=0  dual_alive=0  synergy_margin=-0.2529  synergy=0  alarm=0  mitigate=0  mitigateW=0  eff_λ=0.500000  Steps/s=0.81
[[34m2026-04-17 00:30:50[0m] (step=0014500) Loss=0.8211  Loss_diff=0.1622  Loss_align=1.3179  PhaseW=1.0000  DiffW=1.0000  Feat=0.5029  Attn=0.0544  Spatial=0.0628  a_dino=1.000  a_dino_above_floor=0.950  alpha_dino_min_layer_above_floor=0.950  a_dino_min_above_floor=0.950  a_self=0.000  raw_dino=0.533  raw_self=0.467  H=0.995  rKL=7.9214  rGap=0.935  mask_self=0.000  gate_self_state=0.000  Lfused=0.5615  LfusedProbe=0.5623  Ldino=0.5623  Lself=0.2890  U_dino=0.0000  U_self=0.2020  UselfEMA=0.0000  UselfEMA_on=0.0000  UselfEMA_off=0.0000  ProbeN=800  SelfProbeN=800  dino_starved=0  any_layer_dino_starved=0  any_layer_starved=0  dino_starved_alarm=0  dino_starved_windows=0  dual_alive=0  synergy_margin=-0.2733  synergy=0  alarm=0  mitigate=0  mitigateW=0  eff_λ=0.500000  Steps/s=0.81
[[34m2026-04-17 00:41:09[0m] (step=0015000) Loss=0.8199  Loss_diff=0.1615  Loss_align=1.3169  PhaseW=1.0000  DiffW=1.0000  Feat=0.5021  Attn=0.0543  Spatial=0.0628  a_dino=1.000  a_dino_above_floor=0.950  alpha_dino_min_layer_above_floor=0.950  a_dino_min_above_floor=0.950  a_self=0.000  raw_dino=0.532  raw_self=0.468  H=0.995  rKL=7.9224  rGap=0.935  mask_self=0.000  gate_self_state=0.000  Lfused=0.5607  LfusedProbe=0.5608  Ldino=0.5608  Lself=0.2738  U_dino=0.0000  U_self=0.2050  UselfEMA=0.0000  UselfEMA_on=0.0000  UselfEMA_off=0.0000  ProbeN=800  SelfProbeN=800  dino_starved=0  any_layer_dino_starved=0  any_layer_starved=0  dino_starved_alarm=0  dino_starved_windows=0  dual_alive=0  synergy_margin=-0.2871  synergy=0  alarm=0  mitigate=0  mitigateW=0  eff_λ=0.500000  Steps/s=0.81
[[34m2026-04-17 00:51:27[0m] (step=0015500) Loss=0.8205  Loss_diff=0.1625  Loss_align=1.3159  PhaseW=1.0000  DiffW=1.0000  Feat=0.5003  Attn=0.0541  Spatial=0.0626  a_dino=1.000  a_dino_above_floor=0.950  alpha_dino_min_layer_above_floor=0.950  a_dino_min_above_floor=0.950  a_self=0.000  raw_dino=0.532  raw_self=0.468  H=0.995  rKL=7.9312  rGap=0.936  mask_self=0.000  gate_self_state=0.000  Lfused=0.5586  LfusedProbe=0.5586  Ldino=0.5586  Lself=0.2597  U_dino=0.0000  U_self=0.2078  UselfEMA=0.0000  UselfEMA_on=0.0000  UselfEMA_off=0.0000  ProbeN=800  SelfProbeN=800  dino_starved=0  any_layer_dino_starved=0  any_layer_starved=0  dino_starved_alarm=0  dino_starved_windows=0  dual_alive=0  synergy_margin=-0.2989  synergy=0  alarm=0  mitigate=0  mitigateW=0  eff_λ=0.500000  Steps/s=0.81
[[34m2026-04-17 01:01:47[0m] (step=0016000) Loss=0.8200  Loss_diff=0.1616  Loss_align=1.3168  PhaseW=1.0000  DiffW=1.0000  Feat=0.5004  Attn=0.0541  Spatial=0.0628  a_dino=1.000  a_dino_above_floor=0.950  alpha_dino_min_layer_above_floor=0.950  a_dino_min_above_floor=0.950  a_self=0.000  raw_dino=0.532  raw_self=0.468  H=0.995  rKL=7.9388  rGap=0.937  mask_self=0.000  gate_self_state=0.000  Lfused=0.5589  LfusedProbe=0.5605  Ldino=0.5605  Lself=0.2417  U_dino=0.0000  U_self=0.2123  UselfEMA=0.0000  UselfEMA_on=0.0000  UselfEMA_off=0.0000  ProbeN=800  SelfProbeN=800  dino_starved=0  any_layer_dino_starved=0  any_layer_starved=0  dino_starved_alarm=0  dino_starved_windows=0  dual_alive=0  synergy_margin=-0.3187  synergy=0  alarm=0  mitigate=0  mitigateW=0  eff_λ=0.500000  Steps/s=0.81
[[34m2026-04-17 01:12:05[0m] (step=0016500) Loss=0.8180  Loss_diff=0.1609  Loss_align=1.3143  PhaseW=1.0000  DiffW=1.0000  Feat=0.4984  Attn=0.0539  Spatial=0.0627  a_dino=1.000  a_dino_above_floor=0.950  alpha_dino_min_layer_above_floor=0.950  a_dino_min_above_floor=0.950  a_self=0.000  raw_dino=0.531  raw_self=0.469  H=0.995  rKL=7.9411  rGap=0.937  mask_self=0.000  gate_self_state=0.000  Lfused=0.5567  LfusedProbe=0.5574  Ldino=0.5574  Lself=0.2278  U_dino=0.0000  U_self=0.2146  UselfEMA=0.0000  UselfEMA_on=0.0000  UselfEMA_off=0.0000  ProbeN=800  SelfProbeN=800  dino_starved=0  any_layer_dino_starved=0  any_layer_starved=0  dino_starved_alarm=0  dino_starved_windows=0  dual_alive=0  synergy_margin=-0.3296  synergy=0  alarm=0  mitigate=0  mitigateW=0  eff_λ=0.500000  Steps/s=0.81
[[34m2026-04-17 01:22:24[0m] (step=0017000) Loss=0.8174  Loss_diff=0.1603  Loss_align=1.3141  PhaseW=1.0000  DiffW=1.0000  Feat=0.4986  Attn=0.0540  Spatial=0.0627  a_dino=1.000  a_dino_above_floor=0.950  alpha_dino_min_layer_above_floor=0.950  a_dino_min_above_floor=0.950  a_self=0.000  raw_dino=0.532  raw_self=0.468  H=0.995  rKL=7.9389  rGap=0.937  mask_self=0.000  gate_self_state=0.000  Lfused=0.5569  LfusedProbe=0.5567  Ldino=0.5567  Lself=0.2121  U_dino=0.0000  U_self=0.2176  UselfEMA=0.0000  UselfEMA_on=0.0000  UselfEMA_off=0.0000  ProbeN=800  SelfProbeN=800  dino_starved=0  any_layer_dino_starved=0  any_layer_starved=0  dino_starved_alarm=0  dino_starved_windows=0  dual_alive=0  synergy_margin=-0.3446  synergy=0  alarm=0  mitigate=0  mitigateW=0  eff_λ=0.500000  Steps/s=0.81
[[34m2026-04-17 01:32:43[0m] (step=0017500) Loss=0.8183  Loss_diff=0.1609  Loss_align=1.3148  PhaseW=1.0000  DiffW=1.0000  Feat=0.4978  Attn=0.0539  Spatial=0.0626  a_dino=1.000  a_dino_above_floor=0.950  alpha_dino_min_layer_above_floor=0.950  a_dino_min_above_floor=0.950  a_self=0.000  raw_dino=0.531  raw_self=0.469  H=0.995  rKL=7.9512  rGap=0.938  mask_self=0.000  gate_self_state=0.000  Lfused=0.5560  LfusedProbe=0.5545  Ldino=0.5545  Lself=0.1976  U_dino=0.0000  U_self=0.2204  UselfEMA=0.0000  UselfEMA_on=0.0000  UselfEMA_off=0.0000  ProbeN=800  SelfProbeN=800  dino_starved=0  any_layer_dino_starved=0  any_layer_starved=0  dino_starved_alarm=0  dino_starved_windows=0  dual_alive=0  synergy_margin=-0.3569  synergy=0  alarm=0  mitigate=0  mitigateW=0  eff_λ=0.500000  Steps/s=0.81
[[34m2026-04-17 01:43:02[0m] (step=0018000) Loss=0.8150  Loss_diff=0.1576  Loss_align=1.3148  PhaseW=1.0000  DiffW=1.0000  Feat=0.4979  Attn=0.0539  Spatial=0.0626  a_dino=1.000  a_dino_above_floor=0.950  alpha_dino_min_layer_above_floor=0.950  a_dino_min_above_floor=0.950  a_self=0.000  raw_dino=0.531  raw_self=0.469  H=0.995  rKL=7.9534  rGap=0.938  mask_self=0.000  gate_self_state=0.000  Lfused=0.5562  LfusedProbe=0.5583  Ldino=0.5583  Lself=0.1832  U_dino=0.0000  U_self=0.2251  UselfEMA=0.0000  UselfEMA_on=0.0000  UselfEMA_off=0.0000  ProbeN=800  SelfProbeN=800  dino_starved=0  any_layer_dino_starved=0  any_layer_starved=0  dino_starved_alarm=0  dino_starved_windows=0  dual_alive=0  synergy_margin=-0.3751  synergy=0  alarm=0  mitigate=0  mitigateW=0  eff_λ=0.500000  Steps/s=0.81
[[34m2026-04-17 01:53:20[0m] (step=0018500) Loss=0.8160  Loss_diff=0.1588  Loss_align=1.3144  PhaseW=1.0000  DiffW=1.0000  Feat=0.4964  Attn=0.0538  Spatial=0.0627  a_dino=1.000  a_dino_above_floor=0.950  alpha_dino_min_layer_above_floor=0.950  a_dino_min_above_floor=0.950  a_self=0.000  raw_dino=0.530  raw_self=0.470  H=0.995  rKL=7.9649  rGap=0.940  mask_self=0.000  gate_self_state=0.000  Lfused=0.5547  LfusedProbe=0.5530  Ldino=0.5530  Lself=0.1715  U_dino=0.0000  U_self=0.2256  UselfEMA=0.0000  UselfEMA_on=0.0000  UselfEMA_off=0.0000  ProbeN=800  SelfProbeN=800  dino_starved=0  any_layer_dino_starved=0  any_layer_starved=0  dino_starved_alarm=0  dino_starved_windows=0  dual_alive=0  synergy_margin=-0.3815  synergy=0  alarm=0  mitigate=0  mitigateW=0  eff_λ=0.500000  Steps/s=0.81
[[34m2026-04-17 02:03:39[0m] (step=0019000) Loss=0.8167  Loss_diff=0.1595  Loss_align=1.3143  PhaseW=1.0000  DiffW=1.0000  Feat=0.4962  Attn=0.0537  Spatial=0.0626  a_dino=1.000  a_dino_above_floor=0.950  alpha_dino_min_layer_above_floor=0.950  a_dino_min_above_floor=0.950  a_self=0.000  raw_dino=0.530  raw_self=0.470  H=0.995  rKL=7.9699  rGap=0.940  mask_self=0.000  gate_self_state=0.000  Lfused=0.5543  LfusedProbe=0.5552  Ldino=0.5552  Lself=0.1596  U_dino=0.0000  U_self=0.2289  UselfEMA=0.0000  UselfEMA_on=0.0000  UselfEMA_off=0.0000  ProbeN=800  SelfProbeN=800  dino_starved=0  any_layer_dino_starved=0  any_layer_starved=0  dino_starved_alarm=0  dino_starved_windows=0  dual_alive=0  synergy_margin=-0.3956  synergy=0  alarm=0  mitigate=0  mitigateW=0  eff_λ=0.500000  Steps/s=0.81
[[34m2026-04-17 02:13:58[0m] (step=0019500) Loss=0.8184  Loss_diff=0.1618  Loss_align=1.3132  PhaseW=1.0000  DiffW=1.0000  Feat=0.4945  Attn=0.0535  Spatial=0.0624  a_dino=1.000  a_dino_above_floor=0.950  alpha_dino_min_layer_above_floor=0.950  a_dino_min_above_floor=0.950  a_self=0.000  raw_dino=0.529  raw_self=0.471  H=0.995  rKL=7.9800  rGap=0.941  mask_self=0.000  gate_self_state=0.000  Lfused=0.5525  LfusedProbe=0.5513  Ldino=0.5513  Lself=0.1490  U_dino=0.0000  U_self=0.2302  UselfEMA=0.0000  UselfEMA_on=0.0000  UselfEMA_off=0.0000  ProbeN=800  SelfProbeN=800  dino_starved=0  any_layer_dino_starved=0  any_layer_starved=0  dino_starved_alarm=0  dino_starved_windows=0  dual_alive=0  synergy_margin=-0.4023  synergy=0  alarm=0  mitigate=0  mitigateW=0  eff_λ=0.500000  Steps/s=0.81
[[34m2026-04-17 02:24:16[0m] (step=0020000) Loss=0.8166  Loss_diff=0.1600  Loss_align=1.3131  PhaseW=1.0000  DiffW=1.0000  Feat=0.4944  Attn=0.0535  Spatial=0.0625  a_dino=1.000  a_dino_above_floor=0.950  alpha_dino_min_layer_above_floor=0.950  a_dino_min_above_floor=0.950  a_self=0.000  raw_dino=0.529  raw_self=0.471  H=0.995  rKL=7.9866  rGap=0.942  mask_self=0.000  gate_self_state=0.000  Lfused=0.5525  LfusedProbe=0.5533  Ldino=0.5533  Lself=0.1396  U_dino=0.0000  U_self=0.2324  UselfEMA=0.0000  UselfEMA_on=0.0000  UselfEMA_off=0.0000  ProbeN=800  SelfProbeN=800  dino_starved=0  any_layer_dino_starved=0  any_layer_starved=0  dino_starved_alarm=0  dino_starved_windows=0  dual_alive=0  synergy_margin=-0.4137  synergy=0  alarm=0  mitigate=0  mitigateW=0  eff_λ=0.500000  Steps/s=0.81
[[34m2026-04-17 02:24:47[0m] Saved checkpoint to /data/liuchunfa/2026qjx/s3a_runs/dit_xl_s3a_dinov2_400k_bz128_20260416/DiT-XL-2-seed0-20260416-193137-945ecf-s3a-dinov2-lam0.5-trainpiecewise_cosine-diffcosine/checkpoints/0020000.pt (manifest: /data/liuchunfa/2026qjx/s3a_runs/dit_xl_s3a_dinov2_400k_bz128_20260416/DiT-XL-2-seed0-20260416-193137-945ecf-s3a-dinov2-lam0.5-trainpiecewise_cosine-diffcosine/checkpoints/0020000.pt.sha256.json)
[[34m2026-04-17 02:25:09[0m] Beginning epoch 2 ...
[[34m2026-04-17 02:35:05[0m] (step=0020500) Loss=0.8157  Loss_diff=0.1600  Loss_align=1.3114  PhaseW=1.0000  DiffW=1.0000  Feat=0.4925  Attn=0.0533  Spatial=0.0624  a_dino=1.000  a_dino_above_floor=0.950  alpha_dino_min_layer_above_floor=0.950  a_dino_min_above_floor=0.950  a_self=0.000  raw_dino=0.529  raw_self=0.471  H=0.995  rKL=7.9873  rGap=0.942  mask_self=0.000  gate_self_state=0.000  Lfused=0.5504  LfusedProbe=0.5534  Ldino=0.5534  Lself=0.1314  U_dino=0.0000  U_self=0.2339  UselfEMA=0.0000  UselfEMA_on=0.0000  UselfEMA_off=0.0000  ProbeN=800  SelfProbeN=800  dino_starved=0  any_layer_dino_starved=0  any_layer_starved=0  dino_starved_alarm=0  dino_starved_windows=0  dual_alive=0  synergy_margin=-0.4219  synergy=0  alarm=0  mitigate=0  mitigateW=0  eff_λ=0.500000  Steps/s=0.77
[[34m2026-04-17 02:45:22[0m] (step=0021000) Loss=0.8136  Loss_diff=0.1584  Loss_align=1.3105  PhaseW=1.0000  DiffW=1.0000  Feat=0.4925  Attn=0.0533  Spatial=0.0625  a_dino=1.000  a_dino_above_floor=0.950  alpha_dino_min_layer_above_floor=0.950  a_dino_min_above_floor=0.950  a_self=0.000  raw_dino=0.529  raw_self=0.471  H=0.995  rKL=7.9855  rGap=0.942  mask_self=0.000  gate_self_state=0.000  Lfused=0.5504  LfusedProbe=0.5480  Ldino=0.5480  Lself=0.1231  U_dino=0.0000  U_self=0.2339  UselfEMA=0.0000  UselfEMA_on=0.0000  UselfEMA_off=0.0000  ProbeN=800  SelfProbeN=800  dino_starved=0  any_layer_dino_starved=0  any_layer_starved=0  dino_starved_alarm=0  dino_starved_windows=0  dual_alive=0  synergy_margin=-0.4249  synergy=0  alarm=0  mitigate=0  mitigateW=0  eff_λ=0.500000  Steps/s=0.81
[[34m2026-04-17 02:55:40[0m] (step=0021500) Loss=0.8145  Loss_diff=0.1585  Loss_align=1.3121  PhaseW=1.0000  DiffW=1.0000  Feat=0.4925  Attn=0.0533  Spatial=0.0625  a_dino=1.000  a_dino_above_floor=0.950  alpha_dino_min_layer_above_floor=0.950  a_dino_min_above_floor=0.950  a_self=0.000  raw_dino=0.528  raw_self=0.472  H=0.995  rKL=7.9986  rGap=0.943  mask_self=0.000  gate_self_state=0.000  Lfused=0.5504  LfusedProbe=0.5503  Ldino=0.5503  Lself=0.1166  U_dino=0.0000  U_self=0.2364  UselfEMA=0.0000  UselfEMA_on=0.0000  UselfEMA_off=0.0000  ProbeN=800  SelfProbeN=800  dino_starved=0  any_layer_dino_starved=0  any_layer_starved=0  dino_starved_alarm=0  dino_starved_windows=0  dual_alive=0  synergy_margin=-0.4337  synergy=0  alarm=0  mitigate=0  mitigateW=0  eff_λ=0.500000  Steps/s=0.81
[[34m2026-04-17 03:05:57[0m] (step=0022000) Loss=0.8136  Loss_diff=0.1573  Loss_align=1.3126  PhaseW=1.0000  DiffW=1.0000  Feat=0.4925  Attn=0.0533  Spatial=0.0624  a_dino=1.000  a_dino_above_floor=0.950  alpha_dino_min_layer_above_floor=0.950  a_dino_min_above_floor=0.950  a_self=0.000  raw_dino=0.528  raw_self=0.472  H=0.995  rKL=8.0071  rGap=0.944  mask_self=0.000  gate_self_state=0.000  Lfused=0.5504  LfusedProbe=0.5500  Ldino=0.5500  Lself=0.1105  U_dino=0.0000  U_self=0.2370  UselfEMA=0.0000  UselfEMA_on=0.0000  UselfEMA_off=0.0000  ProbeN=800  SelfProbeN=800  dino_starved=0  any_layer_dino_starved=0  any_layer_starved=0  dino_starved_alarm=0  dino_starved_windows=0  dual_alive=0  synergy_margin=-0.4395  synergy=0  alarm=0  mitigate=0  mitigateW=0  eff_λ=0.500000  Steps/s=0.81
[[34m2026-04-17 03:16:12[0m] (step=0022500) Loss=0.8151  Loss_diff=0.1597  Loss_align=1.3107  PhaseW=1.0000  DiffW=1.0000  Feat=0.4908  Attn=0.0531  Spatial=0.0623  a_dino=1.000  a_dino_above_floor=0.950  alpha_dino_min_layer_above_floor=0.950  a_dino_min_above_floor=0.950  a_self=0.000  raw_dino=0.528  raw_self=0.472  H=0.995  rKL=8.0082  rGap=0.944  mask_self=0.000  gate_self_state=0.000  Lfused=0.5485  LfusedProbe=0.5484  Ldino=0.5484  Lself=0.1050  U_dino=0.0000  U_self=0.2377  UselfEMA=0.0000  UselfEMA_on=0.0000  UselfEMA_off=0.0000  ProbeN=800  SelfProbeN=800  dino_starved=0  any_layer_dino_starved=0  any_layer_starved=0  dino_starved_alarm=0  dino_starved_windows=0  dual_alive=0  synergy_margin=-0.4433  synergy=0  alarm=0  mitigate=0  mitigateW=0  eff_λ=0.500000  Steps/s=0.81
[[34m2026-04-17 03:26:28[0m] (step=0023000) Loss=0.8148  Loss_diff=0.1590  Loss_align=1.3116  PhaseW=1.0000  DiffW=1.0000  Feat=0.4905  Attn=0.0532  Spatial=0.0623  a_dino=1.000  a_dino_above_floor=0.950  alpha_dino_min_layer_above_floor=0.950  a_dino_min_above_floor=0.950  a_self=0.000  raw_dino=0.527  raw_self=0.473  H=0.995  rKL=8.0164  rGap=0.945  mask_self=0.000  gate_self_state=0.000  Lfused=0.5483  LfusedProbe=0.5513  Ldino=0.5513  Lself=0.0986  U_dino=0.0000  U_self=0.2402  UselfEMA=0.0000  UselfEMA_on=0.0000  UselfEMA_off=0.0000  ProbeN=800  SelfProbeN=800  dino_starved=0  any_layer_dino_starved=0  any_layer_starved=0  dino_starved_alarm=0  dino_starved_windows=0  dual_alive=0  synergy_margin=-0.4527  synergy=0  alarm=0  mitigate=0  mitigateW=0  eff_λ=0.500000  Steps/s=0.81
[[34m2026-04-17 03:36:44[0m] (step=0023500) Loss=0.8138  Loss_diff=0.1581  Loss_align=1.3114  PhaseW=1.0000  DiffW=1.0000  Feat=0.4901  Attn=0.0530  Spatial=0.0624  a_dino=1.000  a_dino_above_floor=0.950  alpha_dino_min_layer_above_floor=0.950  a_dino_min_above_floor=0.950  a_self=0.000  raw_dino=0.527  raw_self=0.473  H=0.996  rKL=8.0245  rGap=0.946  mask_self=0.000  gate_self_state=0.000  Lfused=0.5478  LfusedProbe=0.5482  Ldino=0.5482  Lself=0.0954  U_dino=0.0000  U_self=0.2393  UselfEMA=0.0000  UselfEMA_on=0.0000  UselfEMA_off=0.0000  ProbeN=800  SelfProbeN=800  dino_starved=0  any_layer_dino_starved=0  any_layer_starved=0  dino_starved_alarm=0  dino_starved_windows=0  dual_alive=0  synergy_margin=-0.4529  synergy=0  alarm=0  mitigate=0  mitigateW=0  eff_λ=0.500000  Steps/s=0.81
[[34m2026-04-17 03:47:00[0m] (step=0024000) Loss=0.8160  Loss_diff=0.1609  Loss_align=1.3102  PhaseW=1.0000  DiffW=1.0000  Feat=0.4893  Attn=0.0529  Spatial=0.0623  a_dino=1.000  a_dino_above_floor=0.950  alpha_dino_min_layer_above_floor=0.950  a_dino_min_above_floor=0.950  a_self=0.000  raw_dino=0.527  raw_self=0.473  H=0.996  rKL=8.0230  rGap=0.946  mask_self=0.000  gate_self_state=0.000  Lfused=0.5469  LfusedProbe=0.5457  Ldino=0.5457  Lself=0.0914  U_dino=0.0000  U_self=0.2388  UselfEMA=0.0000  UselfEMA_on=0.0000  UselfEMA_off=0.0000  ProbeN=800  SelfProbeN=800  dino_starved=0  any_layer_dino_starved=0  any_layer_starved=0  dino_starved_alarm=0  dino_starved_windows=0  dual_alive=0  synergy_margin=-0.4543  synergy=0  alarm=0  mitigate=0  mitigateW=0  eff_λ=0.500000  Steps/s=0.81
[[34m2026-04-17 03:57:17[0m] (step=0024500) Loss=0.8146  Loss_diff=0.1591  Loss_align=1.3111  PhaseW=1.0000  DiffW=1.0000  Feat=0.4894  Attn=0.0529  Spatial=0.0624  a_dino=1.000  a_dino_above_floor=0.950  alpha_dino_min_layer_above_floor=0.950  a_dino_min_above_floor=0.950  a_self=0.000  raw_dino=0.527  raw_self=0.473  H=0.996  rKL=8.0293  rGap=0.947  mask_self=0.000  gate_self_state=0.000  Lfused=0.5470  LfusedProbe=0.5472  Ldino=0.5472  Lself=0.0869  U_dino=0.0000  U_self=0.2408  UselfEMA=0.0000  UselfEMA_on=0.0000  UselfEMA_off=0.0000  ProbeN=800  SelfProbeN=800  dino_starved=0  any_layer_dino_starved=0  any_layer_starved=0  dino_starved_alarm=0  dino_starved_windows=0  dual_alive=0  synergy_margin=-0.4604  synergy=0  alarm=0  mitigate=0  mitigateW=0  eff_λ=0.500000  Steps/s=0.81
[[34m2026-04-17 04:07:33[0m] (step=0025000) Loss=0.8132  Loss_diff=0.1573  Loss_align=1.3119  PhaseW=1.0000  DiffW=1.0000  Feat=0.4893  Attn=0.0529  Spatial=0.0624  a_dino=1.000  a_dino_above_floor=0.950  alpha_dino_min_layer_above_floor=0.950  a_dino_min_above_floor=0.950  a_self=0.000  raw_dino=0.526  raw_self=0.474  H=0.996  rKL=8.0398  rGap=0.948  mask_self=0.000  gate_self_state=0.000  Lfused=0.5469  LfusedProbe=0.5451  Ldino=0.5451  Lself=0.0840  U_dino=0.0000  U_self=0.2406  UselfEMA=0.0000  UselfEMA_on=0.0000  UselfEMA_off=0.0000  ProbeN=800  SelfProbeN=800  dino_starved=0  any_layer_dino_starved=0  any_layer_starved=0  dino_starved_alarm=0  dino_starved_windows=0  dual_alive=0  synergy_margin=-0.4611  synergy=0  alarm=0  mitigate=0  mitigateW=0  eff_λ=0.500000  Steps/s=0.81
[[34m2026-04-17 04:07:33[0m]   [step=25000] Router output layer reset to zero (post-warmup uniform initialization).
[rank2]:[W417 04:07:33.619604626 reducer.cpp:1400] Warning: find_unused_parameters=True was specified in DDP constructor, but did not find any unused parameters in the forward pass. This flag results in an extra traversal of the autograd graph every iteration,  which can adversely affect performance. If your model indeed never has any unused parameters in the forward pass, consider turning this flag off. Note that this warning may be a false positive if your model has flow control causing later iterations to have unused parameters. (function operator())
[rank0]:[W417 04:07:33.619625802 reducer.cpp:1400] Warning: find_unused_parameters=True was specified in DDP constructor, but did not find any unused parameters in the forward pass. This flag results in an extra traversal of the autograd graph every iteration,  which can adversely affect performance. If your model indeed never has any unused parameters in the forward pass, consider turning this flag off. Note that this warning may be a false positive if your model has flow control causing later iterations to have unused parameters. (function operator())
[rank3]:[W417 04:07:33.619644745 reducer.cpp:1400] Warning: find_unused_parameters=True was specified in DDP constructor, but did not find any unused parameters in the forward pass. This flag results in an extra traversal of the autograd graph every iteration,  which can adversely affect performance. If your model indeed never has any unused parameters in the forward pass, consider turning this flag off. Note that this warning may be a false positive if your model has flow control causing later iterations to have unused parameters. (function operator())
[rank1]:[W417 04:07:33.620028481 reducer.cpp:1400] Warning: find_unused_parameters=True was specified in DDP constructor, but did not find any unused parameters in the forward pass. This flag results in an extra traversal of the autograd graph every iteration,  which can adversely affect performance. If your model indeed never has any unused parameters in the forward pass, consider turning this flag off. Note that this warning may be a false positive if your model has flow control causing later iterations to have unused parameters. (function operator())
[[34m2026-04-17 04:18:00[0m] (step=0025500) Loss=0.4402  Loss_diff=0.1582  Loss_align=0.5640  PhaseW=1.0000  DiffW=1.0000  Feat=0.4886  Attn=0.0527  Spatial=0.0623  a_dino=0.999  a_dino_above_floor=0.949  alpha_dino_min_layer_above_floor=0.949  a_dino_min_above_floor=0.949  a_self=0.001  raw_dino=0.970  raw_self=0.030  H=0.091  rKL=0.4910  rGap=0.060  mask_self=0.618  gate_self_state=0.618  Lfused=0.5461  LfusedProbe=0.5439  Ldino=0.5441  Lself=0.0826  U_dino=-0.2781  U_self=0.0225  UselfEMA=0.0003  UselfEMA_on=0.0003  UselfEMA_off=0.0934  ProbeN=800  SelfProbeN=800  dino_starved=0  any_layer_dino_starved=0  any_layer_starved=0  dino_starved_alarm=0  dino_starved_windows=0  dual_alive=0  synergy_margin=-0.4612  synergy=0  alarm=0  mitigate=0  mitigateW=0  eff_λ=0.500000  Steps/s=0.80
[[34m2026-04-17 04:28:21[0m] (step=0026000) Loss=0.1966  Loss_diff=0.1590  Loss_align=0.0754  PhaseW=1.0000  DiffW=1.0000  Feat=0.0647  Attn=0.0057  Spatial=0.0182  a_dino=0.136  a_dino_above_floor=0.086  alpha_dino_min_layer_above_floor=0.086  a_dino_min_above_floor=0.086  a_self=0.864  raw_dino=0.100  raw_self=0.900  H=0.100  rKL=0.0254  rGap=0.074  mask_self=1.000  gate_self_state=1.000  Lfused=0.0766  LfusedProbe=0.0812  Ldino=0.5633  Lself=0.0296  U_dino=-0.0516  U_self=0.4821  UselfEMA=0.3757  UselfEMA_on=0.3757  UselfEMA_off=0.0595  ProbeN=800  SelfProbeN=800  dino_starved=0  any_layer_dino_starved=0  any_layer_starved=0  dino_starved_alarm=0  dino_starved_windows=0  dual_alive=1  synergy_margin=-0.0516  synergy=0  alarm=0  mitigate=0  mitigateW=0  eff_λ=0.500000  Steps/s=0.80
[[34m2026-04-17 04:38:46[0m] (step=0026500) Loss=0.1723  Loss_diff=0.1576  Loss_align=0.0293  PhaseW=1.0000  DiffW=1.0000  Feat=0.0208  Attn=0.0010  Spatial=0.0125  a_dino=0.050  a_dino_above_floor=0.000  alpha_dino_min_layer_above_floor=0.000  a_dino_min_above_floor=0.000  a_self=0.950  raw_dino=0.007  raw_self=0.993  H=0.059  rKL=0.0305  rGap=0.086  mask_self=1.000  gate_self_state=1.000  Lfused=0.0275  LfusedProbe=0.0271  Ldino=0.5736  Lself=0.0209  U_dino=-0.0063  U_self=0.5464  UselfEMA=0.5432  UselfEMA_on=0.5432  UselfEMA_off=0.0595  ProbeN=800  SelfProbeN=800  dino_starved=1  any_layer_dino_starved=1  any_layer_starved=1  dino_starved_alarm=0  dino_starved_windows=1  dual_alive=0  synergy_margin=-0.0063  synergy=0  alarm=0  mitigate=0  mitigateW=0  eff_λ=0.500000  Steps/s=0.80
[[34m2026-04-17 04:49:10[0m] (step=0027000) Loss=0.1714  Loss_diff=0.1576  Loss_align=0.0276  PhaseW=1.0000  DiffW=1.0000  Feat=0.0192  Attn=0.0009  Spatial=0.0123  a_dino=0.050  a_dino_above_floor=0.000  alpha_dino_min_layer_above_floor=0.000  a_dino_min_above_floor=0.000  a_self=0.950  raw_dino=0.007  raw_self=0.993  H=0.058  rKL=0.0307  rGap=0.087  mask_self=1.000  gate_self_state=1.000  Lfused=0.0258  LfusedProbe=0.0261  Ldino=0.5772  Lself=0.0198  U_dino=-0.0063  U_self=0.5511  UselfEMA=0.5499  UselfEMA_on=0.5499  UselfEMA_off=0.0595  ProbeN=800  SelfProbeN=800  dino_starved=1  any_layer_dino_starved=1  any_layer_starved=1  dino_starved_alarm=0  dino_starved_windows=2  dual_alive=0  synergy_margin=-0.0063  synergy=0  alarm=0  mitigate=0  mitigateW=0  eff_λ=0.500000  Steps/s=0.80
[[34m2026-04-17 04:59:35[0m] (step=0027500) Loss=0.1702  Loss_diff=0.1570  Loss_align=0.0266  PhaseW=1.0000  DiffW=1.0000  Feat=0.0182  Attn=0.0009  Spatial=0.0122  a_dino=0.050  a_dino_above_floor=0.000  alpha_dino_min_layer_above_floor=0.000  a_dino_min_above_floor=0.000  a_self=0.950  raw_dino=0.007  raw_self=0.993  H=0.058  rKL=0.0309  rGap=0.087  mask_self=1.000  gate_self_state=1.000  Lfused=0.0248  LfusedProbe=0.0244  Ldino=0.5822  Lself=0.0181  U_dino=-0.0063  U_self=0.5578  UselfEMA=0.5569  UselfEMA_on=0.5569  UselfEMA_off=0.0595  ProbeN=800  SelfProbeN=800  dino_starved=1  any_layer_dino_starved=1  any_layer_starved=1  dino_starved_alarm=1  dino_starved_windows=3  dual_alive=0  synergy_margin=-0.0063  synergy=0  alarm=0  mitigate=1  mitigateW=3  eff_λ=0.500000  Steps/s=0.80
[[34m2026-04-17 05:10:01[0m] (step=0028000) Loss=0.4629  Loss_diff=0.1588  Loss_align=0.6082  PhaseW=1.0000  DiffW=1.0000  Feat=0.4921  Attn=0.0536  Spatial=0.0626  a_dino=1.000  a_dino_above_floor=0.950  alpha_dino_min_layer_above_floor=0.950  a_dino_min_above_floor=0.950  a_self=0.000  raw_dino=0.949  raw_self=0.051  H=0.083  rKL=0.8749  rGap=0.101  mask_self=0.000  gate_self_state=0.000  Lfused=0.5502  LfusedProbe=0.5502  Ldino=0.5502  Lself=0.0933  U_dino=0.0000  U_self=0.0477  UselfEMA=0.0000  UselfEMA_on=0.0000  UselfEMA_off=0.0000  ProbeN=800  SelfProbeN=800  dino_starved=0  any_layer_dino_starved=0  any_layer_starved=0  dino_starved_alarm=0  dino_starved_windows=0  dual_alive=0  synergy_margin=-0.4569  synergy=0  alarm=0  mitigate=0  mitigateW=3  eff_λ=0.500000  Steps/s=0.80
[[34m2026-04-17 05:20:29[0m] (step=0028500) Loss=0.4152  Loss_diff=0.1567  Loss_align=0.5170  PhaseW=1.0000  DiffW=1.0000  Feat=0.4895  Attn=0.0531  Spatial=0.0624  a_dino=1.000  a_dino_above_floor=0.950  alpha_dino_min_layer_above_floor=0.950  a_dino_min_above_floor=0.950  a_self=0.000  raw_dino=1.000  raw_self=0.000  H=0.003  rKL=0.0022  rGap=0.000  mask_self=0.000  gate_self_state=0.000  Lfused=0.5472  LfusedProbe=0.5464  Ldino=0.5464  Lself=0.0854  U_dino=0.0000  U_self=0.0203  UselfEMA=0.0000  UselfEMA_on=0.0000  UselfEMA_off=0.0000  ProbeN=800  SelfProbeN=800  dino_starved=0  any_layer_dino_starved=0  any_layer_starved=0  dino_starved_alarm=0  dino_starved_windows=0  dual_alive=0  synergy_margin=-0.4610  synergy=0  alarm=0  mitigate=0  mitigateW=2  eff_λ=0.500000  Steps/s=0.80
[[34m2026-04-17 05:30:57[0m] (step=0029000) Loss=0.4155  Loss_diff=0.1580  Loss_align=0.5149  PhaseW=1.0000  DiffW=1.0000  Feat=0.4882  Attn=0.0528  Spatial=0.0623  a_dino=1.000  a_dino_above_floor=0.950  alpha_dino_min_layer_above_floor=0.950  a_dino_min_above_floor=0.950  a_self=0.000  raw_dino=1.000  raw_self=0.000  H=0.002  rKL=0.0009  rGap=0.000  mask_self=0.000  gate_self_state=0.000  Lfused=0.5458  LfusedProbe=0.5444  Ldino=0.5444  Lself=0.0794  U_dino=0.0000  U_self=0.0203  UselfEMA=0.0000  UselfEMA_on=0.0000  UselfEMA_off=0.0000  ProbeN=800  SelfProbeN=800  dino_starved=0  any_layer_dino_starved=0  any_layer_starved=0  dino_starved_alarm=0  dino_starved_windows=0  dual_alive=0  synergy_margin=-0.4651  synergy=0  alarm=0  mitigate=0  mitigateW=1  eff_λ=0.500000  Steps/s=0.80
[[34m2026-04-17 05:41:25[0m] (step=0029500) Loss=0.4147  Loss_diff=0.1576  Loss_align=0.5141  PhaseW=1.0000  DiffW=1.0000  Feat=0.4877  Attn=0.0528  Spatial=0.0622  a_dino=1.000  a_dino_above_floor=0.950  alpha_dino_min_layer_above_floor=0.950  a_dino_min_above_floor=0.950  a_self=0.000  raw_dino=1.000  raw_self=0.000  H=0.001  rKL=0.0002  rGap=0.000  mask_self=0.618  gate_self_state=0.618  Lfused=0.5452  LfusedProbe=0.5474  Ldino=0.5474  Lself=0.0735  U_dino=-0.2835  U_self=0.0083  UselfEMA=0.0000  UselfEMA_on=0.0000  UselfEMA_off=0.0206  ProbeN=800  SelfProbeN=800  dino_starved=0  any_layer_dino_starved=0  any_layer_starved=0  dino_starved_alarm=0  dino_starved_windows=0  dual_alive=0  synergy_margin=-0.4739  synergy=0  alarm=0  mitigate=0  mitigateW=0  eff_λ=0.500000  Steps/s=0.80
[[34m2026-04-17 05:51:50[0m] (step=0030000) Loss=0.4128  Loss_diff=0.1562  Loss_align=0.5133  PhaseW=1.0000  DiffW=1.0000  Feat=0.4867  Attn=0.0527  Spatial=0.0622  a_dino=1.000  a_dino_above_floor=0.950  alpha_dino_min_layer_above_floor=0.950  a_dino_min_above_floor=0.950  a_self=0.000  raw_dino=1.000  raw_self=0.000  H=0.001  rKL=0.0002  rGap=0.000  mask_self=0.600  gate_self_state=0.600  Lfused=0.5442  LfusedProbe=0.5432  Ldino=0.5432  Lself=0.0690  U_dino=-0.2847  U_self=0.0082  UselfEMA=0.0000  UselfEMA_on=0.0000  UselfEMA_off=0.0205  ProbeN=800  SelfProbeN=800  dino_starved=0  any_layer_dino_starved=0  any_layer_starved=0  dino_starved_alarm=0  dino_starved_windows=0  dual_alive=0  synergy_margin=-0.4742  synergy=0  alarm=0  mitigate=0  mitigateW=0  eff_λ=0.500000  Steps/s=0.80
[[34m2026-04-17 05:52:24[0m] Beginning epoch 3 ...
[[34m2026-04-17 06:02:19[0m] (step=0030500) Loss=0.4130  Loss_diff=0.1576  Loss_align=0.5108  PhaseW=1.0000  DiffW=1.0000  Feat=0.4854  Attn=0.0525  Spatial=0.0622  a_dino=1.000  a_dino_above_floor=0.950  alpha_dino_min_layer_above_floor=0.950  a_dino_min_above_floor=0.950  a_self=0.000  raw_dino=1.000  raw_self=0.000  H=0.001  rKL=0.0001  rGap=0.000  mask_self=0.782  gate_self_state=0.782  Lfused=0.5427  LfusedProbe=0.5453  Ldino=0.5453  Lself=0.0685  U_dino=-0.3820  U_self=0.0041  UselfEMA=0.0000  UselfEMA_on=0.0000  UselfEMA_off=0.0205  ProbeN=800  SelfProbeN=800  dino_starved=0  any_layer_dino_starved=0  any_layer_starved=0  dino_starved_alarm=0  dino_starved_windows=0  dual_alive=0  synergy_margin=-0.4768  synergy=0  alarm=0  mitigate=0  mitigateW=0  eff_λ=0.500000  Steps/s=0.79
[[34m2026-04-17 06:12:48[0m] (step=0031000) Loss=0.4129  Loss_diff=0.1574  Loss_align=0.5109  PhaseW=1.0000  DiffW=1.0000  Feat=0.4855  Attn=0.0525  Spatial=0.0622  a_dino=1.000  a_dino_above_floor=0.950  alpha_dino_min_layer_above_floor=0.950  a_dino_min_above_floor=0.950  a_self=0.000  raw_dino=1.000  raw_self=0.000  H=0.001  rKL=0.0001  rGap=0.000  mask_self=0.818  gate_self_state=0.818  Lfused=0.5429  LfusedProbe=0.5425  Ldino=0.5425  Lself=0.0657  U_dino=-0.3814  U_self=0.0041  UselfEMA=0.0000  UselfEMA_on=0.0000  UselfEMA_off=0.0206  ProbeN=800  SelfProbeN=800  dino_starved=0  any_layer_dino_starved=0  any_layer_starved=0  dino_starved_alarm=0  dino_starved_windows=0  dual_alive=0  synergy_margin=-0.4768  synergy=0  alarm=0  mitigate=0  mitigateW=0  eff_λ=0.500000  Steps/s=0.80
[[34m2026-04-17 06:23:15[0m] (step=0031500) Loss=0.4125  Loss_diff=0.1576  Loss_align=0.5098  PhaseW=1.0000  DiffW=1.0000  Feat=0.4841  Attn=0.0524  Spatial=0.0621  a_dino=1.000  a_dino_above_floor=0.950  alpha_dino_min_layer_above_floor=0.950  a_dino_min_above_floor=0.950  a_self=0.000  raw_dino=1.000  raw_self=0.000  H=0.001  rKL=0.0002  rGap=0.000  mask_self=0.600  gate_self_state=0.600  Lfused=0.5414  LfusedProbe=0.5404  Ldino=0.5404  Lself=0.0644  U_dino=-0.2863  U_self=0.0082  UselfEMA=0.0000  UselfEMA_on=0.0000  UselfEMA_off=0.0204  ProbeN=800  SelfProbeN=800  dino_starved=0  any_layer_dino_starved=0  any_layer_starved=0  dino_starved_alarm=0  dino_starved_windows=0  dual_alive=0  synergy_margin=-0.4760  synergy=0  alarm=0  mitigate=0  mitigateW=0  eff_λ=0.500000  Steps/s=0.80
[[34m2026-04-17 06:33:42[0m] (step=0032000) Loss=0.4128  Loss_diff=0.1584  Loss_align=0.5089  PhaseW=1.0000  DiffW=1.0000  Feat=0.4837  Attn=0.0524  Spatial=0.0621  a_dino=1.000  a_dino_above_floor=0.950  alpha_dino_min_layer_above_floor=0.950  a_dino_min_above_floor=0.950  a_self=0.000  raw_dino=1.000  raw_self=0.000  H=0.001  rKL=0.0003  rGap=0.000  mask_self=0.600  gate_self_state=0.600  Lfused=0.5410  LfusedProbe=0.5447  Ldino=0.5447  Lself=0.0634  U_dino=-0.2889  U_self=0.0083  UselfEMA=0.0000  UselfEMA_on=0.0000  UselfEMA_off=0.0204  ProbeN=800  SelfProbeN=800  dino_starved=0  any_layer_dino_starved=0  any_layer_starved=0  dino_starved_alarm=0  dino_starved_windows=0  dual_alive=0  synergy_margin=-0.4813  synergy=0  alarm=0  mitigate=0  mitigateW=0  eff_λ=0.500000  Steps/s=0.80
[[34m2026-04-17 06:44:10[0m] (step=0032500) Loss=0.4113  Loss_diff=0.1575  Loss_align=0.5077  PhaseW=1.0000  DiffW=1.0000  Feat=0.4830  Attn=0.0522  Spatial=0.0621  a_dino=1.000  a_dino_above_floor=0.950  alpha_dino_min_layer_above_floor=0.950  a_dino_min_above_floor=0.950  a_self=0.000  raw_dino=1.000  raw_self=0.000  H=0.001  rKL=0.0000  rGap=0.000  mask_self=0.982  gate_self_state=0.982  Lfused=0.5402  LfusedProbe=0.5385  Ldino=0.5385  Lself=0.0613  U_dino=-0.4772  U_self=0.0000  UselfEMA=0.0000  UselfEMA_on=0.0000  UselfEMA_off=0.0206  ProbeN=800  SelfProbeN=800  dino_starved=0  any_layer_dino_starved=0  any_layer_starved=0  dino_starved_alarm=0  dino_starved_windows=0  dual_alive=0  synergy_margin=-0.4772  synergy=0  alarm=0  mitigate=0  mitigateW=0  eff_λ=0.500000  Steps/s=0.80
[[34m2026-04-17 06:54:37[0m] (step=0033000) Loss=0.4129  Loss_diff=0.1587  Loss_align=0.5083  PhaseW=1.0000  DiffW=1.0000  Feat=0.4836  Attn=0.0523  Spatial=0.0621  a_dino=1.000  a_dino_above_floor=0.950  alpha_dino_min_layer_above_floor=0.950  a_dino_min_above_floor=0.950  a_self=0.000  raw_dino=1.000  raw_self=0.000  H=0.001  rKL=0.0003  rGap=0.000  mask_self=0.618  gate_self_state=0.618  Lfused=0.5408  LfusedProbe=0.5410  Ldino=0.5410  Lself=0.0608  U_dino=-0.2881  U_self=0.0082  UselfEMA=0.0000  UselfEMA_on=0.0000  UselfEMA_off=0.0204  ProbeN=800  SelfProbeN=800  dino_starved=0  any_layer_dino_starved=0  any_layer_starved=0  dino_starved_alarm=0  dino_starved_windows=0  dual_alive=0  synergy_margin=-0.4801  synergy=0  alarm=0  mitigate=0  mitigateW=0  eff_λ=0.500000  Steps/s=0.80
[[34m2026-04-17 07:05:04[0m] (step=0033500) Loss=0.4105  Loss_diff=0.1565  Loss_align=0.5080  PhaseW=1.0000  DiffW=1.0000  Feat=0.4833  Attn=0.0524  Spatial=0.0622  a_dino=1.000  a_dino_above_floor=0.950  alpha_dino_min_layer_above_floor=0.950  a_dino_min_above_floor=0.950  a_self=0.000  raw_dino=1.000  raw_self=0.000  H=0.001  rKL=0.0003  rGap=0.000  mask_self=0.600  gate_self_state=0.600  Lfused=0.5405  LfusedProbe=0.5400  Ldino=0.5401  Lself=0.0583  U_dino=-0.2885  U_self=0.0083  UselfEMA=0.0000  UselfEMA_on=0.0000  UselfEMA_off=0.0206  ProbeN=800  SelfProbeN=800  dino_starved=0  any_layer_dino_starved=0  any_layer_starved=0  dino_starved_alarm=0  dino_starved_windows=0  dual_alive=0  synergy_margin=-0.4818  synergy=0  alarm=0  mitigate=0  mitigateW=0  eff_λ=0.500000  Steps/s=0.80
[[34m2026-04-17 07:15:31[0m] (step=0034000) Loss=0.4107  Loss_diff=0.1570  Loss_align=0.5073  PhaseW=1.0000  DiffW=1.0000  Feat=0.4827  Attn=0.0522  Spatial=0.0620  a_dino=1.000  a_dino_above_floor=0.950  alpha_dino_min_layer_above_floor=0.950  a_dino_min_above_floor=0.950  a_self=0.000  raw_dino=1.000  raw_self=0.000  H=0.002  rKL=0.0003  rGap=0.000  mask_self=0.782  gate_self_state=0.782  Lfused=0.5398  LfusedProbe=0.5406  Ldino=0.5407  Lself=0.0576  U_dino=-0.3869  U_self=0.0042  UselfEMA=0.0000  UselfEMA_on=0.0000  UselfEMA_off=0.0206  ProbeN=800  SelfProbeN=800  dino_starved=0  any_layer_dino_starved=0  any_layer_starved=0  dino_starved_alarm=0  dino_starved_windows=0  dual_alive=0  synergy_margin=-0.4830  synergy=0  alarm=0  mitigate=0  mitigateW=0  eff_λ=0.500000  Steps/s=0.80
[[34m2026-04-17 07:25:58[0m] (step=0034500) Loss=0.4091  Loss_diff=0.1555  Loss_align=0.5071  PhaseW=1.0000  DiffW=1.0000  Feat=0.4829  Attn=0.0523  Spatial=0.0620  a_dino=1.000  a_dino_above_floor=0.950  alpha_dino_min_layer_above_floor=0.950  a_dino_min_above_floor=0.950  a_self=0.000  raw_dino=1.000  raw_self=0.000  H=0.001  rKL=0.0001  rGap=0.000  mask_self=0.818  gate_self_state=0.818  Lfused=0.5401  LfusedProbe=0.5390  Ldino=0.5390  Lself=0.0573  U_dino=-0.3860  U_self=0.0041  UselfEMA=0.0000  UselfEMA_on=0.0000  UselfEMA_off=0.0205  ProbeN=800  SelfProbeN=800  dino_starved=0  any_layer_dino_starved=0  any_layer_starved=0  dino_starved_alarm=0  dino_starved_windows=0  dual_alive=0  synergy_margin=-0.4816  synergy=0  alarm=0  mitigate=0  mitigateW=0  eff_λ=0.500000  Steps/s=0.80
[[34m2026-04-17 07:36:25[0m] (step=0035000) Loss=0.4098  Loss_diff=0.1569  Loss_align=0.5058  PhaseW=1.0000  DiffW=1.0000  Feat=0.4818  Attn=0.0522  Spatial=0.0620  a_dino=1.000  a_dino_above_floor=0.950  alpha_dino_min_layer_above_floor=0.950  a_dino_min_above_floor=0.950  a_self=0.000  raw_dino=1.000  raw_self=0.000  H=0.002  rKL=0.0005  rGap=0.000  mask_self=0.600  gate_self_state=0.600  Lfused=0.5389  LfusedProbe=0.5400  Ldino=0.5401  Lself=0.0553  U_dino=-0.2905  U_self=0.0083  UselfEMA=0.0001  UselfEMA_on=0.0001  UselfEMA_off=0.0208  ProbeN=800  SelfProbeN=800  dino_starved=0  any_layer_dino_starved=0  any_layer_starved=0  dino_starved_alarm=0  dino_starved_windows=0  dual_alive=0  synergy_margin=-0.4847  synergy=0  alarm=0  mitigate=0  mitigateW=0  eff_λ=0.500000  Steps/s=0.80
[[34m2026-04-17 07:46:52[0m] (step=0035500) Loss=0.4109  Loss_diff=0.1576  Loss_align=0.5066  PhaseW=1.0000  DiffW=1.0000  Feat=0.4825  Attn=0.0520  Spatial=0.0621  a_dino=1.000  a_dino_above_floor=0.950  alpha_dino_min_layer_above_floor=0.950  a_dino_min_above_floor=0.950  a_self=0.000  raw_dino=1.000  raw_self=0.000  H=0.003  rKL=0.0015  rGap=0.000  mask_self=0.600  gate_self_state=0.600  Lfused=0.5395  LfusedProbe=0.5387  Ldino=0.5388  Lself=0.0561  U_dino=-0.2901  U_self=0.0083  UselfEMA=0.0002  UselfEMA_on=0.0002  UselfEMA_off=0.0206  ProbeN=800  SelfProbeN=800  dino_starved=0  any_layer_dino_starved=0  any_layer_starved=0  dino_starved_alarm=0  dino_starved_windows=0  dual_alive=0  synergy_margin=-0.4826  synergy=0  alarm=0  mitigate=0  mitigateW=0  eff_λ=0.500000  Steps/s=0.80
[[34m2026-04-17 07:57:19[0m] (step=0036000) Loss=0.4098  Loss_diff=0.1568  Loss_align=0.5060  PhaseW=1.0000  DiffW=1.0000  Feat=0.4822  Attn=0.0520  Spatial=0.0620  a_dino=1.000  a_dino_above_floor=0.950  alpha_dino_min_layer_above_floor=0.950  a_dino_min_above_floor=0.950  a_self=0.000  raw_dino=1.000  raw_self=0.000  H=0.001  rKL=0.0001  rGap=0.000  mask_self=0.982  gate_self_state=0.982  Lfused=0.5392  LfusedProbe=0.5390  Ldino=0.5390  Lself=0.0537  U_dino=-0.4853  U_self=0.0000  UselfEMA=0.0000  UselfEMA_on=0.0000  UselfEMA_off=0.0205  ProbeN=800  SelfProbeN=800  dino_starved=0  any_layer_dino_starved=0  any_layer_starved=0  dino_starved_alarm=0  dino_starved_windows=0  dual_alive=0  synergy_margin=-0.4853  synergy=0  alarm=0  mitigate=0  mitigateW=0  eff_λ=0.500000  Steps/s=0.80
[[34m2026-04-17 08:07:45[0m] (step=0036500) Loss=0.4085  Loss_diff=0.1559  Loss_align=0.5051  PhaseW=1.0000  DiffW=1.0000  Feat=0.4813  Attn=0.0520  Spatial=0.0621  a_dino=1.000  a_dino_above_floor=0.950  alpha_dino_min_layer_above_floor=0.950  a_dino_min_above_floor=0.950  a_self=0.000  raw_dino=1.000  raw_self=0.000  H=0.001  rKL=0.0002  rGap=0.000  mask_self=0.618  gate_self_state=0.618  Lfused=0.5384  LfusedProbe=0.5364  Ldino=0.5365  Lself=0.0541  U_dino=-0.2904  U_self=0.0082  UselfEMA=0.0000  UselfEMA_on=0.0000  UselfEMA_off=0.0204  ProbeN=800  SelfProbeN=800  dino_starved=0  any_layer_dino_starved=0  any_layer_starved=0  dino_starved_alarm=0  dino_starved_windows=0  dual_alive=0  synergy_margin=-0.4823  synergy=0  alarm=0  mitigate=0  mitigateW=0  eff_λ=0.500000  Steps/s=0.80
[[34m2026-04-17 08:18:13[0m] (step=0037000) Loss=0.2607  Loss_diff=0.1574  Loss_align=0.2068  PhaseW=1.0000  DiffW=1.0000  Feat=0.1922  Attn=0.0197  Spatial=0.0320  a_dino=0.395  a_dino_above_floor=0.345  alpha_dino_min_layer_above_floor=0.345  a_dino_min_above_floor=0.345  a_self=0.605  raw_dino=0.367  raw_self=0.633  H=0.048  rKL=0.0210  rGap=0.055  mask_self=1.000  gate_self_state=1.000  Lfused=0.2180  LfusedProbe=0.2242  Ldino=0.5409  Lself=0.0377  U_dino=-0.1864  U_self=0.3167  UselfEMA=0.2187  UselfEMA_on=0.2187  UselfEMA_off=0.0205  ProbeN=800  SelfProbeN=800  dino_starved=0  any_layer_dino_starved=0  any_layer_starved=0  dino_starved_alarm=0  dino_starved_windows=0  dual_alive=1  synergy_margin=-0.1864  synergy=0  alarm=0  mitigate=0  mitigateW=0  eff_λ=0.500000  Steps/s=0.80
[[34m2026-04-17 08:28:39[0m] (step=0037500) Loss=0.1722  Loss_diff=0.1550  Loss_align=0.0344  PhaseW=1.0000  DiffW=1.0000  Feat=0.0256  Attn=0.0013  Spatial=0.0141  a_dino=0.050  a_dino_above_floor=0.000  alpha_dino_min_layer_above_floor=0.000  a_dino_min_above_floor=0.000  a_self=0.950  raw_dino=0.006  raw_self=0.994  H=0.056  rKL=0.0314  rGap=0.087  mask_self=1.000  gate_self_state=1.000  Lfused=0.0333  LfusedProbe=0.0347  Ldino=0.5459  Lself=0.0279  U_dino=-0.0068  U_self=0.5112  UselfEMA=0.5064  UselfEMA_on=0.5064  UselfEMA_off=0.0205  ProbeN=800  SelfProbeN=800  dino_starved=1  any_layer_dino_starved=1  any_layer_starved=1  dino_starved_alarm=0  dino_starved_windows=1  dual_alive=0  synergy_margin=-0.0068  synergy=0  alarm=0  mitigate=0  mitigateW=0  eff_λ=0.500000  Steps/s=0.80
[[34m2026-04-17 08:39:05[0m] (step=0038000) Loss=0.1747  Loss_diff=0.1578  Loss_align=0.0338  PhaseW=1.0000  DiffW=1.0000  Feat=0.0249  Attn=0.0013  Spatial=0.0141  a_dino=0.050  a_dino_above_floor=0.000  alpha_dino_min_layer_above_floor=0.000  a_dino_min_above_floor=0.000  a_self=0.950  raw_dino=0.006  raw_self=0.994  H=0.054  rKL=0.0322  rGap=0.088  mask_self=1.000  gate_self_state=1.000  Lfused=0.0325  LfusedProbe=0.0315  Ldino=0.5419  Lself=0.0248  U_dino=-0.0067  U_self=0.5104  UselfEMA=0.5112  UselfEMA_on=0.5112  UselfEMA_off=0.0205  ProbeN=800  SelfProbeN=800  dino_starved=1  any_layer_dino_starved=1  any_layer_starved=1  dino_starved_alarm=0  dino_starved_windows=2  dual_alive=0  synergy_margin=-0.0067  synergy=0  alarm=0  mitigate=0  mitigateW=0  eff_λ=0.500000  Steps/s=0.80
[[34m2026-04-17 08:49:33[0m] (step=0038500) Loss=0.1716  Loss_diff=0.1549  Loss_align=0.0334  PhaseW=1.0000  DiffW=1.0000  Feat=0.0245  Attn=0.0012  Spatial=0.0141  a_dino=0.050  a_dino_above_floor=0.000  alpha_dino_min_layer_above_floor=0.000  a_dino_min_above_floor=0.000  a_self=0.950  raw_dino=0.006  raw_self=0.994  H=0.052  rKL=0.0326  rGap=0.088  mask_self=1.000  gate_self_state=1.000  Lfused=0.0322  LfusedProbe=0.0312  Ldino=0.5463  Lself=0.0244  U_dino=-0.0068  U_self=0.5151  UselfEMA=0.5147  UselfEMA_on=0.5147  UselfEMA_off=0.0205  ProbeN=800  SelfProbeN=800  dino_starved=1  any_layer_dino_starved=1  any_layer_starved=1  dino_starved_alarm=1  dino_starved_windows=3  dual_alive=0  synergy_margin=-0.0068  synergy=0  alarm=0  mitigate=1  mitigateW=3  eff_λ=0.500000  Steps/s=0.80
[[34m2026-04-17 09:00:00[0m] (step=0039000) Loss=0.4213  Loss_diff=0.1559  Loss_align=0.5309  PhaseW=1.0000  DiffW=1.0000  Feat=0.4833  Attn=0.0525  Spatial=0.0622  a_dino=1.000  a_dino_above_floor=0.950  alpha_dino_min_layer_above_floor=0.950  a_dino_min_above_floor=0.950  a_self=0.000  raw_dino=0.987  raw_self=0.013  H=0.008  rKL=0.2320  rGap=0.026  mask_self=0.000  gate_self_state=0.000  Lfused=0.5406  LfusedProbe=0.5429  Ldino=0.5429  Lself=0.0565  U_dino=0.0000  U_self=0.0302  UselfEMA=0.0000  UselfEMA_on=0.0000  UselfEMA_off=0.0000  ProbeN=800  SelfProbeN=800  dino_starved=0  any_layer_dino_starved=0  any_layer_starved=0  dino_starved_alarm=0  dino_starved_windows=0  dual_alive=0  synergy_margin=-0.4864  synergy=0  alarm=0  mitigate=0  mitigateW=3  eff_λ=0.500000  Steps/s=0.80
[[34m2026-04-17 09:10:27[0m] (step=0039500) Loss=0.4094  Loss_diff=0.1565  Loss_align=0.5059  PhaseW=1.0000  DiffW=1.0000  Feat=0.4821  Attn=0.0522  Spatial=0.0621  a_dino=1.000  a_dino_above_floor=0.950  alpha_dino_min_layer_above_floor=0.950  a_dino_min_above_floor=0.950  a_self=0.000  raw_dino=1.000  raw_self=0.000  H=0.000  rKL=0.0000  rGap=0.000  mask_self=0.000  gate_self_state=0.000  Lfused=0.5392  LfusedProbe=0.5403  Ldino=0.5403  Lself=0.0551  U_dino=0.0000  U_self=0.0204  UselfEMA=0.0000  UselfEMA_on=0.0000  UselfEMA_off=0.0000  ProbeN=800  SelfProbeN=800  dino_starved=0  any_layer_dino_starved=0  any_layer_starved=0  dino_starved_alarm=0  dino_starved_windows=0  dual_alive=0  synergy_margin=-0.4852  synergy=0  alarm=0  mitigate=0  mitigateW=2  eff_λ=0.500000  Steps/s=0.80
[[34m2026-04-17 09:20:54[0m] (step=0040000) Loss=0.4088  Loss_diff=0.1560  Loss_align=0.5056  PhaseW=1.0000  DiffW=1.0000  Feat=0.4819  Attn=0.0521  Spatial=0.0621  a_dino=1.000  a_dino_above_floor=0.950  alpha_dino_min_layer_above_floor=0.950  a_dino_min_above_floor=0.950  a_self=0.000  raw_dino=1.000  raw_self=0.000  H=0.000  rKL=0.0000  rGap=0.000  mask_self=0.000  gate_self_state=0.000  Lfused=0.5390  LfusedProbe=0.5414  Ldino=0.5414  Lself=0.0548  U_dino=0.0000  U_self=0.0204  UselfEMA=0.0000  UselfEMA_on=0.0000  UselfEMA_off=0.0000  ProbeN=800  SelfProbeN=800  dino_starved=0  any_layer_dino_starved=0  any_layer_starved=0  dino_starved_alarm=0  dino_starved_windows=0  dual_alive=0  synergy_margin=-0.4866  synergy=0  alarm=0  mitigate=0  mitigateW=1  eff_λ=0.500000  Steps/s=0.80
[[34m2026-04-17 09:21:26[0m] Saved checkpoint to /data/liuchunfa/2026qjx/s3a_runs/dit_xl_s3a_dinov2_400k_bz128_20260416/DiT-XL-2-seed0-20260416-193137-945ecf-s3a-dinov2-lam0.5-trainpiecewise_cosine-diffcosine/checkpoints/0040000.pt (manifest: /data/liuchunfa/2026qjx/s3a_runs/dit_xl_s3a_dinov2_400k_bz128_20260416/DiT-XL-2-seed0-20260416-193137-945ecf-s3a-dinov2-lam0.5-trainpiecewise_cosine-diffcosine/checkpoints/0040000.pt.sha256.json)
[[34m2026-04-17 09:22:10[0m] Beginning epoch 4 ...
[[34m2026-04-17 09:31:50[0m] (step=0040500) Loss=0.4099  Loss_diff=0.1589  Loss_align=0.5020  PhaseW=1.0000  DiffW=1.0000  Feat=0.4792  Attn=0.0518  Spatial=0.0619  a_dino=1.000  a_dino_above_floor=0.950  alpha_dino_min_layer_above_floor=0.950  a_dino_min_above_floor=0.950  a_self=0.000  raw_dino=1.000  raw_self=0.000  H=0.000  rKL=0.0000  rGap=0.000  mask_self=0.618  gate_self_state=0.618  Lfused=0.5361  LfusedProbe=0.5352  Ldino=0.5352  Lself=0.0501  U_dino=-0.2908  U_self=0.0082  UselfEMA=0.0000  UselfEMA_on=0.0000  UselfEMA_off=0.0204  ProbeN=800  SelfProbeN=800  dino_starved=0  any_layer_dino_starved=0  any_layer_starved=0  dino_starved_alarm=0  dino_starved_windows=0  dual_alive=0  synergy_margin=-0.4851  synergy=0  alarm=0  mitigate=0  mitigateW=0  eff_λ=0.500000  Steps/s=0.76
[[34m2026-04-17 09:42:17[0m] (step=0041000) Loss=0.4093  Loss_diff=0.1582  Loss_align=0.5022  PhaseW=1.0000  DiffW=1.0000  Feat=0.4793  Attn=0.0518  Spatial=0.0619  a_dino=1.000  a_dino_above_floor=0.950  alpha_dino_min_layer_above_floor=0.950  a_dino_min_above_floor=0.950  a_self=0.000  raw_dino=1.000  raw_self=0.000  H=0.000  rKL=0.0000  rGap=0.000  mask_self=0.600  gate_self_state=0.600  Lfused=0.5362  LfusedProbe=0.5351  Ldino=0.5351  Lself=0.0506  U_dino=-0.2903  U_self=0.0082  UselfEMA=0.0000  UselfEMA_on=0.0000  UselfEMA_off=0.0203  ProbeN=800  SelfProbeN=800  dino_starved=0  any_layer_dino_starved=0  any_layer_starved=0  dino_starved_alarm=0  dino_starved_windows=0  dual_alive=0  synergy_margin=-0.4845  synergy=0  alarm=0  mitigate=0  mitigateW=0  eff_λ=0.500000  Steps/s=0.80
[[34m2026-04-17 09:52:45[0m] (step=0041500) Loss=0.4075  Loss_diff=0.1565  Loss_align=0.5019  PhaseW=1.0000  DiffW=1.0000  Feat=0.4792  Attn=0.0519  Spatial=0.0620  a_dino=1.000  a_dino_above_floor=0.950  alpha_dino_min_layer_above_floor=0.950  a_dino_min_above_floor=0.950  a_self=0.000  raw_dino=1.000  raw_self=0.000  H=0.000  rKL=0.0000  rGap=0.000  mask_self=0.782  gate_self_state=0.782  Lfused=0.5362  LfusedProbe=0.5379  Ldino=0.5379  Lself=0.0492  U_dino=-0.3910  U_self=0.0041  UselfEMA=0.0000  UselfEMA_on=0.0000  UselfEMA_off=0.0203  ProbeN=800  SelfProbeN=800  dino_starved=0  any_layer_dino_starved=0  any_layer_starved=0  dino_starved_alarm=0  dino_starved_windows=0  dual_alive=0  synergy_margin=-0.4887  synergy=0  alarm=0  mitigate=0  mitigateW=0  eff_λ=0.500000  Steps/s=0.80
[[34m2026-04-17 10:03:13[0m] (step=0042000) Loss=0.4067  Loss_diff=0.1554  Loss_align=0.5025  PhaseW=1.0000  DiffW=1.0000  Feat=0.4795  Attn=0.0519  Spatial=0.0621  a_dino=1.000  a_dino_above_floor=0.950  alpha_dino_min_layer_above_floor=0.950  a_dino_min_above_floor=0.950  a_self=0.000  raw_dino=1.000  raw_self=0.000  H=0.000  rKL=0.0000  rGap=0.000  mask_self=0.818  gate_self_state=0.818  Lfused=0.5365  LfusedProbe=0.5375  Ldino=0.5375  Lself=0.0472  U_dino=-0.3922  U_self=0.0041  UselfEMA=0.0000  UselfEMA_on=0.0000  UselfEMA_off=0.0205  ProbeN=800  SelfProbeN=800  dino_starved=0  any_layer_dino_starved=0  any_layer_starved=0  dino_starved_alarm=0  dino_starved_windows=0  dual_alive=0  synergy_margin=-0.4902  synergy=0  alarm=0  mitigate=0  mitigateW=0  eff_λ=0.500000  Steps/s=0.80
[[34m2026-04-17 10:13:40[0m] (step=0042500) Loss=0.4066  Loss_diff=0.1560  Loss_align=0.5013  PhaseW=1.0000  DiffW=1.0000  Feat=0.4787  Attn=0.0518  Spatial=0.0619  a_dino=1.000  a_dino_above_floor=0.950  alpha_dino_min_layer_above_floor=0.950  a_dino_min_above_floor=0.950  a_self=0.000  raw_dino=1.000  raw_self=0.000  H=0.000  rKL=0.0000  rGap=0.000  mask_self=0.600  gate_self_state=0.600  Lfused=0.5356  LfusedProbe=0.5380  Ldino=0.5380  Lself=0.0497  U_dino=-0.2926  U_self=0.0082  UselfEMA=0.0000  UselfEMA_on=0.0000  UselfEMA_off=0.0205  ProbeN=800  SelfProbeN=800  dino_starved=0  any_layer_dino_starved=0  any_layer_starved=0  dino_starved_alarm=0  dino_starved_windows=0  dual_alive=0  synergy_margin=-0.4883  synergy=0  alarm=0  mitigate=0  mitigateW=0  eff_λ=0.500000  Steps/s=0.80
[[34m2026-04-17 10:24:08[0m] (step=0043000) Loss=0.4078  Loss_diff=0.1582  Loss_align=0.4992  PhaseW=1.0000  DiffW=1.0000  Feat=0.4771  Attn=0.0515  Spatial=0.0618  a_dino=1.000  a_dino_above_floor=0.950  alpha_dino_min_layer_above_floor=0.950  a_dino_min_above_floor=0.950  a_self=0.000  raw_dino=1.000  raw_self=0.000  H=0.000  rKL=0.0000  rGap=0.000  mask_self=0.600  gate_self_state=0.600  Lfused=0.5338  LfusedProbe=0.5357  Ldino=0.5357  Lself=0.0479  U_dino=-0.2919  U_self=0.0082  UselfEMA=0.0000  UselfEMA_on=0.0000  UselfEMA_off=0.0204  ProbeN=800  SelfProbeN=800  dino_starved=0  any_layer_dino_starved=0  any_layer_starved=0  dino_starved_alarm=0  dino_starved_windows=0  dual_alive=0  synergy_margin=-0.4878  synergy=0  alarm=0  mitigate=0  mitigateW=0  eff_λ=0.500000  Steps/s=0.80
[[34m2026-04-17 10:34:36[0m] (step=0043500) Loss=0.4048  Loss_diff=0.1550  Loss_align=0.4997  PhaseW=1.0000  DiffW=1.0000  Feat=0.4776  Attn=0.0518  Spatial=0.0618  a_dino=1.000  a_dino_above_floor=0.950  alpha_dino_min_layer_above_floor=0.950  a_dino_min_above_floor=0.950  a_self=0.000  raw_dino=1.000  raw_self=0.000  H=0.000  rKL=0.0000  rGap=0.000  mask_self=0.982  gate_self_state=0.982  Lfused=0.5344  LfusedProbe=0.5332  Ldino=0.5332  Lself=0.0466  U_dino=-0.4866  U_self=0.0000  UselfEMA=0.0000  UselfEMA_on=0.0000  UselfEMA_off=0.0205  ProbeN=800  SelfProbeN=800  dino_starved=0  any_layer_dino_starved=0  any_layer_starved=0  dino_starved_alarm=0  dino_starved_windows=0  dual_alive=0  synergy_margin=-0.4866  synergy=0  alarm=0  mitigate=0  mitigateW=0  eff_λ=0.500000  Steps/s=0.80
[[34m2026-04-17 10:45:04[0m] (step=0044000) Loss=0.4048  Loss_diff=0.1544  Loss_align=0.5008  PhaseW=1.0000  DiffW=1.0000  Feat=0.4787  Attn=0.0518  Spatial=0.0620  a_dino=1.000  a_dino_above_floor=0.950  alpha_dino_min_layer_above_floor=0.950  a_dino_min_above_floor=0.950  a_self=0.000  raw_dino=1.000  raw_self=0.000  H=0.000  rKL=0.0000  rGap=0.000  mask_self=0.618  gate_self_state=0.618  Lfused=0.5356  LfusedProbe=0.5341  Ldino=0.5341  Lself=0.0476  U_dino=-0.2925  U_self=0.0081  UselfEMA=0.0000  UselfEMA_on=0.0000  UselfEMA_off=0.0203  ProbeN=800  SelfProbeN=800  dino_starved=0  any_layer_dino_starved=0  any_layer_starved=0  dino_starved_alarm=0  dino_starved_windows=0  dual_alive=0  synergy_margin=-0.4865  synergy=0  alarm=0  mitigate=0  mitigateW=0  eff_λ=0.500000  Steps/s=0.80
[[34m2026-04-17 10:55:32[0m] (step=0044500) Loss=0.4060  Loss_diff=0.1562  Loss_align=0.4995  PhaseW=1.0000  DiffW=1.0000  Feat=0.4771  Attn=0.0516  Spatial=0.0619  a_dino=1.000  a_dino_above_floor=0.950  alpha_dino_min_layer_above_floor=0.950  a_dino_min_above_floor=0.950  a_self=0.000  raw_dino=1.000  raw_self=0.000  H=0.000  rKL=0.0000  rGap=0.000  mask_self=0.600  gate_self_state=0.600  Lfused=0.5339  LfusedProbe=0.5353  Ldino=0.5353  Lself=0.0477  U_dino=-0.2939  U_self=0.0081  UselfEMA=0.0000  UselfEMA_on=0.0000  UselfEMA_off=0.0204  ProbeN=800  SelfProbeN=800  dino_starved=0  any_layer_dino_starved=0  any_layer_starved=0  dino_starved_alarm=0  dino_starved_windows=0  dual_alive=0  synergy_margin=-0.4876  synergy=0  alarm=0  mitigate=0  mitigateW=0  eff_λ=0.500000  Steps/s=0.80
[[34m2026-04-17 11:06:01[0m] (step=0045000) Loss=0.4049  Loss_diff=0.1557  Loss_align=0.4984  PhaseW=1.0000  DiffW=1.0000  Feat=0.4767  Attn=0.0516  Spatial=0.0618  a_dino=1.000  a_dino_above_floor=0.950  alpha_dino_min_layer_above_floor=0.950  a_dino_min_above_floor=0.950  a_self=0.000  raw_dino=1.000  raw_self=0.000  H=0.000  rKL=0.0000  rGap=0.000  mask_self=0.782  gate_self_state=0.782  Lfused=0.5334  LfusedProbe=0.5347  Ldino=0.5347  Lself=0.0477  U_dino=-0.3896  U_self=0.0041  UselfEMA=0.0000  UselfEMA_on=0.0000  UselfEMA_off=0.0205  ProbeN=800  SelfProbeN=800  dino_starved=0  any_layer_dino_starved=0  any_layer_starved=0  dino_starved_alarm=0  dino_starved_windows=0  dual_alive=0  synergy_margin=-0.4870  synergy=0  alarm=0  mitigate=0  mitigateW=0  eff_λ=0.500000  Steps/s=0.80
[[34m2026-04-17 11:16:30[0m] (step=0045500) Loss=0.4047  Loss_diff=0.1558  Loss_align=0.4978  PhaseW=1.0000  DiffW=1.0000  Feat=0.4760  Attn=0.0515  Spatial=0.0618  a_dino=1.000  a_dino_above_floor=0.950  alpha_dino_min_layer_above_floor=0.950  a_dino_min_above_floor=0.950  a_self=0.000  raw_dino=1.000  raw_self=0.000  H=0.000  rKL=0.0000  rGap=0.000  mask_self=0.818  gate_self_state=0.818  Lfused=0.5327  LfusedProbe=0.5302  Ldino=0.5302  Lself=0.0443  U_dino=-0.3877  U_self=0.0041  UselfEMA=0.0000  UselfEMA_on=0.0000  UselfEMA_off=0.0207  ProbeN=800  SelfProbeN=800  dino_starved=0  any_layer_dino_starved=0  any_layer_starved=0  dino_starved_alarm=0  dino_starved_windows=0  dual_alive=0  synergy_margin=-0.4859  synergy=0  alarm=0  mitigate=0  mitigateW=0  eff_λ=0.500000  Steps/s=0.80
[[34m2026-04-17 11:26:58[0m] (step=0046000) Loss=0.4059  Loss_diff=0.1570  Loss_align=0.4979  PhaseW=1.0000  DiffW=1.0000  Feat=0.4765  Attn=0.0515  Spatial=0.0618  a_dino=1.000  a_dino_above_floor=0.950  alpha_dino_min_layer_above_floor=0.950  a_dino_min_above_floor=0.950  a_self=0.000  raw_dino=1.000  raw_self=0.000  H=0.000  rKL=0.0000  rGap=0.000  mask_self=0.600  gate_self_state=0.600  Lfused=0.5332  LfusedProbe=0.5339  Ldino=0.5339  Lself=0.0465  U_dino=-0.2919  U_self=0.0082  UselfEMA=0.0000  UselfEMA_on=0.0000  UselfEMA_off=0.0207  ProbeN=800  SelfProbeN=800  dino_starved=0  any_layer_dino_starved=0  any_layer_starved=0  dino_starved_alarm=0  dino_starved_windows=0  dual_alive=0  synergy_margin=-0.4874  synergy=0  alarm=0  mitigate=0  mitigateW=0  eff_λ=0.500000  Steps/s=0.80
[[34m2026-04-17 11:37:26[0m] (step=0046500) Loss=0.4037  Loss_diff=0.1545  Loss_align=0.4983  PhaseW=1.0000  DiffW=1.0000  Feat=0.4765  Attn=0.0515  Spatial=0.0619  a_dino=1.000  a_dino_above_floor=0.950  alpha_dino_min_layer_above_floor=0.950  a_dino_min_above_floor=0.950  a_self=0.000  raw_dino=1.000  raw_self=0.000  H=0.000  rKL=0.0000  rGap=0.000  mask_self=0.600  gate_self_state=0.600  Lfused=0.5333  LfusedProbe=0.5319  Ldino=0.5319  Lself=0.0452  U_dino=-0.2920  U_self=0.0082  UselfEMA=0.0000  UselfEMA_on=0.0000  UselfEMA_off=0.0204  ProbeN=800  SelfProbeN=800  dino_starved=0  any_layer_dino_starved=0  any_layer_starved=0  dino_starved_alarm=0  dino_starved_windows=0  dual_alive=0  synergy_margin=-0.4868  synergy=0  alarm=0  mitigate=0  mitigateW=0  eff_λ=0.500000  Steps/s=0.80
[[34m2026-04-17 11:47:53[0m] (step=0047000) Loss=0.4044  Loss_diff=0.1560  Loss_align=0.4969  PhaseW=1.0000  DiffW=1.0000  Feat=0.4756  Attn=0.0515  Spatial=0.0618  a_dino=1.000  a_dino_above_floor=0.950  alpha_dino_min_layer_above_floor=0.950  a_dino_min_above_floor=0.950  a_self=0.000  raw_dino=1.000  raw_self=0.000  H=0.000  rKL=0.0000  rGap=0.000  mask_self=0.982  gate_self_state=0.982  Lfused=0.5323  LfusedProbe=0.5308  Ldino=0.5308  Lself=0.0456  U_dino=-0.4852  U_self=0.0000  UselfEMA=0.0000  UselfEMA_on=0.0000  UselfEMA_off=0.0203  ProbeN=800  SelfProbeN=800  dino_starved=0  any_layer_dino_starved=0  any_layer_starved=0  dino_starved_alarm=0  dino_starved_windows=0  dual_alive=0  synergy_margin=-0.4852  synergy=0  alarm=0  mitigate=0  mitigateW=0  eff_λ=0.500000  Steps/s=0.80
