====== DiT-XL/2 + S3A (DINOv2 + EMA-self) ======
Torchrun         : /home/liuchunfa/anaconda3/envs/DiT/bin/torchrun
Python           : /home/liuchunfa/anaconda3/envs/DiT/bin/python
GPUs             : 0,1,2,3  (nproc=4)
Global seed      : 0
Results dir      : /data/liuchunfa/2026qjx/s3a_runs/dit_xl_s3a_dinov2_v3_45k_20260417
Launch log       : /data/liuchunfa/2026qjx/s3a_runs/dit_xl_s3a_dinov2_v3_45k_20260417/launch_s3a_20260417_171937.log
Max steps        : 45000
Global batch     : 128
Ckpt every       : 5000 steps
Log every        : 500 steps
Disk budget      : 4000 GiB
Est ckpt size    : 10.06 GiB
Est #checkpoints : 9
Est total ckpt   : 90.54 GiB
S3A lambda       : 0.5
S3A layer indices: auto
Train schedule   : piecewise_cosine (steps=300000)
Diff schedule    : cosine
DINO alpha floor : 0.1 (steps=25000)
DINO alpha min   : 0.05
Router KL lambda : 0.1
Unsafe min alpha0: 0
Unsafe zero warmup: 0
Probe every      : 10
Utility estimator: policy_loo
Reopen probe αfl : 0.05
Gate patience    : off=500, reopen=200
Gate utility     : off=0.002, on=0.005
Gate EMA mom     : 0.9
Collapse         : alpha<0.05, self>0.90, u>0.0, margin=0.01, windows=3
Mitigation       : auto=1, hold=3, cooldown=6
Train EMA adapter: 0
DINOv2 repo      : /data/liuchunfa/2026qjx/assets/dinov2
DINOv2 weight    : /data/liuchunfa/2026qjx/assets/dinov2_weights/dinov2_vitb14_pretrain.pth
DINOv2 variant   : vitb14
VAE              : /home/liuchunfa/.cache/modelscope/hub/models/facebook/DiT-XL-2-256/vae
Allow legacy args: 0
==================================================
W0417 17:19:52.881000 1073983 site-packages/torch/distributed/run.py:793] 
W0417 17:19:52.881000 1073983 site-packages/torch/distributed/run.py:793] *****************************************
W0417 17:19:52.881000 1073983 site-packages/torch/distributed/run.py:793] Setting OMP_NUM_THREADS environment variable for each process to be 1 in default, to avoid your system being overloaded, please further tune the variable for optimal performance in your application as needed. 
W0417 17:19:52.881000 1073983 site-packages/torch/distributed/run.py:793] *****************************************
Starting rank=1, seed=1, world_size=4.
Starting rank=0, seed=0, world_size=4.
[[34m2026-04-17 17:19:59[0m] Experiment directory created at /data/liuchunfa/2026qjx/s3a_runs/dit_xl_s3a_dinov2_v3_45k_20260417/DiT-XL-2-seed0-20260417-171959-f0d20c-s3a-dinov2-lam0.5-trainpiecewise_cosine-diffcosine
Starting rank=2, seed=2, world_size=4.
Starting rank=3, seed=3, world_size=4.
/data/liuchunfa/2026qjx/assets/dinov2/dinov2/layers/swiglu_ffn.py:51: UserWarning: xFormers is not available (SwiGLU)
  warnings.warn("xFormers is not available (SwiGLU)")
/data/liuchunfa/2026qjx/assets/dinov2/dinov2/layers/attention.py:33: UserWarning: xFormers is not available (Attention)
  warnings.warn("xFormers is not available (Attention)")
/data/liuchunfa/2026qjx/assets/dinov2/dinov2/layers/block.py:40: UserWarning: xFormers is not available (Block)
  warnings.warn("xFormers is not available (Block)")
[[34m2026-04-17 17:20:09[0m] Loading VAE from local directory: /home/liuchunfa/.cache/modelscope/hub/models/facebook/DiT-XL-2-256/vae
An error occurred while trying to fetch /home/liuchunfa/.cache/modelscope/hub/models/facebook/DiT-XL-2-256/vae: Error no file named diffusion_pytorch_model.safetensors found in directory /home/liuchunfa/.cache/modelscope/hub/models/facebook/DiT-XL-2-256/vae.
Defaulting to unsafe serialization. Pass `allow_pickle=False` to raise an error instead.
[[34m2026-04-17 17:20:10[0m] DiT model      : DiT-XL/2
DiT parameters : 675,129,632
Diffusion T    : 1000
[[34m2026-04-17 17:20:10[0m] Training will stop at max_steps = 45000
[[34m2026-04-17 17:20:10[0m] Initializing S3A alignment with DINOv2 vitb14 teacher
  train_schedule      : piecewise_cosine (decay over 300000 steps)
  diff_schedule       : cosine
  s3a_lambda          : 0.5
  use_ema_source      : True
  selective_gate      : True
  DINOv2 variant      : vitb14
  DINOv2 repo         : /data/liuchunfa/2026qjx/assets/dinov2
  DINOv2 weight       : /data/liuchunfa/2026qjx/assets/dinov2_weights/dinov2_vitb14_pretrain.pth
/data/liuchunfa/2026qjx/assets/dinov2/dinov2/layers/swiglu_ffn.py:51: UserWarning: xFormers is not available (SwiGLU)
  warnings.warn("xFormers is not available (SwiGLU)")
/data/liuchunfa/2026qjx/assets/dinov2/dinov2/layers/attention.py:33: UserWarning: xFormers is not available (Attention)
  warnings.warn("xFormers is not available (Attention)")
/data/liuchunfa/2026qjx/assets/dinov2/dinov2/layers/block.py:40: UserWarning: xFormers is not available (Block)
  warnings.warn("xFormers is not available (Block)")
[[34m2026-04-17 17:20:10[0m] using MLP layer as FFN
/data/liuchunfa/2026qjx/assets/dinov2/dinov2/layers/swiglu_ffn.py:51: UserWarning: xFormers is not available (SwiGLU)
  warnings.warn("xFormers is not available (SwiGLU)")
/data/liuchunfa/2026qjx/assets/dinov2/dinov2/layers/attention.py:33: UserWarning: xFormers is not available (Attention)
  warnings.warn("xFormers is not available (Attention)")
/data/liuchunfa/2026qjx/assets/dinov2/dinov2/layers/block.py:40: UserWarning: xFormers is not available (Block)
  warnings.warn("xFormers is not available (Block)")
/home/liuchunfa/2026qjx/2026test/train_s3a_multisource_dinov2.py:573: FutureWarning: You are using `torch.load` with `weights_only=False` (the current default value), which uses the default pickle module implicitly. It is possible to construct malicious pickle data which will execute arbitrary code during unpickling (See https://github.com/pytorch/pytorch/blob/main/SECURITY.md#untrusted-models for more details). In a future release, the default value for `weights_only` will be flipped to `True`. This limits the functions that could be executed during unpickling. Arbitrary objects will no longer be allowed to be loaded via this mode unless they are explicitly allowlisted by the user via `torch.serialization.add_safe_globals`. We recommend you start setting `weights_only=True` for any use case where you don't have full control of the loaded file. Please open an issue on GitHub for any issues related to this experimental feature.
  raw_state = torch.load(weight_path, map_location="cpu")
/data/liuchunfa/2026qjx/assets/dinov2/dinov2/layers/swiglu_ffn.py:51: UserWarning: xFormers is not available (SwiGLU)
  warnings.warn("xFormers is not available (SwiGLU)")
/data/liuchunfa/2026qjx/assets/dinov2/dinov2/layers/attention.py:33: UserWarning: xFormers is not available (Attention)
  warnings.warn("xFormers is not available (Attention)")
/data/liuchunfa/2026qjx/assets/dinov2/dinov2/layers/block.py:40: UserWarning: xFormers is not available (Block)
  warnings.warn("xFormers is not available (Block)")
/home/liuchunfa/2026qjx/2026test/train_s3a_multisource_dinov2.py:573: FutureWarning: You are using `torch.load` with `weights_only=False` (the current default value), which uses the default pickle module implicitly. It is possible to construct malicious pickle data which will execute arbitrary code during unpickling (See https://github.com/pytorch/pytorch/blob/main/SECURITY.md#untrusted-models for more details). In a future release, the default value for `weights_only` will be flipped to `True`. This limits the functions that could be executed during unpickling. Arbitrary objects will no longer be allowed to be loaded via this mode unless they are explicitly allowlisted by the user via `torch.serialization.add_safe_globals`. We recommend you start setting `weights_only=True` for any use case where you don't have full control of the loaded file. Please open an issue on GitHub for any issues related to this experimental feature.
  raw_state = torch.load(weight_path, map_location="cpu")
/home/liuchunfa/2026qjx/2026test/train_s3a_multisource_dinov2.py:573: FutureWarning: You are using `torch.load` with `weights_only=False` (the current default value), which uses the default pickle module implicitly. It is possible to construct malicious pickle data which will execute arbitrary code during unpickling (See https://github.com/pytorch/pytorch/blob/main/SECURITY.md#untrusted-models for more details). In a future release, the default value for `weights_only` will be flipped to `True`. This limits the functions that could be executed during unpickling. Arbitrary objects will no longer be allowed to be loaded via this mode unless they are explicitly allowlisted by the user via `torch.serialization.add_safe_globals`. We recommend you start setting `weights_only=True` for any use case where you don't have full control of the loaded file. Please open an issue on GitHub for any issues related to this experimental feature.
  raw_state = torch.load(weight_path, map_location="cpu")
[[34m2026-04-17 17:20:11[0m] S3A setup:
  DiT hidden_dim      : 1152
  DiT depth           : 28
  DINO variant        : vitb14
  DINO dim            : 768
  DINO num_tokens     : 256
  adapter hidden_dim  : 2048
  layer indices       : [6, 13, 20, 27]
  layer weights       : [0.9677, 1.4194, 1.0323, 0.5806]
  self layer offset   : 14
  ema teacher layers  : [20, 27]
  ema layer map       : {'6': '20', '13': '27', '20': '27', '27': None}
  self timestep offset: 200
  trainable ema-adpt  : False
  S3A params          : 47,795,202
/home/liuchunfa/2026qjx/2026test/train_s3a_multisource_dinov2.py:573: FutureWarning: You are using `torch.load` with `weights_only=False` (the current default value), which uses the default pickle module implicitly. It is possible to construct malicious pickle data which will execute arbitrary code during unpickling (See https://github.com/pytorch/pytorch/blob/main/SECURITY.md#untrusted-models for more details). In a future release, the default value for `weights_only` will be flipped to `True`. This limits the functions that could be executed during unpickling. Arbitrary objects will no longer be allowed to be loaded via this mode unless they are explicitly allowlisted by the user via `torch.serialization.add_safe_globals`. We recommend you start setting `weights_only=True` for any use case where you don't have full control of the loaded file. Please open an issue on GitHub for any issues related to this experimental feature.
  raw_state = torch.load(weight_path, map_location="cpu")
[[34m2026-04-17 17:20:16[0m] Dataset: 1,281,167 images  |  path: /data/liuchunfa/2026qjx/ILSVRC/Data/CLS-LOC/train
[[34m2026-04-17 17:20:16[0m] Training config:
  epochs             : 1400
  max_steps          : 45000
  global_batch       : 128
  global_seed        : 0
  allow_missing_manifest : False
  lr                 : 0.0001
  weight_decay       : 0.0
  log_every          : 500
  ckpt_every         : 5000
[[34m2026-04-17 17:20:16[0m] S3A trainable params: 32,006,658  |  S3A frozen params: 15,788,544
[[34m2026-04-17 17:20:16[0m] Metrics JSONL      : /data/liuchunfa/2026qjx/s3a_runs/dit_xl_s3a_dinov2_v3_45k_20260417/DiT-XL-2-seed0-20260417-171959-f0d20c-s3a-dinov2-lam0.5-trainpiecewise_cosine-diffcosine/metrics.jsonl
[[34m2026-04-17 17:20:16[0m] S3A config:
  checkpoint format   : 5
  metrics schema      : 5
  phase schedule     : piecewise_cosine over 300000 (warmup=100000)
  diff schedule      : cosine
  layer indices      : [6, 13, 20, 27]
  layer mode         : mid_focus
  self warmup steps  : 25000
  dino alpha floor   : 0.1
  floor steps        : 25000
  gate utility thr   : off=0.002, on=0.005
  gate patience(step): off=500, reopen=200
  gate patience(win) : off=50, reopen=20, ema=0.9
  collapse thresholds: alpha<0.05, self>0.9, u_dino>0.0, margin=0.01, windows=3
  collapse mitigation: enabled=True, hold_windows=3, cooldown_windows=6
  probe every        : 10
  utility estimator  : policy_loo
  off-probe alpha fl : 0.05
  source0 min alpha  : 0.05
  router KL lambda   : 0.1
  unsafe source0 min : False
  loss weights       : feat=1.0, attn=0.5, spatial=0.5
[[34m2026-04-17 17:20:16[0m] --s3a-source-gate-threshold is deprecated and ignored; utility-driven gate uses --s3a-gate-utility-* thresholds.
[[34m2026-04-17 17:20:16[0m] Resolved args saved at /data/liuchunfa/2026qjx/s3a_runs/dit_xl_s3a_dinov2_v3_45k_20260417/DiT-XL-2-seed0-20260417-171959-f0d20c-s3a-dinov2-lam0.5-trainpiecewise_cosine-diffcosine/resolved_args.json
[[34m2026-04-17 17:20:16[0m] Beginning epoch 0 ...
/home/liuchunfa/anaconda3/envs/DiT/lib/python3.12/site-packages/torch/autograd/graph.py:825: UserWarning: Grad strides do not match bucket view strides. This may indicate grad was not created according to the gradient layout contract, or that the param's strides changed since DDP was constructed.  This is not an error, but may impair performance.
grad.sizes() = [2048, 1, 3, 3], strides() = [9, 1, 3, 1]
bucket_view.sizes() = [2048, 1, 3, 3], strides() = [9, 9, 3, 1] (Triggered internally at ../torch/csrc/distributed/c10d/reducer.cpp:327.)
  return Variable._execution_engine.run_backward(  # Calls into the C++ engine to run the backward pass
/home/liuchunfa/anaconda3/envs/DiT/lib/python3.12/site-packages/torch/autograd/graph.py:825: UserWarning: Grad strides do not match bucket view strides. This may indicate grad was not created according to the gradient layout contract, or that the param's strides changed since DDP was constructed.  This is not an error, but may impair performance.
grad.sizes() = [2048, 1, 3, 3], strides() = [9, 1, 3, 1]
bucket_view.sizes() = [2048, 1, 3, 3], strides() = [9, 9, 3, 1] (Triggered internally at ../torch/csrc/distributed/c10d/reducer.cpp:327.)
  return Variable._execution_engine.run_backward(  # Calls into the C++ engine to run the backward pass
/home/liuchunfa/anaconda3/envs/DiT/lib/python3.12/site-packages/torch/autograd/graph.py:825: UserWarning: Grad strides do not match bucket view strides. This may indicate grad was not created according to the gradient layout contract, or that the param's strides changed since DDP was constructed.  This is not an error, but may impair performance.
grad.sizes() = [2048, 1, 3, 3], strides() = [9, 1, 3, 1]
bucket_view.sizes() = [2048, 1, 3, 3], strides() = [9, 9, 3, 1] (Triggered internally at ../torch/csrc/distributed/c10d/reducer.cpp:327.)
  return Variable._execution_engine.run_backward(  # Calls into the C++ engine to run the backward pass
/home/liuchunfa/anaconda3/envs/DiT/lib/python3.12/site-packages/torch/autograd/graph.py:825: UserWarning: Grad strides do not match bucket view strides. This may indicate grad was not created according to the gradient layout contract, or that the param's strides changed since DDP was constructed.  This is not an error, but may impair performance.
grad.sizes() = [2048, 1, 3, 3], strides() = [9, 1, 3, 1]
bucket_view.sizes() = [2048, 1, 3, 3], strides() = [9, 9, 3, 1] (Triggered internally at ../torch/csrc/distributed/c10d/reducer.cpp:327.)
  return Variable._execution_engine.run_backward(  # Calls into the C++ engine to run the backward pass
[[34m2026-04-17 17:20:18[0m]   [step=1] images shape : torch.Size([32, 3, 256, 256])
[[34m2026-04-17 17:20:18[0m]   [step=1] latent shape : torch.Size([32, 4, 32, 32])
[[34m2026-04-17 17:20:18[0m]   [step=1] t (first 8)  : [164, 230, 943, 474, 490, 70, 621, 741]
[[34m2026-04-17 17:20:18[0m]   [step=1] phase_weight : 1.0000
[[34m2026-04-17 17:20:18[0m]   [step=1] student tap layers: ['13', '20', '27', '6']
[[34m2026-04-17 17:20:18[0m]   [step=1] align stats: feat=1.0014, attn=0.1705, spatial=0.0677, alpha_dino=1.0000, alpha_self=0.0000
[[34m2026-04-17 17:30:23[0m] (step=0000500) Loss=0.9478  Loss_diff=0.2197  Loss_align=1.4562  PhaseW=1.0000  DiffW=1.0000  Feat=0.6995  Attn=0.0676  Spatial=0.0667  a_dino=1.000  a_dino_above_floor=0.902  a_self=0.000  raw_dino=0.562  raw_self=0.438  H=0.953  rKL=5.8000  rGap=0.683  mask_self=0.000  gate_self_state=0.000  Lfused=0.7666  LfusedProbe=0.7719  Ldino=0.7719  Lself=0.6271  U_dino=0.0000  U_self=0.1022  UselfEMA=0.0000  UselfEMA_on=0.0000  UselfEMA_off=0.0000  ProbeN=800  SelfProbeN=600  dino_starved=0  dino_starved_alarm=0  dino_starved_windows=0  dual_alive=0  synergy_margin=-0.1448  synergy=0  alarm=0  mitigate=0  mitigateW=0  eff_λ=0.500000  Steps/s=0.82
[[34m2026-04-17 17:40:34[0m] (step=0001000) Loss=0.8832  Loss_diff=0.1820  Loss_align=1.4024  PhaseW=1.0000  DiffW=1.0000  Feat=0.6510  Attn=0.0652  Spatial=0.0662  a_dino=1.000  a_dino_above_floor=0.904  a_self=0.000  raw_dino=0.564  raw_self=0.436  H=0.952  rKL=5.7887  rGap=0.682  mask_self=0.000  gate_self_state=0.000  Lfused=0.7166  LfusedProbe=0.7171  Ldino=0.7171  Lself=0.3028  U_dino=0.0000  U_self=0.1814  UselfEMA=0.0000  UselfEMA_on=0.0000  UselfEMA_off=0.0000  ProbeN=800  SelfProbeN=600  dino_starved=0  dino_starved_alarm=0  dino_starved_windows=0  dual_alive=0  synergy_margin=-0.4143  synergy=0  alarm=0  mitigate=0  mitigateW=0  eff_λ=0.500000  Steps/s=0.82
[[34m2026-04-17 17:50:45[0m] (step=0001500) Loss=0.8625  Loss_diff=0.1773  Loss_align=1.3703  PhaseW=1.0000  DiffW=1.0000  Feat=0.6231  Attn=0.0639  Spatial=0.0657  a_dino=1.000  a_dino_above_floor=0.906  a_self=0.000  raw_dino=0.565  raw_self=0.435  H=0.951  rKL=5.7757  rGap=0.681  mask_self=0.000  gate_self_state=0.000  Lfused=0.6879  LfusedProbe=0.6891  Ldino=0.6891  Lself=0.2827  U_dino=0.0000  U_self=0.1792  UselfEMA=0.0000  UselfEMA_on=0.0000  UselfEMA_off=0.0000  ProbeN=800  SelfProbeN=600  dino_starved=0  dino_starved_alarm=0  dino_starved_windows=0  dual_alive=0  synergy_margin=-0.4064  synergy=0  alarm=0  mitigate=0  mitigateW=0  eff_λ=0.500000  Steps/s=0.82
[[34m2026-04-17 18:00:56[0m] (step=0002000) Loss=0.8497  Loss_diff=0.1752  Loss_align=1.3490  PhaseW=1.0000  DiffW=1.0000  Feat=0.6039  Attn=0.0632  Spatial=0.0653  a_dino=1.000  a_dino_above_floor=0.908  a_self=0.000  raw_dino=0.566  raw_self=0.434  H=0.951  rKL=5.7765  rGap=0.681  mask_self=0.000  gate_self_state=0.000  Lfused=0.6681  LfusedProbe=0.6686  Ldino=0.6686  Lself=0.2919  U_dino=0.0000  U_self=0.1715  UselfEMA=0.0000  UselfEMA_on=0.0000  UselfEMA_off=0.0000  ProbeN=800  SelfProbeN=600  dino_starved=0  dino_starved_alarm=0  dino_starved_windows=0  dual_alive=0  synergy_margin=-0.3767  synergy=0  alarm=0  mitigate=0  mitigateW=0  eff_λ=0.500000  Steps/s=0.82
[[34m2026-04-17 18:11:08[0m] (step=0002500) Loss=0.8415  Loss_diff=0.1764  Loss_align=1.3300  PhaseW=1.0000  DiffW=1.0000  Feat=0.5873  Attn=0.0619  Spatial=0.0649  a_dino=1.000  a_dino_above_floor=0.910  a_self=0.000  raw_dino=0.566  raw_self=0.434  H=0.951  rKL=5.7774  rGap=0.681  mask_self=0.000  gate_self_state=0.000  Lfused=0.6507  LfusedProbe=0.6515  Ldino=0.6515  Lself=0.3067  U_dino=0.0000  U_self=0.1644  UselfEMA=0.0000  UselfEMA_on=0.0000  UselfEMA_off=0.0000  ProbeN=800  SelfProbeN=600  dino_starved=0  dino_starved_alarm=0  dino_starved_windows=0  dual_alive=0  synergy_margin=-0.3448  synergy=0  alarm=0  mitigate=0  mitigateW=0  eff_λ=0.500000  Steps/s=0.82
[[34m2026-04-17 18:21:19[0m] (step=0003000) Loss=0.8290  Loss_diff=0.1716  Loss_align=1.3149  PhaseW=1.0000  DiffW=1.0000  Feat=0.5743  Attn=0.0602  Spatial=0.0646  a_dino=1.000  a_dino_above_floor=0.912  a_self=0.000  raw_dino=0.566  raw_self=0.434  H=0.951  rKL=5.7796  rGap=0.681  mask_self=0.000  gate_self_state=0.000  Lfused=0.6367  LfusedProbe=0.6377  Ldino=0.6377  Lself=0.3293  U_dino=0.0000  U_self=0.1568  UselfEMA=0.0000  UselfEMA_on=0.0000  UselfEMA_off=0.0000  ProbeN=800  SelfProbeN=600  dino_starved=0  dino_starved_alarm=0  dino_starved_windows=0  dual_alive=0  synergy_margin=-0.3084  synergy=0  alarm=0  mitigate=0  mitigateW=0  eff_λ=0.500000  Steps/s=0.82
[[34m2026-04-17 18:31:32[0m] (step=0003500) Loss=0.8216  Loss_diff=0.1703  Loss_align=1.3027  PhaseW=1.0000  DiffW=1.0000  Feat=0.5637  Attn=0.0591  Spatial=0.0644  a_dino=1.000  a_dino_above_floor=0.914  a_self=0.000  raw_dino=0.567  raw_self=0.433  H=0.950  rKL=5.7789  rGap=0.681  mask_self=0.000  gate_self_state=0.000  Lfused=0.6255  LfusedProbe=0.6251  Ldino=0.6251  Lself=0.3538  U_dino=0.0000  U_self=0.1493  UselfEMA=0.0000  UselfEMA_on=0.0000  UselfEMA_off=0.0000  ProbeN=800  SelfProbeN=600  dino_starved=0  dino_starved_alarm=0  dino_starved_windows=0  dual_alive=0  synergy_margin=-0.2713  synergy=0  alarm=0  mitigate=0  mitigateW=0  eff_λ=0.500000  Steps/s=0.82
[[34m2026-04-17 18:41:44[0m] (step=0004000) Loss=0.8146  Loss_diff=0.1685  Loss_align=1.2923  PhaseW=1.0000  DiffW=1.0000  Feat=0.5547  Attn=0.0584  Spatial=0.0642  a_dino=1.000  a_dino_above_floor=0.916  a_self=0.000  raw_dino=0.567  raw_self=0.433  H=0.950  rKL=5.7766  rGap=0.681  mask_self=0.000  gate_self_state=0.000  Lfused=0.6159  LfusedProbe=0.6160  Ldino=0.6160  Lself=0.3708  U_dino=0.0000  U_self=0.1439  UselfEMA=0.0000  UselfEMA_on=0.0000  UselfEMA_off=0.0000  ProbeN=800  SelfProbeN=600  dino_starved=0  dino_starved_alarm=0  dino_starved_windows=0  dual_alive=0  synergy_margin=-0.2452  synergy=0  alarm=0  mitigate=0  mitigateW=0  eff_λ=0.500000  Steps/s=0.82
[[34m2026-04-17 18:51:55[0m] (step=0004500) Loss=0.8111  Loss_diff=0.1690  Loss_align=1.2841  PhaseW=1.0000  DiffW=1.0000  Feat=0.5478  Attn=0.0580  Spatial=0.0641  a_dino=1.000  a_dino_above_floor=0.918  a_self=0.000  raw_dino=0.567  raw_self=0.433  H=0.950  rKL=5.7731  rGap=0.680  mask_self=0.000  gate_self_state=0.000  Lfused=0.6088  LfusedProbe=0.6085  Ldino=0.6085  Lself=0.3870  U_dino=0.0000  U_self=0.1386  UselfEMA=0.0000  UselfEMA_on=0.0000  UselfEMA_off=0.0000  ProbeN=800  SelfProbeN=600  dino_starved=0  dino_starved_alarm=0  dino_starved_windows=0  dual_alive=0  synergy_margin=-0.2215  synergy=0  alarm=0  mitigate=0  mitigateW=0  eff_λ=0.500000  Steps/s=0.82
[[34m2026-04-17 19:02:06[0m] (step=0005000) Loss=0.8066  Loss_diff=0.1682  Loss_align=1.2768  PhaseW=1.0000  DiffW=1.0000  Feat=0.5419  Attn=0.0576  Spatial=0.0638  a_dino=1.000  a_dino_above_floor=0.920  a_self=0.000  raw_dino=0.567  raw_self=0.433  H=0.950  rKL=5.7717  rGap=0.680  mask_self=0.000  gate_self_state=0.000  Lfused=0.6026  LfusedProbe=0.6023  Ldino=0.6023  Lself=0.3946  U_dino=0.0000  U_self=0.1357  UselfEMA=0.0000  UselfEMA_on=0.0000  UselfEMA_off=0.0000  ProbeN=800  SelfProbeN=600  dino_starved=0  dino_starved_alarm=0  dino_starved_windows=0  dual_alive=0  synergy_margin=-0.2077  synergy=0  alarm=0  mitigate=0  mitigateW=0  eff_λ=0.500000  Steps/s=0.82
[[34m2026-04-17 19:02:37[0m] Saved checkpoint to /data/liuchunfa/2026qjx/s3a_runs/dit_xl_s3a_dinov2_v3_45k_20260417/DiT-XL-2-seed0-20260417-171959-f0d20c-s3a-dinov2-lam0.5-trainpiecewise_cosine-diffcosine/checkpoints/0005000.pt (manifest: /data/liuchunfa/2026qjx/s3a_runs/dit_xl_s3a_dinov2_v3_45k_20260417/DiT-XL-2-seed0-20260417-171959-f0d20c-s3a-dinov2-lam0.5-trainpiecewise_cosine-diffcosine/checkpoints/0005000.pt.sha256.json)
[[34m2026-04-17 19:12:45[0m] (step=0005500) Loss=0.8048  Loss_diff=0.1696  Loss_align=1.2704  PhaseW=1.0000  DiffW=1.0000  Feat=0.5363  Attn=0.0574  Spatial=0.0638  a_dino=1.000  a_dino_above_floor=0.922  a_self=0.000  raw_dino=0.568  raw_self=0.432  H=0.950  rKL=5.7717  rGap=0.680  mask_self=0.000  gate_self_state=0.000  Lfused=0.5969  LfusedProbe=0.5942  Ldino=0.5942  Lself=0.4084  U_dino=0.0000  U_self=0.1307  UselfEMA=0.0000  UselfEMA_on=0.0000  UselfEMA_off=0.0000  ProbeN=800  SelfProbeN=600  dino_starved=0  dino_starved_alarm=0  dino_starved_windows=0  dual_alive=0  synergy_margin=-0.1858  synergy=0  alarm=0  mitigate=0  mitigateW=0  eff_λ=0.500000  Steps/s=0.78
[[34m2026-04-17 19:22:56[0m] (step=0006000) Loss=0.8003  Loss_diff=0.1675  Loss_align=1.2655  PhaseW=1.0000  DiffW=1.0000  Feat=0.5323  Attn=0.0571  Spatial=0.0635  a_dino=1.000  a_dino_above_floor=0.924  a_self=0.000  raw_dino=0.568  raw_self=0.432  H=0.950  rKL=5.7692  rGap=0.680  mask_self=0.000  gate_self_state=0.000  Lfused=0.5926  LfusedProbe=0.5928  Ldino=0.5928  Lself=0.4125  U_dino=0.0000  U_self=0.1295  UselfEMA=0.0000  UselfEMA_on=0.0000  UselfEMA_off=0.0000  ProbeN=800  SelfProbeN=600  dino_starved=0  dino_starved_alarm=0  dino_starved_windows=0  dual_alive=0  synergy_margin=-0.1803  synergy=0  alarm=0  mitigate=0  mitigateW=0  eff_λ=0.500000  Steps/s=0.82
[[34m2026-04-17 19:33:06[0m] (step=0006500) Loss=0.7971  Loss_diff=0.1666  Loss_align=1.2610  PhaseW=1.0000  DiffW=1.0000  Feat=0.5286  Attn=0.0569  Spatial=0.0635  a_dino=1.000  a_dino_above_floor=0.926  a_self=0.000  raw_dino=0.568  raw_self=0.432  H=0.950  rKL=5.7691  rGap=0.680  mask_self=0.000  gate_self_state=0.000  Lfused=0.5888  LfusedProbe=0.5872  Ldino=0.5872  Lself=0.4181  U_dino=0.0000  U_self=0.1270  UselfEMA=0.0000  UselfEMA_on=0.0000  UselfEMA_off=0.0000  ProbeN=800  SelfProbeN=600  dino_starved=0  dino_starved_alarm=0  dino_starved_windows=0  dual_alive=0  synergy_margin=-0.1691  synergy=0  alarm=0  mitigate=0  mitigateW=0  eff_λ=0.500000  Steps/s=0.82
[[34m2026-04-17 19:43:16[0m] (step=0007000) Loss=0.7950  Loss_diff=0.1665  Loss_align=1.2571  PhaseW=1.0000  DiffW=1.0000  Feat=0.5257  Attn=0.0567  Spatial=0.0634  a_dino=1.000  a_dino_above_floor=0.928  a_self=0.000  raw_dino=0.568  raw_self=0.432  H=0.949  rKL=5.7660  rGap=0.680  mask_self=0.000  gate_self_state=0.000  Lfused=0.5858  LfusedProbe=0.5842  Ldino=0.5842  Lself=0.4183  U_dino=0.0000  U_self=0.1260  UselfEMA=0.0000  UselfEMA_on=0.0000  UselfEMA_off=0.0000  ProbeN=800  SelfProbeN=600  dino_starved=0  dino_starved_alarm=0  dino_starved_windows=0  dual_alive=0  synergy_margin=-0.1659  synergy=0  alarm=0  mitigate=0  mitigateW=0  eff_λ=0.500000  Steps/s=0.82
[[34m2026-04-17 19:53:25[0m] (step=0007500) Loss=0.7922  Loss_diff=0.1653  Loss_align=1.2537  PhaseW=1.0000  DiffW=1.0000  Feat=0.5234  Attn=0.0565  Spatial=0.0634  a_dino=1.000  a_dino_above_floor=0.930  a_self=0.000  raw_dino=0.569  raw_self=0.431  H=0.949  rKL=5.7632  rGap=0.679  mask_self=0.000  gate_self_state=0.000  Lfused=0.5833  LfusedProbe=0.5824  Ldino=0.5824  Lself=0.4164  U_dino=0.0000  U_self=0.1259  UselfEMA=0.0000  UselfEMA_on=0.0000  UselfEMA_off=0.0000  ProbeN=800  SelfProbeN=600  dino_starved=0  dino_starved_alarm=0  dino_starved_windows=0  dual_alive=0  synergy_margin=-0.1660  synergy=0  alarm=0  mitigate=0  mitigateW=0  eff_λ=0.500000  Steps/s=0.82
[[34m2026-04-17 20:03:34[0m] (step=0008000) Loss=0.7899  Loss_diff=0.1646  Loss_align=1.2506  PhaseW=1.0000  DiffW=1.0000  Feat=0.5213  Attn=0.0563  Spatial=0.0634  a_dino=1.000  a_dino_above_floor=0.932  a_self=0.000  raw_dino=0.569  raw_self=0.431  H=0.949  rKL=5.7616  rGap=0.679  mask_self=0.000  gate_self_state=0.000  Lfused=0.5812  LfusedProbe=0.5803  Ldino=0.5803  Lself=0.4101  U_dino=0.0000  U_self=0.1266  UselfEMA=0.0000  UselfEMA_on=0.0000  UselfEMA_off=0.0000  ProbeN=800  SelfProbeN=600  dino_starved=0  dino_starved_alarm=0  dino_starved_windows=0  dual_alive=0  synergy_margin=-0.1702  synergy=0  alarm=0  mitigate=0  mitigateW=0  eff_λ=0.500000  Steps/s=0.82
[[34m2026-04-17 20:13:43[0m] (step=0008500) Loss=0.7895  Loss_diff=0.1655  Loss_align=1.2480  PhaseW=1.0000  DiffW=1.0000  Feat=0.5191  Attn=0.0562  Spatial=0.0633  a_dino=1.000  a_dino_above_floor=0.934  a_self=0.000  raw_dino=0.569  raw_self=0.431  H=0.949  rKL=5.7598  rGap=0.679  mask_self=0.000  gate_self_state=0.000  Lfused=0.5788  LfusedProbe=0.5796  Ldino=0.5796  Lself=0.4080  U_dino=0.0000  U_self=0.1265  UselfEMA=0.0000  UselfEMA_on=0.0000  UselfEMA_off=0.0000  ProbeN=800  SelfProbeN=600  dino_starved=0  dino_starved_alarm=0  dino_starved_windows=0  dual_alive=0  synergy_margin=-0.1716  synergy=0  alarm=0  mitigate=0  mitigateW=0  eff_λ=0.500000  Steps/s=0.82
[[34m2026-04-17 20:23:53[0m] (step=0009000) Loss=0.7861  Loss_diff=0.1637  Loss_align=1.2449  PhaseW=1.0000  DiffW=1.0000  Feat=0.5169  Attn=0.0561  Spatial=0.0633  a_dino=1.000  a_dino_above_floor=0.936  a_self=0.000  raw_dino=0.570  raw_self=0.430  H=0.949  rKL=5.7573  rGap=0.679  mask_self=0.000  gate_self_state=0.000  Lfused=0.5766  LfusedProbe=0.5748  Ldino=0.5748  Lself=0.4017  U_dino=0.0000  U_self=0.1268  UselfEMA=0.0000  UselfEMA_on=0.0000  UselfEMA_off=0.0000  ProbeN=800  SelfProbeN=600  dino_starved=0  dino_starved_alarm=0  dino_starved_windows=0  dual_alive=0  synergy_margin=-0.1731  synergy=0  alarm=0  mitigate=0  mitigateW=0  eff_λ=0.500000  Steps/s=0.82
[[34m2026-04-17 20:34:04[0m] (step=0009500) Loss=0.7865  Loss_diff=0.1655  Loss_align=1.2419  PhaseW=1.0000  DiffW=1.0000  Feat=0.5147  Attn=0.0556  Spatial=0.0632  a_dino=1.000  a_dino_above_floor=0.938  a_self=0.000  raw_dino=0.570  raw_self=0.430  H=0.949  rKL=5.7558  rGap=0.679  mask_self=0.000  gate_self_state=0.000  Lfused=0.5741  LfusedProbe=0.5733  Ldino=0.5733  Lself=0.3969  U_dino=0.0000  U_self=0.1268  UselfEMA=0.0000  UselfEMA_on=0.0000  UselfEMA_off=0.0000  ProbeN=800  SelfProbeN=600  dino_starved=0  dino_starved_alarm=0  dino_starved_windows=0  dual_alive=0  synergy_margin=-0.1764  synergy=0  alarm=0  mitigate=0  mitigateW=0  eff_λ=0.500000  Steps/s=0.82
[[34m2026-04-17 20:44:13[0m] (step=0010000) Loss=0.7836  Loss_diff=0.1637  Loss_align=1.2398  PhaseW=1.0000  DiffW=1.0000  Feat=0.5136  Attn=0.0556  Spatial=0.0631  a_dino=1.000  a_dino_above_floor=0.940  a_self=0.000  raw_dino=0.570  raw_self=0.430  H=0.949  rKL=5.7517  rGap=0.678  mask_self=0.000  gate_self_state=0.000  Lfused=0.5730  LfusedProbe=0.5725  Ldino=0.5725  Lself=0.3859  U_dino=0.0000  U_self=0.1287  UselfEMA=0.0000  UselfEMA_on=0.0000  UselfEMA_off=0.0000  ProbeN=800  SelfProbeN=600  dino_starved=0  dino_starved_alarm=0  dino_starved_windows=0  dual_alive=0  synergy_margin=-0.1866  synergy=0  alarm=0  mitigate=0  mitigateW=0  eff_λ=0.500000  Steps/s=0.82
[[34m2026-04-17 20:44:44[0m] Saved checkpoint to /data/liuchunfa/2026qjx/s3a_runs/dit_xl_s3a_dinov2_v3_45k_20260417/DiT-XL-2-seed0-20260417-171959-f0d20c-s3a-dinov2-lam0.5-trainpiecewise_cosine-diffcosine/checkpoints/0010000.pt (manifest: /data/liuchunfa/2026qjx/s3a_runs/dit_xl_s3a_dinov2_v3_45k_20260417/DiT-XL-2-seed0-20260417-171959-f0d20c-s3a-dinov2-lam0.5-trainpiecewise_cosine-diffcosine/checkpoints/0010000.pt.sha256.json)
[[34m2026-04-17 20:44:55[0m] Beginning epoch 1 ...
[[34m2026-04-17 20:54:55[0m] (step=0010500) Loss=0.7821  Loss_diff=0.1633  Loss_align=1.2376  PhaseW=1.0000  DiffW=1.0000  Feat=0.5113  Attn=0.0556  Spatial=0.0630  a_dino=1.000  a_dino_above_floor=0.942  a_self=0.000  raw_dino=0.570  raw_self=0.430  H=0.949  rKL=5.7542  rGap=0.678  mask_self=0.000  gate_self_state=0.000  Lfused=0.5706  LfusedProbe=0.5698  Ldino=0.5698  Lself=0.3763  U_dino=0.0000  U_self=0.1297  UselfEMA=0.0000  UselfEMA_on=0.0000  UselfEMA_off=0.0000  ProbeN=800  SelfProbeN=600  dino_starved=0  dino_starved_alarm=0  dino_starved_windows=0  dual_alive=0  synergy_margin=-0.1935  synergy=0  alarm=0  mitigate=0  mitigateW=0  eff_λ=0.500000  Steps/s=0.78
[[34m2026-04-17 21:05:06[0m] (step=0011000) Loss=0.7812  Loss_diff=0.1638  Loss_align=1.2347  PhaseW=1.0000  DiffW=1.0000  Feat=0.5101  Attn=0.0553  Spatial=0.0630  a_dino=1.000  a_dino_above_floor=0.944  a_self=0.000  raw_dino=0.571  raw_self=0.429  H=0.948  rKL=5.7463  rGap=0.678  mask_self=0.000  gate_self_state=0.000  Lfused=0.5692  LfusedProbe=0.5719  Ldino=0.5719  Lself=0.3616  U_dino=0.0000  U_self=0.1327  UselfEMA=0.0000  UselfEMA_on=0.0000  UselfEMA_off=0.0000  ProbeN=800  SelfProbeN=600  dino_starved=0  dino_starved_alarm=0  dino_starved_windows=0  dual_alive=0  synergy_margin=-0.2103  synergy=0  alarm=0  mitigate=0  mitigateW=0  eff_λ=0.500000  Steps/s=0.82
[[34m2026-04-17 21:15:17[0m] (step=0011500) Loss=0.7803  Loss_diff=0.1636  Loss_align=1.2334  PhaseW=1.0000  DiffW=1.0000  Feat=0.5092  Attn=0.0551  Spatial=0.0631  a_dino=1.000  a_dino_above_floor=0.946  a_self=0.000  raw_dino=0.571  raw_self=0.429  H=0.948  rKL=5.7495  rGap=0.678  mask_self=0.000  gate_self_state=0.000  Lfused=0.5683  LfusedProbe=0.5675  Ldino=0.5675  Lself=0.3498  U_dino=0.0000  U_self=0.1337  UselfEMA=0.0000  UselfEMA_on=0.0000  UselfEMA_off=0.0000  ProbeN=800  SelfProbeN=600  dino_starved=0  dino_starved_alarm=0  dino_starved_windows=0  dual_alive=0  synergy_margin=-0.2177  synergy=0  alarm=0  mitigate=0  mitigateW=0  eff_λ=0.500000  Steps/s=0.82
[[34m2026-04-17 21:25:27[0m] (step=0012000) Loss=0.7785  Loss_diff=0.1626  Loss_align=1.2319  PhaseW=1.0000  DiffW=1.0000  Feat=0.5079  Attn=0.0550  Spatial=0.0630  a_dino=1.000  a_dino_above_floor=0.948  a_self=0.000  raw_dino=0.571  raw_self=0.429  H=0.948  rKL=5.7490  rGap=0.678  mask_self=0.000  gate_self_state=0.000  Lfused=0.5669  LfusedProbe=0.5694  Ldino=0.5694  Lself=0.3352  U_dino=0.0000  U_self=0.1366  UselfEMA=0.0000  UselfEMA_on=0.0000  UselfEMA_off=0.0000  ProbeN=800  SelfProbeN=600  dino_starved=0  dino_starved_alarm=0  dino_starved_windows=0  dual_alive=0  synergy_margin=-0.2343  synergy=0  alarm=0  mitigate=0  mitigateW=0  eff_λ=0.500000  Steps/s=0.82
[[34m2026-04-17 21:35:38[0m] (step=0012500) Loss=0.7774  Loss_diff=0.1629  Loss_align=1.2290  PhaseW=1.0000  DiffW=1.0000  Feat=0.5063  Attn=0.0548  Spatial=0.0629  a_dino=1.000  a_dino_above_floor=0.950  a_self=0.000  raw_dino=0.572  raw_self=0.428  H=0.948  rKL=5.7410  rGap=0.677  mask_self=0.000  gate_self_state=0.000  Lfused=0.5651  LfusedProbe=0.5659  Ldino=0.5659  Lself=0.3239  U_dino=0.0000  U_self=0.1372  UselfEMA=0.0000  UselfEMA_on=0.0000  UselfEMA_off=0.0000  ProbeN=800  SelfProbeN=600  dino_starved=0  dino_starved_alarm=0  dino_starved_windows=0  dual_alive=0  synergy_margin=-0.2420  synergy=0  alarm=0  mitigate=0  mitigateW=0  eff_λ=0.500000  Steps/s=0.82
[[34m2026-04-17 21:45:49[0m] (step=0013000) Loss=0.7755  Loss_diff=0.1619  Loss_align=1.2273  PhaseW=1.0000  DiffW=1.0000  Feat=0.5054  Attn=0.0548  Spatial=0.0629  a_dino=1.000  a_dino_above_floor=0.950  a_self=0.000  raw_dino=0.573  raw_self=0.427  H=0.948  rKL=5.7351  rGap=0.676  mask_self=0.000  gate_self_state=0.000  Lfused=0.5642  LfusedProbe=0.5651  Ldino=0.5651  Lself=0.3083  U_dino=0.0000  U_self=0.1397  UselfEMA=0.0000  UselfEMA_on=0.0000  UselfEMA_off=0.0000  ProbeN=800  SelfProbeN=600  dino_starved=0  dino_starved_alarm=0  dino_starved_windows=0  dual_alive=0  synergy_margin=-0.2568  synergy=0  alarm=0  mitigate=0  mitigateW=0  eff_λ=0.500000  Steps/s=0.82
[[34m2026-04-17 21:56:00[0m] (step=0013500) Loss=0.7769  Loss_diff=0.1645  Loss_align=1.2248  PhaseW=1.0000  DiffW=1.0000  Feat=0.5040  Attn=0.0546  Spatial=0.0628  a_dino=1.000  a_dino_above_floor=0.950  a_self=0.000  raw_dino=0.573  raw_self=0.427  H=0.948  rKL=5.7345  rGap=0.676  mask_self=0.000  gate_self_state=0.000  Lfused=0.5627  LfusedProbe=0.5635  Ldino=0.5635  Lself=0.2936  U_dino=0.0000  U_self=0.1415  UselfEMA=0.0000  UselfEMA_on=0.0000  UselfEMA_off=0.0000  ProbeN=800  SelfProbeN=600  dino_starved=0  dino_starved_alarm=0  dino_starved_windows=0  dual_alive=0  synergy_margin=-0.2698  synergy=0  alarm=0  mitigate=0  mitigateW=0  eff_λ=0.500000  Steps/s=0.82
[[34m2026-04-17 22:06:11[0m] (step=0014000) Loss=0.7747  Loss_diff=0.1628  Loss_align=1.2239  PhaseW=1.0000  DiffW=1.0000  Feat=0.5034  Attn=0.0545  Spatial=0.0629  a_dino=1.000  a_dino_above_floor=0.950  a_self=0.000  raw_dino=0.573  raw_self=0.427  H=0.948  rKL=5.7351  rGap=0.676  mask_self=0.000  gate_self_state=0.000  Lfused=0.5621  LfusedProbe=0.5604  Ldino=0.5604  Lself=0.2791  U_dino=0.0000  U_self=0.1431  UselfEMA=0.0000  UselfEMA_on=0.0000  UselfEMA_off=0.0000  ProbeN=800  SelfProbeN=600  dino_starved=0  dino_starved_alarm=0  dino_starved_windows=0  dual_alive=0  synergy_margin=-0.2813  synergy=0  alarm=0  mitigate=0  mitigateW=0  eff_λ=0.500000  Steps/s=0.82
[[34m2026-04-17 22:16:22[0m] (step=0014500) Loss=0.7718  Loss_diff=0.1605  Loss_align=1.2225  PhaseW=1.0000  DiffW=1.0000  Feat=0.5031  Attn=0.0544  Spatial=0.0629  a_dino=1.000  a_dino_above_floor=0.950  a_self=0.000  raw_dino=0.573  raw_self=0.427  H=0.948  rKL=5.7307  rGap=0.676  mask_self=0.000  gate_self_state=0.000  Lfused=0.5618  LfusedProbe=0.5628  Ldino=0.5628  Lself=0.2595  U_dino=0.0000  U_self=0.1469  UselfEMA=0.0000  UselfEMA_on=0.0000  UselfEMA_off=0.0000  ProbeN=800  SelfProbeN=600  dino_starved=0  dino_starved_alarm=0  dino_starved_windows=0  dual_alive=0  synergy_margin=-0.3033  synergy=0  alarm=0  mitigate=0  mitigateW=0  eff_λ=0.500000  Steps/s=0.82
[[34m2026-04-17 22:26:32[0m] (step=0015000) Loss=0.7713  Loss_diff=0.1606  Loss_align=1.2213  PhaseW=1.0000  DiffW=1.0000  Feat=0.5023  Attn=0.0543  Spatial=0.0628  a_dino=1.000  a_dino_above_floor=0.950  a_self=0.000  raw_dino=0.574  raw_self=0.426  H=0.947  rKL=5.7261  rGap=0.675  mask_self=0.000  gate_self_state=0.000  Lfused=0.5609  LfusedProbe=0.5605  Ldino=0.5605  Lself=0.2445  U_dino=0.0000  U_self=0.1485  UselfEMA=0.0000  UselfEMA_on=0.0000  UselfEMA_off=0.0000  ProbeN=800  SelfProbeN=600  dino_starved=0  dino_starved_alarm=0  dino_starved_windows=0  dual_alive=0  synergy_margin=-0.3160  synergy=0  alarm=0  mitigate=0  mitigateW=0  eff_λ=0.500000  Steps/s=0.82
[[34m2026-04-17 22:27:00[0m] Saved checkpoint to /data/liuchunfa/2026qjx/s3a_runs/dit_xl_s3a_dinov2_v3_45k_20260417/DiT-XL-2-seed0-20260417-171959-f0d20c-s3a-dinov2-lam0.5-trainpiecewise_cosine-diffcosine/checkpoints/0015000.pt (manifest: /data/liuchunfa/2026qjx/s3a_runs/dit_xl_s3a_dinov2_v3_45k_20260417/DiT-XL-2-seed0-20260417-171959-f0d20c-s3a-dinov2-lam0.5-trainpiecewise_cosine-diffcosine/checkpoints/0015000.pt.sha256.json)
[[34m2026-04-17 22:37:04[0m] (step=0015500) Loss=0.7712  Loss_diff=0.1620  Loss_align=1.2183  PhaseW=1.0000  DiffW=1.0000  Feat=0.5006  Attn=0.0542  Spatial=0.0626  a_dino=1.000  a_dino_above_floor=0.950  a_self=0.000  raw_dino=0.574  raw_self=0.426  H=0.948  rKL=5.7193  rGap=0.675  mask_self=0.000  gate_self_state=0.000  Lfused=0.5590  LfusedProbe=0.5601  Ldino=0.5601  Lself=0.2306  U_dino=0.0000  U_self=0.1507  UselfEMA=0.0000  UselfEMA_on=0.0000  UselfEMA_off=0.0000  ProbeN=800  SelfProbeN=600  dino_starved=0  dino_starved_alarm=0  dino_starved_windows=0  dual_alive=0  synergy_margin=-0.3295  synergy=0  alarm=0  mitigate=0  mitigateW=0  eff_λ=0.500000  Steps/s=0.79
[[34m2026-04-17 22:47:11[0m] (step=0016000) Loss=0.7702  Loss_diff=0.1617  Loss_align=1.2170  PhaseW=1.0000  DiffW=1.0000  Feat=0.5002  Attn=0.0541  Spatial=0.0628  a_dino=1.000  a_dino_above_floor=0.950  a_self=0.000  raw_dino=0.574  raw_self=0.426  H=0.948  rKL=5.7203  rGap=0.675  mask_self=0.000  gate_self_state=0.000  Lfused=0.5586  LfusedProbe=0.5593  Ldino=0.5593  Lself=0.2147  U_dino=0.0000  U_self=0.1527  UselfEMA=0.0000  UselfEMA_on=0.0000  UselfEMA_off=0.0000  ProbeN=800  SelfProbeN=600  dino_starved=0  dino_starved_alarm=0  dino_starved_windows=0  dual_alive=0  synergy_margin=-0.3446  synergy=0  alarm=0  mitigate=0  mitigateW=0  eff_λ=0.500000  Steps/s=0.82
[[34m2026-04-17 22:57:19[0m] (step=0016500) Loss=0.7690  Loss_diff=0.1613  Loss_align=1.2154  PhaseW=1.0000  DiffW=1.0000  Feat=0.4990  Attn=0.0539  Spatial=0.0627  a_dino=1.000  a_dino_above_floor=0.950  a_self=0.000  raw_dino=0.575  raw_self=0.425  H=0.947  rKL=5.7153  rGap=0.674  mask_self=0.000  gate_self_state=0.000  Lfused=0.5574  LfusedProbe=0.5593  Ldino=0.5593  Lself=0.2017  U_dino=0.0000  U_self=0.1544  UselfEMA=0.0000  UselfEMA_on=0.0000  UselfEMA_off=0.0000  ProbeN=800  SelfProbeN=600  dino_starved=0  dino_starved_alarm=0  dino_starved_windows=0  dual_alive=0  synergy_margin=-0.3576  synergy=0  alarm=0  mitigate=0  mitigateW=0  eff_λ=0.500000  Steps/s=0.82
[[34m2026-04-17 23:07:26[0m] (step=0017000) Loss=0.7672  Loss_diff=0.1598  Loss_align=1.2149  PhaseW=1.0000  DiffW=1.0000  Feat=0.4986  Attn=0.0539  Spatial=0.0627  a_dino=1.000  a_dino_above_floor=0.950  a_self=0.000  raw_dino=0.575  raw_self=0.425  H=0.948  rKL=5.7176  rGap=0.674  mask_self=0.000  gate_self_state=0.000  Lfused=0.5569  LfusedProbe=0.5590  Ldino=0.5590  Lself=0.1886  U_dino=0.0000  U_self=0.1564  UselfEMA=0.0000  UselfEMA_on=0.0000  UselfEMA_off=0.0000  ProbeN=800  SelfProbeN=600  dino_starved=0  dino_starved_alarm=0  dino_starved_windows=0  dual_alive=0  synergy_margin=-0.3704  synergy=0  alarm=0  mitigate=0  mitigateW=0  eff_λ=0.500000  Steps/s=0.82
[[34m2026-04-17 23:17:34[0m] (step=0017500) Loss=0.7667  Loss_diff=0.1601  Loss_align=1.2133  PhaseW=1.0000  DiffW=1.0000  Feat=0.4984  Attn=0.0540  Spatial=0.0626  a_dino=1.000  a_dino_above_floor=0.950  a_self=0.000  raw_dino=0.575  raw_self=0.425  H=0.947  rKL=5.7061  rGap=0.673  mask_self=0.000  gate_self_state=0.000  Lfused=0.5567  LfusedProbe=0.5593  Ldino=0.5593  Lself=0.1761  U_dino=0.0000  U_self=0.1579  UselfEMA=0.0000  UselfEMA_on=0.0000  UselfEMA_off=0.0000  ProbeN=800  SelfProbeN=600  dino_starved=0  dino_starved_alarm=0  dino_starved_windows=0  dual_alive=0  synergy_margin=-0.3832  synergy=0  alarm=0  mitigate=0  mitigateW=0  eff_λ=0.500000  Steps/s=0.82
[[34m2026-04-17 23:27:42[0m] (step=0018000) Loss=0.7643  Loss_diff=0.1583  Loss_align=1.2120  PhaseW=1.0000  DiffW=1.0000  Feat=0.4975  Attn=0.0539  Spatial=0.0626  a_dino=1.000  a_dino_above_floor=0.950  a_self=0.000  raw_dino=0.575  raw_self=0.425  H=0.947  rKL=5.7070  rGap=0.673  mask_self=0.000  gate_self_state=0.000  Lfused=0.5558  LfusedProbe=0.5586  Ldino=0.5586  Lself=0.1661  U_dino=0.0000  U_self=0.1590  UselfEMA=0.0000  UselfEMA_on=0.0000  UselfEMA_off=0.0000  ProbeN=800  SelfProbeN=600  dino_starved=0  dino_starved_alarm=0  dino_starved_windows=0  dual_alive=0  synergy_margin=-0.3925  synergy=0  alarm=0  mitigate=0  mitigateW=0  eff_λ=0.500000  Steps/s=0.82
[[34m2026-04-17 23:37:52[0m] (step=0018500) Loss=0.7646  Loss_diff=0.1594  Loss_align=1.2104  PhaseW=1.0000  DiffW=1.0000  Feat=0.4967  Attn=0.0539  Spatial=0.0627  a_dino=1.000  a_dino_above_floor=0.950  a_self=0.000  raw_dino=0.576  raw_self=0.424  H=0.948  rKL=5.7028  rGap=0.673  mask_self=0.000  gate_self_state=0.000  Lfused=0.5550  LfusedProbe=0.5564  Ldino=0.5564  Lself=0.1551  U_dino=0.0000  U_self=0.1599  UselfEMA=0.0000  UselfEMA_on=0.0000  UselfEMA_off=0.0000  ProbeN=800  SelfProbeN=600  dino_starved=0  dino_starved_alarm=0  dino_starved_windows=0  dual_alive=0  synergy_margin=-0.4014  synergy=0  alarm=0  mitigate=0  mitigateW=0  eff_λ=0.500000  Steps/s=0.82
[[34m2026-04-17 23:48:03[0m] (step=0019000) Loss=0.7650  Loss_diff=0.1601  Loss_align=1.2098  PhaseW=1.0000  DiffW=1.0000  Feat=0.4966  Attn=0.0538  Spatial=0.0626  a_dino=1.000  a_dino_above_floor=0.950  a_self=0.000  raw_dino=0.576  raw_self=0.424  H=0.947  rKL=5.7028  rGap=0.673  mask_self=0.000  gate_self_state=0.000  Lfused=0.5548  LfusedProbe=0.5529  Ldino=0.5529  Lself=0.1470  U_dino=0.0000  U_self=0.1596  UselfEMA=0.0000  UselfEMA_on=0.0000  UselfEMA_off=0.0000  ProbeN=800  SelfProbeN=600  dino_starved=0  dino_starved_alarm=0  dino_starved_windows=0  dual_alive=0  synergy_margin=-0.4059  synergy=0  alarm=0  mitigate=0  mitigateW=0  eff_λ=0.500000  Steps/s=0.82
[[34m2026-04-17 23:58:14[0m] (step=0019500) Loss=0.7637  Loss_diff=0.1607  Loss_align=1.2060  PhaseW=1.0000  DiffW=1.0000  Feat=0.4945  Attn=0.0536  Spatial=0.0624  a_dino=1.000  a_dino_above_floor=0.950  a_self=0.000  raw_dino=0.576  raw_self=0.424  H=0.947  rKL=5.6935  rGap=0.672  mask_self=0.000  gate_self_state=0.000  Lfused=0.5525  LfusedProbe=0.5538  Ldino=0.5538  Lself=0.1383  U_dino=0.0000  U_self=0.1610  UselfEMA=0.0000  UselfEMA_on=0.0000  UselfEMA_off=0.0000  ProbeN=800  SelfProbeN=600  dino_starved=0  dino_starved_alarm=0  dino_starved_windows=0  dual_alive=0  synergy_margin=-0.4156  synergy=0  alarm=0  mitigate=0  mitigateW=0  eff_λ=0.500000  Steps/s=0.82
[[34m2026-04-18 00:08:23[0m] (step=0020000) Loss=0.7603  Loss_diff=0.1577  Loss_align=1.2051  PhaseW=1.0000  DiffW=1.0000  Feat=0.4945  Attn=0.0536  Spatial=0.0626  a_dino=1.000  a_dino_above_floor=0.950  a_self=0.000  raw_dino=0.577  raw_self=0.423  H=0.947  rKL=5.6870  rGap=0.671  mask_self=0.000  gate_self_state=0.000  Lfused=0.5525  LfusedProbe=0.5512  Ldino=0.5512  Lself=0.1324  U_dino=0.0000  U_self=0.1603  UselfEMA=0.0000  UselfEMA_on=0.0000  UselfEMA_off=0.0000  ProbeN=800  SelfProbeN=600  dino_starved=0  dino_starved_alarm=0  dino_starved_windows=0  dual_alive=0  synergy_margin=-0.4188  synergy=0  alarm=0  mitigate=0  mitigateW=0  eff_λ=0.500000  Steps/s=0.82
[[34m2026-04-18 00:08:49[0m] Saved checkpoint to /data/liuchunfa/2026qjx/s3a_runs/dit_xl_s3a_dinov2_v3_45k_20260417/DiT-XL-2-seed0-20260417-171959-f0d20c-s3a-dinov2-lam0.5-trainpiecewise_cosine-diffcosine/checkpoints/0020000.pt (manifest: /data/liuchunfa/2026qjx/s3a_runs/dit_xl_s3a_dinov2_v3_45k_20260417/DiT-XL-2-seed0-20260417-171959-f0d20c-s3a-dinov2-lam0.5-trainpiecewise_cosine-diffcosine/checkpoints/0020000.pt.sha256.json)
[[34m2026-04-18 00:09:11[0m] Beginning epoch 2 ...
[[34m2026-04-18 00:19:00[0m] (step=0020500) Loss=0.7616  Loss_diff=0.1602  Loss_align=1.2028  PhaseW=1.0000  DiffW=1.0000  Feat=0.4924  Attn=0.0533  Spatial=0.0624  a_dino=1.000  a_dino_above_floor=0.950  a_self=0.000  raw_dino=0.577  raw_self=0.423  H=0.947  rKL=5.6915  rGap=0.672  mask_self=0.000  gate_self_state=0.000  Lfused=0.5502  LfusedProbe=0.5524  Ldino=0.5524  Lself=0.1260  U_dino=0.0000  U_self=0.1611  UselfEMA=0.0000  UselfEMA_on=0.0000  UselfEMA_off=0.0000  ProbeN=800  SelfProbeN=600  dino_starved=0  dino_starved_alarm=0  dino_starved_windows=0  dual_alive=0  synergy_margin=-0.4263  synergy=0  alarm=0  mitigate=0  mitigateW=0  eff_λ=0.500000  Steps/s=0.79
[[34m2026-04-18 00:29:11[0m] (step=0021000) Loss=0.7606  Loss_diff=0.1597  Loss_align=1.2019  PhaseW=1.0000  DiffW=1.0000  Feat=0.4920  Attn=0.0534  Spatial=0.0624  a_dino=1.000  a_dino_above_floor=0.950  a_self=0.000  raw_dino=0.577  raw_self=0.423  H=0.948  rKL=5.6899  rGap=0.672  mask_self=0.000  gate_self_state=0.000  Lfused=0.5499  LfusedProbe=0.5486  Ldino=0.5486  Lself=0.1191  U_dino=0.0000  U_self=0.1614  UselfEMA=0.0000  UselfEMA_on=0.0000  UselfEMA_off=0.0000  ProbeN=800  SelfProbeN=600  dino_starved=0  dino_starved_alarm=0  dino_starved_windows=0  dual_alive=0  synergy_margin=-0.4295  synergy=0  alarm=0  mitigate=0  mitigateW=0  eff_λ=0.500000  Steps/s=0.82
[[34m2026-04-18 00:39:21[0m] (step=0021500) Loss=0.7608  Loss_diff=0.1596  Loss_align=1.2025  PhaseW=1.0000  DiffW=1.0000  Feat=0.4931  Attn=0.0532  Spatial=0.0626  a_dino=1.000  a_dino_above_floor=0.950  a_self=0.000  raw_dino=0.577  raw_self=0.423  H=0.948  rKL=5.6858  rGap=0.671  mask_self=0.000  gate_self_state=0.000  Lfused=0.5510  LfusedProbe=0.5525  Ldino=0.5525  Lself=0.1152  U_dino=0.0000  U_self=0.1621  UselfEMA=0.0000  UselfEMA_on=0.0000  UselfEMA_off=0.0000  ProbeN=800  SelfProbeN=600  dino_starved=0  dino_starved_alarm=0  dino_starved_windows=0  dual_alive=0  synergy_margin=-0.4373  synergy=0  alarm=0  mitigate=0  mitigateW=0  eff_λ=0.500000  Steps/s=0.82
[[34m2026-04-18 00:49:32[0m] (step=0022000) Loss=0.7595  Loss_diff=0.1596  Loss_align=1.1997  PhaseW=1.0000  DiffW=1.0000  Feat=0.4917  Attn=0.0531  Spatial=0.0624  a_dino=1.000  a_dino_above_floor=0.950  a_self=0.000  raw_dino=0.577  raw_self=0.423  H=0.948  rKL=5.6793  rGap=0.670  mask_self=0.000  gate_self_state=0.000  Lfused=0.5494  LfusedProbe=0.5465  Ldino=0.5465  Lself=0.1106  U_dino=0.0000  U_self=0.1608  UselfEMA=0.0000  UselfEMA_on=0.0000  UselfEMA_off=0.0000  ProbeN=800  SelfProbeN=600  dino_starved=0  dino_starved_alarm=0  dino_starved_windows=0  dual_alive=0  synergy_margin=-0.4359  synergy=0  alarm=0  mitigate=0  mitigateW=0  eff_λ=0.500000  Steps/s=0.82
[[34m2026-04-18 00:59:41[0m] (step=0022500) Loss=0.7573  Loss_diff=0.1578  Loss_align=1.1992  PhaseW=1.0000  DiffW=1.0000  Feat=0.4911  Attn=0.0532  Spatial=0.0623  a_dino=1.000  a_dino_above_floor=0.950  a_self=0.000  raw_dino=0.577  raw_self=0.423  H=0.948  rKL=5.6796  rGap=0.670  mask_self=0.000  gate_self_state=0.000  Lfused=0.5489  LfusedProbe=0.5499  Ldino=0.5499  Lself=0.1079  U_dino=0.0000  U_self=0.1617  UselfEMA=0.0000  UselfEMA_on=0.0000  UselfEMA_off=0.0000  ProbeN=800  SelfProbeN=600  dino_starved=0  dino_starved_alarm=0  dino_starved_windows=0  dual_alive=0  synergy_margin=-0.4420  synergy=0  alarm=0  mitigate=0  mitigateW=0  eff_λ=0.500000  Steps/s=0.82
[[34m2026-04-18 01:09:51[0m] (step=0023000) Loss=0.7574  Loss_diff=0.1583  Loss_align=1.1981  PhaseW=1.0000  DiffW=1.0000  Feat=0.4904  Attn=0.0531  Spatial=0.0623  a_dino=1.000  a_dino_above_floor=0.950  a_self=0.000  raw_dino=0.577  raw_self=0.423  H=0.948  rKL=5.6785  rGap=0.670  mask_self=0.000  gate_self_state=0.000  Lfused=0.5481  LfusedProbe=0.5476  Ldino=0.5476  Lself=0.1046  U_dino=0.0000  U_self=0.1610  UselfEMA=0.0000  UselfEMA_on=0.0000  UselfEMA_off=0.0000  ProbeN=800  SelfProbeN=600  dino_starved=0  dino_starved_alarm=0  dino_starved_windows=0  dual_alive=0  synergy_margin=-0.4430  synergy=0  alarm=0  mitigate=0  mitigateW=0  eff_λ=0.500000  Steps/s=0.82
[[34m2026-04-18 01:20:01[0m] (step=0023500) Loss=0.7577  Loss_diff=0.1589  Loss_align=1.1976  PhaseW=1.0000  DiffW=1.0000  Feat=0.4910  Attn=0.0531  Spatial=0.0624  a_dino=1.000  a_dino_above_floor=0.950  a_self=0.000  raw_dino=0.578  raw_self=0.422  H=0.948  rKL=5.6736  rGap=0.670  mask_self=0.000  gate_self_state=0.000  Lfused=0.5488  LfusedProbe=0.5475  Ldino=0.5475  Lself=0.1015  U_dino=0.0000  U_self=0.1612  UselfEMA=0.0000  UselfEMA_on=0.0000  UselfEMA_off=0.0000  ProbeN=800  SelfProbeN=600  dino_starved=0  dino_starved_alarm=0  dino_starved_windows=0  dual_alive=0  synergy_margin=-0.4460  synergy=0  alarm=0  mitigate=0  mitigateW=0  eff_λ=0.500000  Steps/s=0.82
[[34m2026-04-18 01:30:11[0m] (step=0024000) Loss=0.7565  Loss_diff=0.1584  Loss_align=1.1962  PhaseW=1.0000  DiffW=1.0000  Feat=0.4897  Attn=0.0530  Spatial=0.0623  a_dino=1.000  a_dino_above_floor=0.950  a_self=0.000  raw_dino=0.578  raw_self=0.422  H=0.948  rKL=5.6724  rGap=0.670  mask_self=0.000  gate_self_state=0.000  Lfused=0.5473  LfusedProbe=0.5469  Ldino=0.5469  Lself=0.0992  U_dino=0.0000  U_self=0.1610  UselfEMA=0.0000  UselfEMA_on=0.0000  UselfEMA_off=0.0000  ProbeN=800  SelfProbeN=600  dino_starved=0  dino_starved_alarm=0  dino_starved_windows=0  dual_alive=0  synergy_margin=-0.4476  synergy=0  alarm=0  mitigate=0  mitigateW=0  eff_λ=0.500000  Steps/s=0.82
[[34m2026-04-18 01:40:22[0m] (step=0024500) Loss=0.7554  Loss_diff=0.1579  Loss_align=1.1951  PhaseW=1.0000  DiffW=1.0000  Feat=0.4895  Attn=0.0529  Spatial=0.0624  a_dino=1.000  a_dino_above_floor=0.950  a_self=0.000  raw_dino=0.578  raw_self=0.422  H=0.948  rKL=5.6702  rGap=0.669  mask_self=0.000  gate_self_state=0.000  Lfused=0.5471  LfusedProbe=0.5458  Ldino=0.5458  Lself=0.0961  U_dino=0.0000  U_self=0.1610  UselfEMA=0.0000  UselfEMA_on=0.0000  UselfEMA_off=0.0000  ProbeN=800  SelfProbeN=600  dino_starved=0  dino_starved_alarm=0  dino_starved_windows=0  dual_alive=0  synergy_margin=-0.4498  synergy=0  alarm=0  mitigate=0  mitigateW=0  eff_λ=0.500000  Steps/s=0.82
[[34m2026-04-18 01:50:33[0m] (step=0025000) Loss=0.7550  Loss_diff=0.1578  Loss_align=1.1943  PhaseW=1.0000  DiffW=1.0000  Feat=0.4893  Attn=0.0529  Spatial=0.0624  a_dino=1.000  a_dino_above_floor=0.950  a_self=0.000  raw_dino=0.578  raw_self=0.422  H=0.949  rKL=5.6675  rGap=0.669  mask_self=0.000  gate_self_state=0.000  Lfused=0.5469  LfusedProbe=0.5438  Ldino=0.5438  Lself=0.0946  U_dino=0.0000  U_self=0.1603  UselfEMA=0.0000  UselfEMA_on=0.0000  UselfEMA_off=0.0000  ProbeN=800  SelfProbeN=600  dino_starved=0  dino_starved_alarm=0  dino_starved_windows=0  dual_alive=0  synergy_margin=-0.4492  synergy=0  alarm=0  mitigate=0  mitigateW=0  eff_λ=0.500000  Steps/s=0.82
[[34m2026-04-18 01:51:01[0m] Saved checkpoint to /data/liuchunfa/2026qjx/s3a_runs/dit_xl_s3a_dinov2_v3_45k_20260417/DiT-XL-2-seed0-20260417-171959-f0d20c-s3a-dinov2-lam0.5-trainpiecewise_cosine-diffcosine/checkpoints/0025000.pt (manifest: /data/liuchunfa/2026qjx/s3a_runs/dit_xl_s3a_dinov2_v3_45k_20260417/DiT-XL-2-seed0-20260417-171959-f0d20c-s3a-dinov2-lam0.5-trainpiecewise_cosine-diffcosine/checkpoints/0025000.pt.sha256.json)
[[34m2026-04-18 01:51:01[0m]   [step=25000] Router output layer reset to zero (post-warmup uniform initialization).
[rank0]:[W418 01:51:02.087117741 reducer.cpp:1400] Warning: find_unused_parameters=True was specified in DDP constructor, but did not find any unused parameters in the forward pass. This flag results in an extra traversal of the autograd graph every iteration,  which can adversely affect performance. If your model indeed never has any unused parameters in the forward pass, consider turning this flag off. Note that this warning may be a false positive if your model has flow control causing later iterations to have unused parameters. (function operator())
[rank2]:[W418 01:51:02.087126616 reducer.cpp:1400] Warning: find_unused_parameters=True was specified in DDP constructor, but did not find any unused parameters in the forward pass. This flag results in an extra traversal of the autograd graph every iteration,  which can adversely affect performance. If your model indeed never has any unused parameters in the forward pass, consider turning this flag off. Note that this warning may be a false positive if your model has flow control causing later iterations to have unused parameters. (function operator())
[rank1]:[W418 01:51:02.087135584 reducer.cpp:1400] Warning: find_unused_parameters=True was specified in DDP constructor, but did not find any unused parameters in the forward pass. This flag results in an extra traversal of the autograd graph every iteration,  which can adversely affect performance. If your model indeed never has any unused parameters in the forward pass, consider turning this flag off. Note that this warning may be a false positive if your model has flow control causing later iterations to have unused parameters. (function operator())
[rank3]:[W418 01:51:02.087268914 reducer.cpp:1400] Warning: find_unused_parameters=True was specified in DDP constructor, but did not find any unused parameters in the forward pass. This flag results in an extra traversal of the autograd graph every iteration,  which can adversely affect performance. If your model indeed never has any unused parameters in the forward pass, consider turning this flag off. Note that this warning may be a false positive if your model has flow control causing later iterations to have unused parameters. (function operator())
[[34m2026-04-18 02:01:18[0m] (step=0025500) Loss=0.4373  Loss_diff=0.1575  Loss_align=0.5595  PhaseW=1.0000  DiffW=1.0000  Feat=0.4884  Attn=0.0528  Spatial=0.0624  a_dino=0.999  a_dino_above_floor=0.949  a_self=0.001  raw_dino=0.967  raw_self=0.033  H=0.099  rKL=0.3834  rGap=0.047  mask_self=0.463  gate_self_state=0.463  Lfused=0.5460  LfusedProbe=0.5418  Ldino=0.5420  Lself=0.0950  U_dino=-0.2031  U_self=0.0166  UselfEMA=0.0003  UselfEMA_on=0.0003  UselfEMA_off=0.0906  ProbeN=800  SelfProbeN=600  dino_starved=0  dino_starved_alarm=0  dino_starved_windows=0  dual_alive=0  synergy_margin=-0.4469  synergy=0  alarm=0  mitigate=0  mitigateW=0  eff_λ=0.500000  Steps/s=0.78
[[34m2026-04-18 02:11:36[0m] (step=0026000) Loss=0.2452  Loss_diff=0.1569  Loss_align=0.1766  PhaseW=1.0000  DiffW=1.0000  Feat=0.1966  Attn=0.0202  Spatial=0.0317  a_dino=0.369  a_dino_above_floor=0.319  a_self=0.631  raw_dino=0.123  raw_self=0.877  H=0.099  rKL=0.0185  rGap=0.054  mask_self=0.750  gate_self_state=0.750  Lfused=0.2226  LfusedProbe=0.2256  Ldino=0.5544  Lself=0.0592  U_dino=-0.0465  U_self=0.3288  UselfEMA=0.3396  UselfEMA_on=0.3396  UselfEMA_off=0.0576  ProbeN=800  SelfProbeN=600  dino_starved=0  dino_starved_alarm=0  dino_starved_windows=0  dual_alive=1  synergy_margin=-0.1665  synergy=0  alarm=0  mitigate=0  mitigateW=0  eff_λ=0.500000  Steps/s=0.81
[[34m2026-04-18 02:21:54[0m] (step=0026500) Loss=0.2231  Loss_diff=0.1575  Loss_align=0.1313  PhaseW=1.0000  DiffW=1.0000  Feat=0.1579  Attn=0.0159  Spatial=0.0271  a_dino=0.287  a_dino_above_floor=0.237  a_self=0.712  raw_dino=0.007  raw_self=0.993  H=0.063  rKL=0.0225  rGap=0.064  mask_self=0.750  gate_self_state=0.750  Lfused=0.1794  LfusedProbe=0.1792  Ldino=0.5552  Lself=0.0529  U_dino=-0.0051  U_self=0.3761  UselfEMA=0.4994  UselfEMA_on=0.4994  UselfEMA_off=0.0576  ProbeN=800  SelfProbeN=600  dino_starved=0  dino_starved_alarm=0  dino_starved_windows=0  dual_alive=1  synergy_margin=-0.1263  synergy=0  alarm=0  mitigate=0  mitigateW=0  eff_λ=0.500000  Steps/s=0.81
[[34m2026-04-18 02:32:12[0m] (step=0027000) Loss=0.2246  Loss_diff=0.1590  Loss_align=0.1312  PhaseW=1.0000  DiffW=1.0000  Feat=0.1574  Attn=0.0159  Spatial=0.0272  a_dino=0.287  a_dino_above_floor=0.237  a_self=0.712  raw_dino=0.007  raw_self=0.993  H=0.062  rKL=0.0227  rGap=0.065  mask_self=0.750  gate_self_state=0.750  Lfused=0.1789  LfusedProbe=0.1793  Ldino=0.5551  Lself=0.0530  U_dino=-0.0052  U_self=0.3757  UselfEMA=0.5015  UselfEMA_on=0.5015  UselfEMA_off=0.0576  ProbeN=800  SelfProbeN=600  dino_starved=0  dino_starved_alarm=0  dino_starved_windows=0  dual_alive=1  synergy_margin=-0.1263  synergy=0  alarm=0  mitigate=0  mitigateW=0  eff_λ=0.500000  Steps/s=0.81
[[34m2026-04-18 02:42:29[0m] (step=0027500) Loss=0.2251  Loss_diff=0.1593  Loss_align=0.1317  PhaseW=1.0000  DiffW=1.0000  Feat=0.1579  Attn=0.0159  Spatial=0.0273  a_dino=0.287  a_dino_above_floor=0.237  a_self=0.712  raw_dino=0.007  raw_self=0.993  H=0.061  rKL=0.0230  rGap=0.065  mask_self=0.750  gate_self_state=0.750  Lfused=0.1795  LfusedProbe=0.1801  Ldino=0.5544  Lself=0.0544  U_dino=-0.0053  U_self=0.3743  UselfEMA=0.5000  UselfEMA_on=0.5000  UselfEMA_off=0.0576  ProbeN=800  SelfProbeN=600  dino_starved=0  dino_starved_alarm=0  dino_starved_windows=0  dual_alive=1  synergy_margin=-0.1257  synergy=0  alarm=0  mitigate=0  mitigateW=0  eff_λ=0.500000  Steps/s=0.81
[[34m2026-04-18 02:52:47[0m] (step=0028000) Loss=0.2214  Loss_diff=0.1550  Loss_align=0.1328  PhaseW=1.0000  DiffW=1.0000  Feat=0.1586  Attn=0.0161  Spatial=0.0274  a_dino=0.287  a_dino_above_floor=0.237  a_self=0.712  raw_dino=0.007  raw_self=0.993  H=0.060  rKL=0.0233  rGap=0.065  mask_self=0.750  gate_self_state=0.750  Lfused=0.1803  LfusedProbe=0.1798  Ldino=0.5536  Lself=0.0540  U_dino=-0.0053  U_self=0.3739  UselfEMA=0.4985  UselfEMA_on=0.4985  UselfEMA_off=0.0576  ProbeN=800  SelfProbeN=600  dino_starved=0  dino_starved_alarm=0  dino_starved_windows=0  dual_alive=1  synergy_margin=-0.1258  synergy=0  alarm=0  mitigate=0  mitigateW=0  eff_λ=0.500000  Steps/s=0.81
[[34m2026-04-18 03:03:10[0m] (step=0028500) Loss=0.2255  Loss_diff=0.1589  Loss_align=0.1332  PhaseW=1.0000  DiffW=1.0000  Feat=0.1586  Attn=0.0161  Spatial=0.0275  a_dino=0.287  a_dino_above_floor=0.237  a_self=0.712  raw_dino=0.007  raw_self=0.993  H=0.059  rKL=0.0235  rGap=0.065  mask_self=0.750  gate_self_state=0.750  Lfused=0.1804  LfusedProbe=0.1804  Ldino=0.5535  Lself=0.0548  U_dino=-0.0053  U_self=0.3731  UselfEMA=0.4976  UselfEMA_on=0.4976  UselfEMA_off=0.0576  ProbeN=800  SelfProbeN=600  dino_starved=0  dino_starved_alarm=0  dino_starved_windows=0  dual_alive=1  synergy_margin=-0.1255  synergy=0  alarm=0  mitigate=0  mitigateW=0  eff_λ=0.500000  Steps/s=0.80
[[34m2026-04-18 03:13:32[0m] (step=0029000) Loss=0.2230  Loss_diff=0.1563  Loss_align=0.1334  PhaseW=1.0000  DiffW=1.0000  Feat=0.1590  Attn=0.0161  Spatial=0.0276  a_dino=0.287  a_dino_above_floor=0.237  a_self=0.712  raw_dino=0.007  raw_self=0.993  H=0.058  rKL=0.0239  rGap=0.065  mask_self=0.750  gate_self_state=0.750  Lfused=0.1808  LfusedProbe=0.1816  Ldino=0.5525  Lself=0.0566  U_dino=-0.0054  U_self=0.3709  UselfEMA=0.4954  UselfEMA_on=0.4954  UselfEMA_off=0.0576  ProbeN=800  SelfProbeN=600  dino_starved=0  dino_starved_alarm=0  dino_starved_windows=0  dual_alive=1  synergy_margin=-0.1250  synergy=0  alarm=0  mitigate=0  mitigateW=0  eff_λ=0.500000  Steps/s=0.80
[[34m2026-04-18 03:23:53[0m] (step=0029500) Loss=0.2248  Loss_diff=0.1577  Loss_align=0.1340  PhaseW=1.0000  DiffW=1.0000  Feat=0.1592  Attn=0.0162  Spatial=0.0276  a_dino=0.287  a_dino_above_floor=0.237  a_self=0.712  raw_dino=0.007  raw_self=0.993  H=0.057  rKL=0.0241  rGap=0.066  mask_self=0.750  gate_self_state=0.750  Lfused=0.1811  LfusedProbe=0.1807  Ldino=0.5520  Lself=0.0555  U_dino=-0.0054  U_self=0.3712  UselfEMA=0.4950  UselfEMA_on=0.4950  UselfEMA_off=0.0576  ProbeN=800  SelfProbeN=600  dino_starved=0  dino_starved_alarm=0  dino_starved_windows=0  dual_alive=1  synergy_margin=-0.1252  synergy=0  alarm=0  mitigate=0  mitigateW=0  eff_λ=0.500000  Steps/s=0.80
[[34m2026-04-18 03:34:15[0m] (step=0030000) Loss=0.2245  Loss_diff=0.1573  Loss_align=0.1342  PhaseW=1.0000  DiffW=1.0000  Feat=0.1595  Attn=0.0162  Spatial=0.0277  a_dino=0.287  a_dino_above_floor=0.237  a_self=0.712  raw_dino=0.006  raw_self=0.994  H=0.056  rKL=0.0242  rGap=0.066  mask_self=0.750  gate_self_state=0.750  Lfused=0.1814  LfusedProbe=0.1823  Ldino=0.5530  Lself=0.0571  U_dino=-0.0054  U_self=0.3707  UselfEMA=0.4939  UselfEMA_on=0.4939  UselfEMA_off=0.0576  ProbeN=800  SelfProbeN=600  dino_starved=0  dino_starved_alarm=0  dino_starved_windows=0  dual_alive=1  synergy_margin=-0.1252  synergy=0  alarm=0  mitigate=0  mitigateW=0  eff_λ=0.500000  Steps/s=0.80
[[34m2026-04-18 03:34:46[0m] Saved checkpoint to /data/liuchunfa/2026qjx/s3a_runs/dit_xl_s3a_dinov2_v3_45k_20260417/DiT-XL-2-seed0-20260417-171959-f0d20c-s3a-dinov2-lam0.5-trainpiecewise_cosine-diffcosine/checkpoints/0030000.pt (manifest: /data/liuchunfa/2026qjx/s3a_runs/dit_xl_s3a_dinov2_v3_45k_20260417/DiT-XL-2-seed0-20260417-171959-f0d20c-s3a-dinov2-lam0.5-trainpiecewise_cosine-diffcosine/checkpoints/0030000.pt.sha256.json)
[[34m2026-04-18 03:35:19[0m] Beginning epoch 3 ...
[[34m2026-04-18 03:45:08[0m] (step=0030500) Loss=0.2233  Loss_diff=0.1559  Loss_align=0.1347  PhaseW=1.0000  DiffW=1.0000  Feat=0.1597  Attn=0.0162  Spatial=0.0278  a_dino=0.287  a_dino_above_floor=0.237  a_self=0.712  raw_dino=0.006  raw_self=0.994  H=0.055  rKL=0.0243  rGap=0.066  mask_self=0.750  gate_self_state=0.750  Lfused=0.1817  LfusedProbe=0.1821  Ldino=0.5519  Lself=0.0572  U_dino=-0.0054  U_self=0.3698  UselfEMA=0.4935  UselfEMA_on=0.4935  UselfEMA_off=0.0576  ProbeN=800  SelfProbeN=600  dino_starved=0  dino_starved_alarm=0  dino_starved_windows=0  dual_alive=1  synergy_margin=-0.1249  synergy=0  alarm=0  mitigate=0  mitigateW=0  eff_λ=0.500000  Steps/s=0.77
[[34m2026-04-18 03:55:30[0m] (step=0031000) Loss=0.2245  Loss_diff=0.1572  Loss_align=0.1347  PhaseW=1.0000  DiffW=1.0000  Feat=0.1595  Attn=0.0162  Spatial=0.0278  a_dino=0.287  a_dino_above_floor=0.237  a_self=0.712  raw_dino=0.006  raw_self=0.994  H=0.055  rKL=0.0243  rGap=0.066  mask_self=0.750  gate_self_state=0.750  Lfused=0.1815  LfusedProbe=0.1823  Ldino=0.5521  Lself=0.0572  U_dino=-0.0055  U_self=0.3698  UselfEMA=0.4927  UselfEMA_on=0.4927  UselfEMA_off=0.0576  ProbeN=800  SelfProbeN=600  dino_starved=0  dino_starved_alarm=0  dino_starved_windows=0  dual_alive=1  synergy_margin=-0.1251  synergy=0  alarm=0  mitigate=0  mitigateW=0  eff_λ=0.500000  Steps/s=0.80
[[34m2026-04-18 04:05:51[0m] (step=0031500) Loss=0.2242  Loss_diff=0.1564  Loss_align=0.1356  PhaseW=1.0000  DiffW=1.0000  Feat=0.1603  Attn=0.0163  Spatial=0.0279  a_dino=0.287  a_dino_above_floor=0.237  a_self=0.712  raw_dino=0.006  raw_self=0.994  H=0.055  rKL=0.0244  rGap=0.066  mask_self=0.750  gate_self_state=0.750  Lfused=0.1824  LfusedProbe=0.1822  Ldino=0.5511  Lself=0.0573  U_dino=-0.0055  U_self=0.3689  UselfEMA=0.4921  UselfEMA_on=0.4921  UselfEMA_off=0.0576  ProbeN=800  SelfProbeN=600  dino_starved=0  dino_starved_alarm=0  dino_starved_windows=0  dual_alive=1  synergy_margin=-0.1249  synergy=0  alarm=0  mitigate=0  mitigateW=0  eff_λ=0.500000  Steps/s=0.80
[[34m2026-04-18 04:16:13[0m] (step=0032000) Loss=0.2240  Loss_diff=0.1556  Loss_align=0.1367  PhaseW=1.0000  DiffW=1.0000  Feat=0.1612  Attn=0.0163  Spatial=0.0280  a_dino=0.287  a_dino_above_floor=0.237  a_self=0.712  raw_dino=0.006  raw_self=0.994  H=0.055  rKL=0.0244  rGap=0.066  mask_self=0.750  gate_self_state=0.750  Lfused=0.1833  LfusedProbe=0.1827  Ldino=0.5484  Lself=0.0591  U_dino=-0.0055  U_self=0.3657  UselfEMA=0.4884  UselfEMA_on=0.4884  UselfEMA_off=0.0576  ProbeN=800  SelfProbeN=600  dino_starved=0  dino_starved_alarm=0  dino_starved_windows=0  dual_alive=1  synergy_margin=-0.1237  synergy=0  alarm=0  mitigate=0  mitigateW=0  eff_λ=0.500000  Steps/s=0.80
[[34m2026-04-18 04:26:34[0m] (step=0032500) Loss=0.2249  Loss_diff=0.1571  Loss_align=0.1356  PhaseW=1.0000  DiffW=1.0000  Feat=0.1601  Attn=0.0163  Spatial=0.0280  a_dino=0.287  a_dino_above_floor=0.237  a_self=0.712  raw_dino=0.006  raw_self=0.994  H=0.055  rKL=0.0243  rGap=0.066  mask_self=0.750  gate_self_state=0.750  Lfused=0.1822  LfusedProbe=0.1825  Ldino=0.5472  Lself=0.0590  U_dino=-0.0055  U_self=0.3647  UselfEMA=0.4868  UselfEMA_on=0.4868  UselfEMA_off=0.0576  ProbeN=800  SelfProbeN=600  dino_starved=0  dino_starved_alarm=0  dino_starved_windows=0  dual_alive=1  synergy_margin=-0.1236  synergy=0  alarm=0  mitigate=0  mitigateW=0  eff_λ=0.500000  Steps/s=0.80
[[34m2026-04-18 04:36:55[0m] (step=0033000) Loss=0.2253  Loss_diff=0.1570  Loss_align=0.1367  PhaseW=1.0000  DiffW=1.0000  Feat=0.1608  Attn=0.0164  Spatial=0.0280  a_dino=0.287  a_dino_above_floor=0.237  a_self=0.712  raw_dino=0.006  raw_self=0.994  H=0.055  rKL=0.0243  rGap=0.066  mask_self=0.750  gate_self_state=0.750  Lfused=0.1830  LfusedProbe=0.1848  Ldino=0.5505  Lself=0.0607  U_dino=-0.0055  U_self=0.3657  UselfEMA=0.4871  UselfEMA_on=0.4871  UselfEMA_off=0.0576  ProbeN=800  SelfProbeN=600  dino_starved=0  dino_starved_alarm=0  dino_starved_windows=0  dual_alive=1  synergy_margin=-0.1241  synergy=0  alarm=0  mitigate=0  mitigateW=0  eff_λ=0.500000  Steps/s=0.81
[[34m2026-04-18 04:47:17[0m] (step=0033500) Loss=0.2255  Loss_diff=0.1571  Loss_align=0.1369  PhaseW=1.0000  DiffW=1.0000  Feat=0.1610  Attn=0.0164  Spatial=0.0281  a_dino=0.287  a_dino_above_floor=0.237  a_self=0.712  raw_dino=0.006  raw_self=0.994  H=0.055  rKL=0.0243  rGap=0.066  mask_self=0.750  gate_self_state=0.750  Lfused=0.1833  LfusedProbe=0.1839  Ldino=0.5487  Lself=0.0601  U_dino=-0.0055  U_self=0.3647  UselfEMA=0.4871  UselfEMA_on=0.4871  UselfEMA_off=0.0576  ProbeN=800  SelfProbeN=600  dino_starved=0  dino_starved_alarm=0  dino_starved_windows=0  dual_alive=1  synergy_margin=-0.1238  synergy=0  alarm=0  mitigate=0  mitigateW=0  eff_λ=0.500000  Steps/s=0.80
[[34m2026-04-18 04:57:39[0m] (step=0034000) Loss=0.2256  Loss_diff=0.1570  Loss_align=0.1372  PhaseW=1.0000  DiffW=1.0000  Feat=0.1614  Attn=0.0164  Spatial=0.0281  a_dino=0.287  a_dino_above_floor=0.237  a_self=0.712  raw_dino=0.006  raw_self=0.994  H=0.055  rKL=0.0243  rGap=0.066  mask_self=0.750  gate_self_state=0.750  Lfused=0.1837  LfusedProbe=0.1843  Ldino=0.5472  Lself=0.0611  U_dino=-0.0055  U_self=0.3629  UselfEMA=0.4835  UselfEMA_on=0.4835  UselfEMA_off=0.0576  ProbeN=800  SelfProbeN=600  dino_starved=0  dino_starved_alarm=0  dino_starved_windows=0  dual_alive=1  synergy_margin=-0.1232  synergy=0  alarm=0  mitigate=0  mitigateW=0  eff_λ=0.500000  Steps/s=0.80
[[34m2026-04-18 05:08:00[0m] (step=0034500) Loss=0.2255  Loss_diff=0.1564  Loss_align=0.1382  PhaseW=1.0000  DiffW=1.0000  Feat=0.1619  Attn=0.0165  Spatial=0.0282  a_dino=0.287  a_dino_above_floor=0.237  a_self=0.712  raw_dino=0.006  raw_self=0.994  H=0.055  rKL=0.0243  rGap=0.066  mask_self=0.750  gate_self_state=0.750  Lfused=0.1842  LfusedProbe=0.1847  Ldino=0.5487  Lself=0.0610  U_dino=-0.0056  U_self=0.3639  UselfEMA=0.4859  UselfEMA_on=0.4859  UselfEMA_off=0.0576  ProbeN=800  SelfProbeN=600  dino_starved=0  dino_starved_alarm=0  dino_starved_windows=0  dual_alive=1  synergy_margin=-0.1237  synergy=0  alarm=0  mitigate=0  mitigateW=0  eff_λ=0.500000  Steps/s=0.80
[[34m2026-04-18 05:18:22[0m] (step=0035000) Loss=0.2273  Loss_diff=0.1585  Loss_align=0.1375  PhaseW=1.0000  DiffW=1.0000  Feat=0.1613  Attn=0.0164  Spatial=0.0282  a_dino=0.287  a_dino_above_floor=0.237  a_self=0.712  raw_dino=0.006  raw_self=0.994  H=0.056  rKL=0.0242  rGap=0.066  mask_self=0.750  gate_self_state=0.750  Lfused=0.1836  LfusedProbe=0.1829  Ldino=0.5456  Lself=0.0596  U_dino=-0.0056  U_self=0.3627  UselfEMA=0.4835  UselfEMA_on=0.4835  UselfEMA_off=0.0576  ProbeN=800  SelfProbeN=600  dino_starved=0  dino_starved_alarm=0  dino_starved_windows=0  dual_alive=1  synergy_margin=-0.1233  synergy=0  alarm=0  mitigate=0  mitigateW=0  eff_λ=0.500000  Steps/s=0.80
[[34m2026-04-18 05:18:54[0m] Saved checkpoint to /data/liuchunfa/2026qjx/s3a_runs/dit_xl_s3a_dinov2_v3_45k_20260417/DiT-XL-2-seed0-20260417-171959-f0d20c-s3a-dinov2-lam0.5-trainpiecewise_cosine-diffcosine/checkpoints/0035000.pt (manifest: /data/liuchunfa/2026qjx/s3a_runs/dit_xl_s3a_dinov2_v3_45k_20260417/DiT-XL-2-seed0-20260417-171959-f0d20c-s3a-dinov2-lam0.5-trainpiecewise_cosine-diffcosine/checkpoints/0035000.pt.sha256.json)
[[34m2026-04-18 05:29:09[0m] (step=0035500) Loss=0.2264  Loss_diff=0.1566  Loss_align=0.1395  PhaseW=1.0000  DiffW=1.0000  Feat=0.1627  Attn=0.0165  Spatial=0.0283  a_dino=0.287  a_dino_above_floor=0.237  a_self=0.712  raw_dino=0.006  raw_self=0.994  H=0.056  rKL=0.0242  rGap=0.066  mask_self=0.750  gate_self_state=0.750  Lfused=0.1851  LfusedProbe=0.1859  Ldino=0.5472  Lself=0.0630  U_dino=-0.0056  U_self=0.3613  UselfEMA=0.4830  UselfEMA_on=0.4830  UselfEMA_off=0.0576  ProbeN=800  SelfProbeN=600  dino_starved=0  dino_starved_alarm=0  dino_starved_windows=0  dual_alive=1  synergy_margin=-0.1229  synergy=0  alarm=0  mitigate=0  mitigateW=0  eff_λ=0.500000  Steps/s=0.77
[[34m2026-04-18 05:39:26[0m] (step=0036000) Loss=0.2251  Loss_diff=0.1557  Loss_align=0.1387  PhaseW=1.0000  DiffW=1.0000  Feat=0.1621  Attn=0.0165  Spatial=0.0283  a_dino=0.287  a_dino_above_floor=0.237  a_self=0.712  raw_dino=0.006  raw_self=0.994  H=0.056  rKL=0.0242  rGap=0.066  mask_self=0.750  gate_self_state=0.750  Lfused=0.1844  LfusedProbe=0.1852  Ldino=0.5454  Lself=0.0626  U_dino=-0.0056  U_self=0.3601  UselfEMA=0.4793  UselfEMA_on=0.4793  UselfEMA_off=0.0576  ProbeN=800  SelfProbeN=600  dino_starved=0  dino_starved_alarm=0  dino_starved_windows=0  dual_alive=1  synergy_margin=-0.1226  synergy=0  alarm=0  mitigate=0  mitigateW=0  eff_λ=0.500000  Steps/s=0.81
[[34m2026-04-18 05:49:42[0m] (step=0036500) Loss=0.2250  Loss_diff=0.1551  Loss_align=0.1398  PhaseW=1.0000  DiffW=1.0000  Feat=0.1630  Attn=0.0165  Spatial=0.0284  a_dino=0.287  a_dino_above_floor=0.237  a_self=0.712  raw_dino=0.006  raw_self=0.994  H=0.056  rKL=0.0242  rGap=0.066  mask_self=0.750  gate_self_state=0.750  Lfused=0.1855  LfusedProbe=0.1850  Ldino=0.5444  Lself=0.0626  U_dino=-0.0056  U_self=0.3594  UselfEMA=0.4793  UselfEMA_on=0.4793  UselfEMA_off=0.0576  ProbeN=800  SelfProbeN=600  dino_starved=0  dino_starved_alarm=0  dino_starved_windows=0  dual_alive=1  synergy_margin=-0.1224  synergy=0  alarm=0  mitigate=0  mitigateW=0  eff_λ=0.500000  Steps/s=0.81
[[34m2026-04-18 05:59:59[0m] (step=0037000) Loss=0.2258  Loss_diff=0.1561  Loss_align=0.1394  PhaseW=1.0000  DiffW=1.0000  Feat=0.1626  Attn=0.0165  Spatial=0.0284  a_dino=0.287  a_dino_above_floor=0.237  a_self=0.712  raw_dino=0.007  raw_self=0.993  H=0.056  rKL=0.0242  rGap=0.066  mask_self=0.750  gate_self_state=0.750  Lfused=0.1851  LfusedProbe=0.1857  Ldino=0.5462  Lself=0.0628  U_dino=-0.0056  U_self=0.3606  UselfEMA=0.4809  UselfEMA_on=0.4809  UselfEMA_off=0.0576  ProbeN=800  SelfProbeN=600  dino_starved=0  dino_starved_alarm=0  dino_starved_windows=0  dual_alive=1  synergy_margin=-0.1229  synergy=0  alarm=0  mitigate=0  mitigateW=0  eff_λ=0.500000  Steps/s=0.81
[[34m2026-04-18 06:10:16[0m] (step=0037500) Loss=0.2269  Loss_diff=0.1571  Loss_align=0.1396  PhaseW=1.0000  DiffW=1.0000  Feat=0.1626  Attn=0.0165  Spatial=0.0285  a_dino=0.287  a_dino_above_floor=0.237  a_self=0.712  raw_dino=0.007  raw_self=0.993  H=0.056  rKL=0.0241  rGap=0.066  mask_self=0.750  gate_self_state=0.750  Lfused=0.1851  LfusedProbe=0.1866  Ldino=0.5462  Lself=0.0640  U_dino=-0.0055  U_self=0.3596  UselfEMA=0.4794  UselfEMA_on=0.4794  UselfEMA_off=0.0576  ProbeN=800  SelfProbeN=600  dino_starved=0  dino_starved_alarm=0  dino_starved_windows=0  dual_alive=1  synergy_margin=-0.1226  synergy=0  alarm=0  mitigate=0  mitigateW=0  eff_λ=0.500000  Steps/s=0.81
[[34m2026-04-18 06:20:34[0m] (step=0038000) Loss=0.2276  Loss_diff=0.1576  Loss_align=0.1399  PhaseW=1.0000  DiffW=1.0000  Feat=0.1627  Attn=0.0166  Spatial=0.0285  a_dino=0.287  a_dino_above_floor=0.237  a_self=0.712  raw_dino=0.007  raw_self=0.993  H=0.057  rKL=0.0241  rGap=0.066  mask_self=0.750  gate_self_state=0.750  Lfused=0.1852  LfusedProbe=0.1850  Ldino=0.5428  Lself=0.0630  U_dino=-0.0055  U_self=0.3578  UselfEMA=0.4787  UselfEMA_on=0.4787  UselfEMA_off=0.0576  ProbeN=800  SelfProbeN=600  dino_starved=0  dino_starved_alarm=0  dino_starved_windows=0  dual_alive=1  synergy_margin=-0.1220  synergy=0  alarm=0  mitigate=0  mitigateW=0  eff_λ=0.500000  Steps/s=0.81
[[34m2026-04-18 06:30:50[0m] (step=0038500) Loss=0.2274  Loss_diff=0.1571  Loss_align=0.1406  PhaseW=1.0000  DiffW=1.0000  Feat=0.1632  Attn=0.0166  Spatial=0.0286  a_dino=0.287  a_dino_above_floor=0.237  a_self=0.712  raw_dino=0.007  raw_self=0.993  H=0.057  rKL=0.0241  rGap=0.066  mask_self=0.750  gate_self_state=0.750  Lfused=0.1858  LfusedProbe=0.1865  Ldino=0.5436  Lself=0.0647  U_dino=-0.0056  U_self=0.3571  UselfEMA=0.4759  UselfEMA_on=0.4759  UselfEMA_off=0.0576  ProbeN=800  SelfProbeN=600  dino_starved=0  dino_starved_alarm=0  dino_starved_windows=0  dual_alive=1  synergy_margin=-0.1218  synergy=0  alarm=0  mitigate=0  mitigateW=0  eff_λ=0.500000  Steps/s=0.81
[[34m2026-04-18 06:41:08[0m] (step=0039000) Loss=0.2274  Loss_diff=0.1569  Loss_align=0.1410  PhaseW=1.0000  DiffW=1.0000  Feat=0.1634  Attn=0.0166  Spatial=0.0286  a_dino=0.287  a_dino_above_floor=0.237  a_self=0.712  raw_dino=0.007  raw_self=0.993  H=0.057  rKL=0.0241  rGap=0.066  mask_self=0.750  gate_self_state=0.750  Lfused=0.1860  LfusedProbe=0.1852  Ldino=0.5411  Lself=0.0639  U_dino=-0.0056  U_self=0.3558  UselfEMA=0.4750  UselfEMA_on=0.4750  UselfEMA_off=0.0576  ProbeN=800  SelfProbeN=600  dino_starved=0  dino_starved_alarm=0  dino_starved_windows=0  dual_alive=1  synergy_margin=-0.1214  synergy=0  alarm=0  mitigate=0  mitigateW=0  eff_λ=0.500000  Steps/s=0.81
[[34m2026-04-18 06:51:25[0m] (step=0039500) Loss=0.2252  Loss_diff=0.1547  Loss_align=0.1410  PhaseW=1.0000  DiffW=1.0000  Feat=0.1637  Attn=0.0166  Spatial=0.0286  a_dino=0.287  a_dino_above_floor=0.237  a_self=0.712  raw_dino=0.007  raw_self=0.993  H=0.057  rKL=0.0241  rGap=0.066  mask_self=0.750  gate_self_state=0.750  Lfused=0.1863  LfusedProbe=0.1875  Ldino=0.5435  Lself=0.0659  U_dino=-0.0056  U_self=0.3560  UselfEMA=0.4739  UselfEMA_on=0.4739  UselfEMA_off=0.0576  ProbeN=800  SelfProbeN=600  dino_starved=0  dino_starved_alarm=0  dino_starved_windows=0  dual_alive=1  synergy_margin=-0.1216  synergy=0  alarm=0  mitigate=0  mitigateW=0  eff_λ=0.500000  Steps/s=0.81
[[34m2026-04-18 07:01:43[0m] (step=0040000) Loss=0.2270  Loss_diff=0.1561  Loss_align=0.1418  PhaseW=1.0000  DiffW=1.0000  Feat=0.1641  Attn=0.0167  Spatial=0.0287  a_dino=0.287  a_dino_above_floor=0.237  a_self=0.712  raw_dino=0.007  raw_self=0.993  H=0.057  rKL=0.0241  rGap=0.066  mask_self=0.750  gate_self_state=0.750  Lfused=0.1868  LfusedProbe=0.1877  Ldino=0.5441  Lself=0.0659  U_dino=-0.0056  U_self=0.3564  UselfEMA=0.4750  UselfEMA_on=0.4750  UselfEMA_off=0.0576  ProbeN=800  SelfProbeN=600  dino_starved=0  dino_starved_alarm=0  dino_starved_windows=0  dual_alive=1  synergy_margin=-0.1218  synergy=0  alarm=0  mitigate=0  mitigateW=0  eff_λ=0.500000  Steps/s=0.81
[[34m2026-04-18 07:02:13[0m] Saved checkpoint to /data/liuchunfa/2026qjx/s3a_runs/dit_xl_s3a_dinov2_v3_45k_20260417/DiT-XL-2-seed0-20260417-171959-f0d20c-s3a-dinov2-lam0.5-trainpiecewise_cosine-diffcosine/checkpoints/0040000.pt (manifest: /data/liuchunfa/2026qjx/s3a_runs/dit_xl_s3a_dinov2_v3_45k_20260417/DiT-XL-2-seed0-20260417-171959-f0d20c-s3a-dinov2-lam0.5-trainpiecewise_cosine-diffcosine/checkpoints/0040000.pt.sha256.json)
[[34m2026-04-18 07:02:57[0m] Beginning epoch 4 ...
[[34m2026-04-18 07:12:35[0m] (step=0040500) Loss=0.2276  Loss_diff=0.1568  Loss_align=0.1417  PhaseW=1.0000  DiffW=1.0000  Feat=0.1640  Attn=0.0167  Spatial=0.0287  a_dino=0.287  a_dino_above_floor=0.237  a_self=0.712  raw_dino=0.007  raw_self=0.993  H=0.057  rKL=0.0240  rGap=0.066  mask_self=0.750  gate_self_state=0.750  Lfused=0.1867  LfusedProbe=0.1879  Ldino=0.5406  Lself=0.0676  U_dino=-0.0056  U_self=0.3526  UselfEMA=0.4710  UselfEMA_on=0.4710  UselfEMA_off=0.0576  ProbeN=800  SelfProbeN=600  dino_starved=0  dino_starved_alarm=0  dino_starved_windows=0  dual_alive=1  synergy_margin=-0.1204  synergy=0  alarm=0  mitigate=0  mitigateW=0  eff_λ=0.500000  Steps/s=0.77
[[34m2026-04-18 07:22:58[0m] (step=0041000) Loss=0.2259  Loss_diff=0.1549  Loss_align=0.1421  PhaseW=1.0000  DiffW=1.0000  Feat=0.1642  Attn=0.0167  Spatial=0.0288  a_dino=0.287  a_dino_above_floor=0.237  a_self=0.712  raw_dino=0.007  raw_self=0.993  H=0.057  rKL=0.0240  rGap=0.066  mask_self=0.750  gate_self_state=0.750  Lfused=0.1870  LfusedProbe=0.1868  Ldino=0.5413  Lself=0.0658  U_dino=-0.0056  U_self=0.3545  UselfEMA=0.4722  UselfEMA_on=0.4722  UselfEMA_off=0.0576  ProbeN=800  SelfProbeN=600  dino_starved=0  dino_starved_alarm=0  dino_starved_windows=0  dual_alive=1  synergy_margin=-0.1210  synergy=0  alarm=0  mitigate=0  mitigateW=0  eff_λ=0.500000  Steps/s=0.80
[[34m2026-04-18 07:33:20[0m] (step=0041500) Loss=0.2263  Loss_diff=0.1548  Loss_align=0.1429  PhaseW=1.0000  DiffW=1.0000  Feat=0.1647  Attn=0.0168  Spatial=0.0288  a_dino=0.287  a_dino_above_floor=0.237  a_self=0.712  raw_dino=0.007  raw_self=0.993  H=0.057  rKL=0.0241  rGap=0.066  mask_self=0.750  gate_self_state=0.750  Lfused=0.1875  LfusedProbe=0.1883  Ldino=0.5428  Lself=0.0672  U_dino=-0.0056  U_self=0.3544  UselfEMA=0.4732  UselfEMA_on=0.4732  UselfEMA_off=0.0576  ProbeN=800  SelfProbeN=600  dino_starved=0  dino_starved_alarm=0  dino_starved_windows=0  dual_alive=1  synergy_margin=-0.1211  synergy=0  alarm=0  mitigate=0  mitigateW=0  eff_λ=0.500000  Steps/s=0.80
[[34m2026-04-18 07:43:42[0m] (step=0042000) Loss=0.2268  Loss_diff=0.1554  Loss_align=0.1428  PhaseW=1.0000  DiffW=1.0000  Feat=0.1647  Attn=0.0167  Spatial=0.0289  a_dino=0.287  a_dino_above_floor=0.237  a_self=0.712  raw_dino=0.007  raw_self=0.993  H=0.058  rKL=0.0240  rGap=0.066  mask_self=0.750  gate_self_state=0.750  Lfused=0.1875  LfusedProbe=0.1888  Ldino=0.5422  Lself=0.0682  U_dino=-0.0056  U_self=0.3534  UselfEMA=0.4709  UselfEMA_on=0.4709  UselfEMA_off=0.0576  ProbeN=800  SelfProbeN=600  dino_starved=0  dino_starved_alarm=0  dino_starved_windows=0  dual_alive=1  synergy_margin=-0.1207  synergy=0  alarm=0  mitigate=0  mitigateW=0  eff_λ=0.500000  Steps/s=0.80
[[34m2026-04-18 07:54:05[0m] (step=0042500) Loss=0.2272  Loss_diff=0.1555  Loss_align=0.1434  PhaseW=1.0000  DiffW=1.0000  Feat=0.1650  Attn=0.0168  Spatial=0.0289  a_dino=0.287  a_dino_above_floor=0.237  a_self=0.712  raw_dino=0.007  raw_self=0.993  H=0.058  rKL=0.0240  rGap=0.065  mask_self=0.750  gate_self_state=0.750  Lfused=0.1879  LfusedProbe=0.1874  Ldino=0.5406  Lself=0.0667  U_dino=-0.0056  U_self=0.3532  UselfEMA=0.4708  UselfEMA_on=0.4708  UselfEMA_off=0.0576  ProbeN=800  SelfProbeN=600  dino_starved=0  dino_starved_alarm=0  dino_starved_windows=0  dual_alive=1  synergy_margin=-0.1207  synergy=0  alarm=0  mitigate=0  mitigateW=0  eff_λ=0.500000  Steps/s=0.80
[[34m2026-04-18 08:04:27[0m] (step=0043000) Loss=0.2266  Loss_diff=0.1548  Loss_align=0.1436  PhaseW=1.0000  DiffW=1.0000  Feat=0.1651  Attn=0.0168  Spatial=0.0289  a_dino=0.287  a_dino_above_floor=0.237  a_self=0.712  raw_dino=0.007  raw_self=0.993  H=0.058  rKL=0.0240  rGap=0.065  mask_self=0.750  gate_self_state=0.750  Lfused=0.1879  LfusedProbe=0.1891  Ldino=0.5402  Lself=0.0692  U_dino=-0.0056  U_self=0.3511  UselfEMA=0.4691  UselfEMA_on=0.4691  UselfEMA_off=0.0576  ProbeN=800  SelfProbeN=600  dino_starved=0  dino_starved_alarm=0  dino_starved_windows=0  dual_alive=1  synergy_margin=-0.1199  synergy=0  alarm=0  mitigate=0  mitigateW=0  eff_λ=0.500000  Steps/s=0.80
[[34m2026-04-18 08:14:49[0m] (step=0043500) Loss=0.2273  Loss_diff=0.1554  Loss_align=0.1438  PhaseW=1.0000  DiffW=1.0000  Feat=0.1653  Attn=0.0168  Spatial=0.0290  a_dino=0.287  a_dino_above_floor=0.237  a_self=0.712  raw_dino=0.007  raw_self=0.993  H=0.058  rKL=0.0240  rGap=0.065  mask_self=0.750  gate_self_state=0.750  Lfused=0.1882  LfusedProbe=0.1893  Ldino=0.5405  Lself=0.0691  U_dino=-0.0056  U_self=0.3512  UselfEMA=0.4682  UselfEMA_on=0.4682  UselfEMA_off=0.0576  ProbeN=800  SelfProbeN=600  dino_starved=0  dino_starved_alarm=0  dino_starved_windows=0  dual_alive=1  synergy_margin=-0.1202  synergy=0  alarm=0  mitigate=0  mitigateW=0  eff_λ=0.500000  Steps/s=0.80
[[34m2026-04-18 08:25:11[0m] (step=0044000) Loss=0.2269  Loss_diff=0.1551  Loss_align=0.1436  PhaseW=1.0000  DiffW=1.0000  Feat=0.1650  Attn=0.0168  Spatial=0.0290  a_dino=0.287  a_dino_above_floor=0.237  a_self=0.712  raw_dino=0.007  raw_self=0.993  H=0.059  rKL=0.0240  rGap=0.065  mask_self=0.750  gate_self_state=0.750  Lfused=0.1879  LfusedProbe=0.1878  Ldino=0.5360  Lself=0.0689  U_dino=-0.0056  U_self=0.3482  UselfEMA=0.4655  UselfEMA_on=0.4655  UselfEMA_off=0.0576  ProbeN=800  SelfProbeN=600  dino_starved=0  dino_starved_alarm=0  dino_starved_windows=0  dual_alive=1  synergy_margin=-0.1190  synergy=0  alarm=0  mitigate=0  mitigateW=0  eff_λ=0.500000  Steps/s=0.80
[[34m2026-04-18 08:35:34[0m] (step=0044500) Loss=0.2277  Loss_diff=0.1556  Loss_align=0.1442  PhaseW=1.0000  DiffW=1.0000  Feat=0.1655  Attn=0.0168  Spatial=0.0290  a_dino=0.287  a_dino_above_floor=0.237  a_self=0.712  raw_dino=0.007  raw_self=0.993  H=0.059  rKL=0.0239  rGap=0.065  mask_self=0.750  gate_self_state=0.750  Lfused=0.1884  LfusedProbe=0.1874  Ldino=0.5375  Lself=0.0678  U_dino=-0.0055  U_self=0.3501  UselfEMA=0.4657  UselfEMA_on=0.4657  UselfEMA_off=0.0576  ProbeN=800  SelfProbeN=600  dino_starved=0  dino_starved_alarm=0  dino_starved_windows=0  dual_alive=1  synergy_margin=-0.1196  synergy=0  alarm=0  mitigate=0  mitigateW=0  eff_λ=0.500000  Steps/s=0.80
[[34m2026-04-18 08:45:57[0m] (step=0045000) Loss=0.2282  Loss_diff=0.1559  Loss_align=0.1445  PhaseW=1.0000  DiffW=1.0000  Feat=0.1657  Attn=0.0168  Spatial=0.0291  a_dino=0.287  a_dino_above_floor=0.237  a_self=0.712  raw_dino=0.007  raw_self=0.993  H=0.059  rKL=0.0239  rGap=0.065  mask_self=0.750  gate_self_state=0.750  Lfused=0.1887  LfusedProbe=0.1896  Ldino=0.5391  Lself=0.0700  U_dino=-0.0056  U_self=0.3495  UselfEMA=0.4660  UselfEMA_on=0.4660  UselfEMA_off=0.0576  ProbeN=800  SelfProbeN=600  dino_starved=0  dino_starved_alarm=0  dino_starved_windows=0  dual_alive=1  synergy_margin=-0.1196  synergy=0  alarm=0  mitigate=0  mitigateW=0  eff_λ=0.500000  Steps/s=0.80
[[34m2026-04-18 08:46:28[0m] Saved checkpoint to /data/liuchunfa/2026qjx/s3a_runs/dit_xl_s3a_dinov2_v3_45k_20260417/DiT-XL-2-seed0-20260417-171959-f0d20c-s3a-dinov2-lam0.5-trainpiecewise_cosine-diffcosine/checkpoints/0045000.pt (manifest: /data/liuchunfa/2026qjx/s3a_runs/dit_xl_s3a_dinov2_v3_45k_20260417/DiT-XL-2-seed0-20260417-171959-f0d20c-s3a-dinov2-lam0.5-trainpiecewise_cosine-diffcosine/checkpoints/0045000.pt.sha256.json)
[[34m2026-04-18 08:47:01[0m] Reached max_steps=45000. Saved final checkpoint to /data/liuchunfa/2026qjx/s3a_runs/dit_xl_s3a_dinov2_v3_45k_20260417/DiT-XL-2-seed0-20260417-171959-f0d20c-s3a-dinov2-lam0.5-trainpiecewise_cosine-diffcosine/checkpoints/0045000.pt (manifest: /data/liuchunfa/2026qjx/s3a_runs/dit_xl_s3a_dinov2_v3_45k_20260417/DiT-XL-2-seed0-20260417-171959-f0d20c-s3a-dinov2-lam0.5-trainpiecewise_cosine-diffcosine/checkpoints/0045000.pt.sha256.json)
[[34m2026-04-18 08:47:01[0m] Done!
